---------------------------------------
Begin Slurm Prolog: Mar-08-2024 09:33:25
Job ID:    5173540
User ID:   smanasreh6
Account:   gts-sbryngelson3
Job name:  run.sh
Partition: cpu-small
QOS:       embers
---------------------------------------
rm -f *.o *.mod *.a core*
make: `.depend' is up to date.
mpif90 -fallow-argument-mismatch -freal-4-real-8  -O3  -I/storage/home/hcoda1/4/smanasreh6/RBC3D/common -I/storage/home/hcoda1/4/smanasreh6/RBC3D/packages/mkl/interfaces/lapack95/obj -I/storage/home/hcoda1/4/smanasreh6/RBC3D/packages/LAPACK95/lapack95_modules -I/storage/home/hcoda1/4/smanasreh6/RBC3D/packages/mypetsc/include -I/usr/local/pace-apps/spack/packages/linux-rhel7-x86_64/gcc-10.3.0/netcdf-fortran-4.5.4-yx5osuxluenmuvr3xnahmosfr3abeu2p/include -c ModDataTypes.F90
mpif90 -fallow-argument-mismatch -freal-4-real-8  -O3  -I/storage/home/hcoda1/4/smanasreh6/RBC3D/common -I/storage/home/hcoda1/4/smanasreh6/RBC3D/packages/mkl/interfaces/lapack95/obj -I/storage/home/hcoda1/4/smanasreh6/RBC3D/packages/LAPACK95/lapack95_modules -I/storage/home/hcoda1/4/smanasreh6/RBC3D/packages/mypetsc/include -I/usr/local/pace-apps/spack/packages/linux-rhel7-x86_64/gcc-10.3.0/netcdf-fortran-4.5.4-yx5osuxluenmuvr3xnahmosfr3abeu2p/include -c ModFFT.F90
mpif90 -fallow-argument-mismatch -freal-4-real-8  -O3  -I/storage/home/hcoda1/4/smanasreh6/RBC3D/common -I/storage/home/hcoda1/4/smanasreh6/RBC3D/packages/mkl/interfaces/lapack95/obj -I/storage/home/hcoda1/4/smanasreh6/RBC3D/packages/LAPACK95/lapack95_modules -I/storage/home/hcoda1/4/smanasreh6/RBC3D/packages/mypetsc/include -I/usr/local/pace-apps/spack/packages/linux-rhel7-x86_64/gcc-10.3.0/netcdf-fortran-4.5.4-yx5osuxluenmuvr3xnahmosfr3abeu2p/include -c ModDataStruct.F90
mpif90 -fallow-argument-mismatch -freal-4-real-8  -O3  -I/storage/home/hcoda1/4/smanasreh6/RBC3D/common -I/storage/home/hcoda1/4/smanasreh6/RBC3D/packages/mkl/interfaces/lapack95/obj -I/storage/home/hcoda1/4/smanasreh6/RBC3D/packages/LAPACK95/lapack95_modules -I/storage/home/hcoda1/4/smanasreh6/RBC3D/packages/mypetsc/include -I/usr/local/pace-apps/spack/packages/linux-rhel7-x86_64/gcc-10.3.0/netcdf-fortran-4.5.4-yx5osuxluenmuvr3xnahmosfr3abeu2p/include -c ModConf.F90
ModConf.F90:579:24:

  565 |     call MPI_AllGatherV(ia, sendcount, MPI_INTEGER, &
      |                        2
......
  579 |     call MPI_AllGatherV(aSend, sendcount, MPI_WP, &
      |                        1
Warning: Type mismatch between actual argument at (1) and actual argument at (2) (REAL(8)/INTEGER(4)).
ModConf.F90:403:21:

  384 |       call MPI_Bcast(rc_Ewd, 1, MPI_WP, 0, MPI_Comm_Ewald, ierr)
      |                     2
......
  403 |       call MPI_Bcast(Nb_Ewd, 3, MPI_Integer, 0, MPI_Comm_Ewald, ierr)
      |                     1
Warning: Type mismatch between actual argument at (1) and actual argument at (2) (INTEGER(4)/REAL(8)).
ModConf.F90:290:19:

  290 |     call MPI_Bcast(viscRat, nCellTypes, MPI_WP, 0, MPI_COMM_WORLD, ierr)
      |                   1
......
  384 |       call MPI_Bcast(rc_Ewd, 1, MPI_WP, 0, MPI_Comm_Ewald, ierr)
      |                     2
Warning: Rank mismatch between actual argument at (1) and actual argument at (2) (scalar and rank-1)
ModConf.F90:291:19:

  291 |     call MPI_Bcast(refRad, nCellTypes, MPI_WP, 0, MPI_COMM_WORLD, ierr)
      |                   1
......
  384 |       call MPI_Bcast(rc_Ewd, 1, MPI_WP, 0, MPI_Comm_Ewald, ierr)
      |                     2
Warning: Rank mismatch between actual argument at (1) and actual argument at (2) (scalar and rank-1)
ModConf.F90:296:19:

  296 |     call MPI_Bcast(pgradTar, 3, MPI_WP, 0, MPI_Comm_World, ierr)
      |                   1
......
  384 |       call MPI_Bcast(rc_Ewd, 1, MPI_WP, 0, MPI_Comm_Ewald, ierr)
      |                     2
Warning: Rank mismatch between actual argument at (1) and actual argument at (2) (scalar and rank-1)
ModConf.F90:314:19:

  314 |     call MPI_Bcast(fmags, 4, MPI_WP, 0, MPI_Comm_World, ierr)
      |                   1
......
  384 |       call MPI_Bcast(rc_Ewd, 1, MPI_WP, 0, MPI_Comm_Ewald, ierr)
      |                     2
Warning: Rank mismatch between actual argument at (1) and actual argument at (2) (scalar and rank-1)
ModConf.F90:136:22:

  135 |         call MPI_Recv(lenname, 1, MPI_Integer, i, 1, MPI_Comm_World, stat, ierr)
      |                      2
  136 |         call MPI_Recv(machinename, lenname, MPI_Character, i, 1, MPI_Comm_World, stat, ierr)
      |                      1
Warning: Type mismatch between actual argument at (1) and actual argument at (2) (CHARACTER(127)/INTEGER(4)).
ModConf.F90:141:20:

  140 |       call MPI_Send(lenname, 1, MPI_Integer, 0, 1, MPI_Comm_World, stat, ierr)
      |                    2
  141 |       call MPI_Send(machinename, lenname, MPI_Character, 0, 1, MPI_Comm_World, stat, ierr)
      |                    1
Warning: Type mismatch between actual argument at (1) and actual argument at (2) (CHARACTER(127)/INTEGER(4)).
mpif90 -fallow-argument-mismatch -freal-4-real-8  -O3  -I/storage/home/hcoda1/4/smanasreh6/RBC3D/common -I/storage/home/hcoda1/4/smanasreh6/RBC3D/packages/mkl/interfaces/lapack95/obj -I/storage/home/hcoda1/4/smanasreh6/RBC3D/packages/LAPACK95/lapack95_modules -I/storage/home/hcoda1/4/smanasreh6/RBC3D/packages/mypetsc/include -I/usr/local/pace-apps/spack/packages/linux-rhel7-x86_64/gcc-10.3.0/netcdf-fortran-4.5.4-yx5osuxluenmuvr3xnahmosfr3abeu2p/include -c ModQuadRule.F90
mpif90 -fallow-argument-mismatch -freal-4-real-8  -O3  -I/storage/home/hcoda1/4/smanasreh6/RBC3D/common -I/storage/home/hcoda1/4/smanasreh6/RBC3D/packages/mkl/interfaces/lapack95/obj -I/storage/home/hcoda1/4/smanasreh6/RBC3D/packages/LAPACK95/lapack95_modules -I/storage/home/hcoda1/4/smanasreh6/RBC3D/packages/mypetsc/include -I/usr/local/pace-apps/spack/packages/linux-rhel7-x86_64/gcc-10.3.0/netcdf-fortran-4.5.4-yx5osuxluenmuvr3xnahmosfr3abeu2p/include -c ModBasicMath.F90
mpif90 -fallow-argument-mismatch -freal-4-real-8  -O3  -I/storage/home/hcoda1/4/smanasreh6/RBC3D/common -I/storage/home/hcoda1/4/smanasreh6/RBC3D/packages/mkl/interfaces/lapack95/obj -I/storage/home/hcoda1/4/smanasreh6/RBC3D/packages/LAPACK95/lapack95_modules -I/storage/home/hcoda1/4/smanasreh6/RBC3D/packages/mypetsc/include -I/usr/local/pace-apps/spack/packages/linux-rhel7-x86_64/gcc-10.3.0/netcdf-fortran-4.5.4-yx5osuxluenmuvr3xnahmosfr3abeu2p/include -c ModPolarPatch.F90
mpif90 -fallow-argument-mismatch -freal-4-real-8  -O3  -I/storage/home/hcoda1/4/smanasreh6/RBC3D/common -I/storage/home/hcoda1/4/smanasreh6/RBC3D/packages/mkl/interfaces/lapack95/obj -I/storage/home/hcoda1/4/smanasreh6/RBC3D/packages/LAPACK95/lapack95_modules -I/storage/home/hcoda1/4/smanasreh6/RBC3D/packages/mypetsc/include -I/usr/local/pace-apps/spack/packages/linux-rhel7-x86_64/gcc-10.3.0/netcdf-fortran-4.5.4-yx5osuxluenmuvr3xnahmosfr3abeu2p/include -c ModSpline.F90
mpif90 -fallow-argument-mismatch -freal-4-real-8  -O3  -I/storage/home/hcoda1/4/smanasreh6/RBC3D/common -I/storage/home/hcoda1/4/smanasreh6/RBC3D/packages/mkl/interfaces/lapack95/obj -I/storage/home/hcoda1/4/smanasreh6/RBC3D/packages/LAPACK95/lapack95_modules -I/storage/home/hcoda1/4/smanasreh6/RBC3D/packages/mypetsc/include -I/usr/local/pace-apps/spack/packages/linux-rhel7-x86_64/gcc-10.3.0/netcdf-fortran-4.5.4-yx5osuxluenmuvr3xnahmosfr3abeu2p/include -c ModEwaldFunc.F90
mpif90 -fallow-argument-mismatch -freal-4-real-8  -O3  -I/storage/home/hcoda1/4/smanasreh6/RBC3D/common -I/storage/home/hcoda1/4/smanasreh6/RBC3D/packages/mkl/interfaces/lapack95/obj -I/storage/home/hcoda1/4/smanasreh6/RBC3D/packages/LAPACK95/lapack95_modules -I/storage/home/hcoda1/4/smanasreh6/RBC3D/packages/mypetsc/include -I/usr/local/pace-apps/spack/packages/linux-rhel7-x86_64/gcc-10.3.0/netcdf-fortran-4.5.4-yx5osuxluenmuvr3xnahmosfr3abeu2p/include -c ModRbcSingInt.F90
mpif90 -fallow-argument-mismatch -freal-4-real-8  -O3  -I/storage/home/hcoda1/4/smanasreh6/RBC3D/common -I/storage/home/hcoda1/4/smanasreh6/RBC3D/packages/mkl/interfaces/lapack95/obj -I/storage/home/hcoda1/4/smanasreh6/RBC3D/packages/LAPACK95/lapack95_modules -I/storage/home/hcoda1/4/smanasreh6/RBC3D/packages/mypetsc/include -I/usr/local/pace-apps/spack/packages/linux-rhel7-x86_64/gcc-10.3.0/netcdf-fortran-4.5.4-yx5osuxluenmuvr3xnahmosfr3abeu2p/include -c ModHashTable.F90
mpif90 -fallow-argument-mismatch -freal-4-real-8  -O3  -I/storage/home/hcoda1/4/smanasreh6/RBC3D/common -I/storage/home/hcoda1/4/smanasreh6/RBC3D/packages/mkl/interfaces/lapack95/obj -I/storage/home/hcoda1/4/smanasreh6/RBC3D/packages/LAPACK95/lapack95_modules -I/storage/home/hcoda1/4/smanasreh6/RBC3D/packages/mypetsc/include -I/usr/local/pace-apps/spack/packages/linux-rhel7-x86_64/gcc-10.3.0/netcdf-fortran-4.5.4-yx5osuxluenmuvr3xnahmosfr3abeu2p/include -c ModTargetList.F90
mpif90 -fallow-argument-mismatch -freal-4-real-8  -O3  -I/storage/home/hcoda1/4/smanasreh6/RBC3D/common -I/storage/home/hcoda1/4/smanasreh6/RBC3D/packages/mkl/interfaces/lapack95/obj -I/storage/home/hcoda1/4/smanasreh6/RBC3D/packages/LAPACK95/lapack95_modules -I/storage/home/hcoda1/4/smanasreh6/RBC3D/packages/mypetsc/include -I/usr/local/pace-apps/spack/packages/linux-rhel7-x86_64/gcc-10.3.0/netcdf-fortran-4.5.4-yx5osuxluenmuvr3xnahmosfr3abeu2p/include -c ModSourceList.F90
mpif90 -fallow-argument-mismatch -freal-4-real-8  -O3  -I/storage/home/hcoda1/4/smanasreh6/RBC3D/common -I/storage/home/hcoda1/4/smanasreh6/RBC3D/packages/mkl/interfaces/lapack95/obj -I/storage/home/hcoda1/4/smanasreh6/RBC3D/packages/LAPACK95/lapack95_modules -I/storage/home/hcoda1/4/smanasreh6/RBC3D/packages/mypetsc/include -I/usr/local/pace-apps/spack/packages/linux-rhel7-x86_64/gcc-10.3.0/netcdf-fortran-4.5.4-yx5osuxluenmuvr3xnahmosfr3abeu2p/include -c ModData.F90
mpif90 -fallow-argument-mismatch -freal-4-real-8  -O3  -I/storage/home/hcoda1/4/smanasreh6/RBC3D/common -I/storage/home/hcoda1/4/smanasreh6/RBC3D/packages/mkl/interfaces/lapack95/obj -I/storage/home/hcoda1/4/smanasreh6/RBC3D/packages/LAPACK95/lapack95_modules -I/storage/home/hcoda1/4/smanasreh6/RBC3D/packages/mypetsc/include -I/usr/local/pace-apps/spack/packages/linux-rhel7-x86_64/gcc-10.3.0/netcdf-fortran-4.5.4-yx5osuxluenmuvr3xnahmosfr3abeu2p/include -c ModIntOnWalls.F90
mpif90 -fallow-argument-mismatch -freal-4-real-8  -O3  -I/storage/home/hcoda1/4/smanasreh6/RBC3D/common -I/storage/home/hcoda1/4/smanasreh6/RBC3D/packages/mkl/interfaces/lapack95/obj -I/storage/home/hcoda1/4/smanasreh6/RBC3D/packages/LAPACK95/lapack95_modules -I/storage/home/hcoda1/4/smanasreh6/RBC3D/packages/mypetsc/include -I/usr/local/pace-apps/spack/packages/linux-rhel7-x86_64/gcc-10.3.0/netcdf-fortran-4.5.4-yx5osuxluenmuvr3xnahmosfr3abeu2p/include -c ModRepulsion.F90
ModRepulsion.F90:453:27:

  451 |         call MPI_AllReduce(distMin, distMin_Glb, 1, MPI_WP, MPI_MIN, MPI_COMM_WORLD, ierr)
      |                           2
  452 |         if (distMin .ne. distMin_Glb) dx = HUGE(dx)
  453 |         call MPI_AllReduce(dx, dx, 3, MPI_WP, MPI_MIN, MPI_COMM_WORLD, ierr)
      |                           1
Warning: Rank mismatch between actual argument at (1) and actual argument at (2) (scalar and rank-1)
ModRepulsion.F90:337:23:

  337 |     call MPI_AllReduce(cntDx, cntDx_Glb, 1, MPI_INTEGER, MPI_SUM, MPI_COMM_WORLD, ierr)
      |                       1
......
  451 |         call MPI_AllReduce(distMin, distMin_Glb, 1, MPI_WP, MPI_MIN, MPI_COMM_WORLD, ierr)
      |                           2
Warning: Type mismatch between actual argument at (1) and actual argument at (2) (INTEGER(4)/REAL(8)).
mpif90 -fallow-argument-mismatch -freal-4-real-8  -O3  -I/storage/home/hcoda1/4/smanasreh6/RBC3D/common -I/storage/home/hcoda1/4/smanasreh6/RBC3D/packages/mkl/interfaces/lapack95/obj -I/storage/home/hcoda1/4/smanasreh6/RBC3D/packages/LAPACK95/lapack95_modules -I/storage/home/hcoda1/4/smanasreh6/RBC3D/packages/mypetsc/include -I/usr/local/pace-apps/spack/packages/linux-rhel7-x86_64/gcc-10.3.0/netcdf-fortran-4.5.4-yx5osuxluenmuvr3xnahmosfr3abeu2p/include -c ModIntOnRbcs.F90
mpif90 -fallow-argument-mismatch -freal-4-real-8  -O3  -I/storage/home/hcoda1/4/smanasreh6/RBC3D/common -I/storage/home/hcoda1/4/smanasreh6/RBC3D/packages/mkl/interfaces/lapack95/obj -I/storage/home/hcoda1/4/smanasreh6/RBC3D/packages/LAPACK95/lapack95_modules -I/storage/home/hcoda1/4/smanasreh6/RBC3D/packages/mypetsc/include -I/usr/local/pace-apps/spack/packages/linux-rhel7-x86_64/gcc-10.3.0/netcdf-fortran-4.5.4-yx5osuxluenmuvr3xnahmosfr3abeu2p/include -c ModPFFTW.F90
mpif90 -fallow-argument-mismatch -freal-4-real-8  -O3  -I/storage/home/hcoda1/4/smanasreh6/RBC3D/common -I/storage/home/hcoda1/4/smanasreh6/RBC3D/packages/mkl/interfaces/lapack95/obj -I/storage/home/hcoda1/4/smanasreh6/RBC3D/packages/LAPACK95/lapack95_modules -I/storage/home/hcoda1/4/smanasreh6/RBC3D/packages/mypetsc/include -I/usr/local/pace-apps/spack/packages/linux-rhel7-x86_64/gcc-10.3.0/netcdf-fortran-4.5.4-yx5osuxluenmuvr3xnahmosfr3abeu2p/include -c ModPME.F90
mpif90 -fallow-argument-mismatch -freal-4-real-8  -O3  -I/storage/home/hcoda1/4/smanasreh6/RBC3D/common -I/storage/home/hcoda1/4/smanasreh6/RBC3D/packages/mkl/interfaces/lapack95/obj -I/storage/home/hcoda1/4/smanasreh6/RBC3D/packages/LAPACK95/lapack95_modules -I/storage/home/hcoda1/4/smanasreh6/RBC3D/packages/mypetsc/include -I/usr/local/pace-apps/spack/packages/linux-rhel7-x86_64/gcc-10.3.0/netcdf-fortran-4.5.4-yx5osuxluenmuvr3xnahmosfr3abeu2p/include -c ModPostProcess.F90
mpif90 -fallow-argument-mismatch -freal-4-real-8  -O3  -I/storage/home/hcoda1/4/smanasreh6/RBC3D/common -I/storage/home/hcoda1/4/smanasreh6/RBC3D/packages/mkl/interfaces/lapack95/obj -I/storage/home/hcoda1/4/smanasreh6/RBC3D/packages/LAPACK95/lapack95_modules -I/storage/home/hcoda1/4/smanasreh6/RBC3D/packages/mypetsc/include -I/usr/local/pace-apps/spack/packages/linux-rhel7-x86_64/gcc-10.3.0/netcdf-fortran-4.5.4-yx5osuxluenmuvr3xnahmosfr3abeu2p/include -c ModSphpk.F90
mpif90 -fallow-argument-mismatch -freal-4-real-8  -O3  -I/storage/home/hcoda1/4/smanasreh6/RBC3D/common -I/storage/home/hcoda1/4/smanasreh6/RBC3D/packages/mkl/interfaces/lapack95/obj -I/storage/home/hcoda1/4/smanasreh6/RBC3D/packages/LAPACK95/lapack95_modules -I/storage/home/hcoda1/4/smanasreh6/RBC3D/packages/mypetsc/include -I/usr/local/pace-apps/spack/packages/linux-rhel7-x86_64/gcc-10.3.0/netcdf-fortran-4.5.4-yx5osuxluenmuvr3xnahmosfr3abeu2p/include -c ModWall.F90
mpif90 -fallow-argument-mismatch -freal-4-real-8  -O3  -I/storage/home/hcoda1/4/smanasreh6/RBC3D/common -I/storage/home/hcoda1/4/smanasreh6/RBC3D/packages/mkl/interfaces/lapack95/obj -I/storage/home/hcoda1/4/smanasreh6/RBC3D/packages/LAPACK95/lapack95_modules -I/storage/home/hcoda1/4/smanasreh6/RBC3D/packages/mypetsc/include -I/usr/local/pace-apps/spack/packages/linux-rhel7-x86_64/gcc-10.3.0/netcdf-fortran-4.5.4-yx5osuxluenmuvr3xnahmosfr3abeu2p/include -c ModPolyRoots.F90
mpif90 -fallow-argument-mismatch -freal-4-real-8  -O3  -I/storage/home/hcoda1/4/smanasreh6/RBC3D/common -I/storage/home/hcoda1/4/smanasreh6/RBC3D/packages/mkl/interfaces/lapack95/obj -I/storage/home/hcoda1/4/smanasreh6/RBC3D/packages/LAPACK95/lapack95_modules -I/storage/home/hcoda1/4/smanasreh6/RBC3D/packages/mypetsc/include -I/usr/local/pace-apps/spack/packages/linux-rhel7-x86_64/gcc-10.3.0/netcdf-fortran-4.5.4-yx5osuxluenmuvr3xnahmosfr3abeu2p/include -c ModRbc.F90
mpif90 -fallow-argument-mismatch -freal-4-real-8  -O3  -I/storage/home/hcoda1/4/smanasreh6/RBC3D/common -I/storage/home/hcoda1/4/smanasreh6/RBC3D/packages/mkl/interfaces/lapack95/obj -I/storage/home/hcoda1/4/smanasreh6/RBC3D/packages/LAPACK95/lapack95_modules -I/storage/home/hcoda1/4/smanasreh6/RBC3D/packages/mypetsc/include -I/usr/local/pace-apps/spack/packages/linux-rhel7-x86_64/gcc-10.3.0/netcdf-fortran-4.5.4-yx5osuxluenmuvr3xnahmosfr3abeu2p/include -c ModIO.F90
ModIO.F90:48:30:

   48 |         write (fn, FMT=fn_FMT), 'D/', 'pgrad', Nt0, '.dat'
      |                              1
Warning: Legacy Extension: Comma before i/o item list at (1)
ModIO.F90:53:30:

   53 |         write (fn, FMT=fn_FMT), 'D/', 'flow', Nt0, '.dat'
      |                              1
Warning: Legacy Extension: Comma before i/o item list at (1)
ModIO.F90:58:30:

   58 |         write (fn, FMT=fn_FMT), 'D/', 'ftot', Nt0, '.dat'
      |                              1
Warning: Legacy Extension: Comma before i/o item list at (1)
ModIO.F90:1040:19:

 1037 |     call MPI_Bcast(Lb, 3, MPI_WP, 0, MPI_Comm_World, ierr)
      |                   2
......
 1040 |     call MPI_Bcast(Nt0, 1, MPI_INTEGER, 0, MPI_Comm_World, ierr)
      |                   1
Warning: Type mismatch between actual argument at (1) and actual argument at (2) (INTEGER(4)/REAL(8)).
ModIO.F90:1041:19:

 1037 |     call MPI_Bcast(Lb, 3, MPI_WP, 0, MPI_Comm_World, ierr)
      |                   2
......
 1041 |     call MPI_Bcast(time0, 1, MPI_WP, 0, MPI_Comm_World, ierr)
      |                   1
Warning: Rank mismatch between actual argument at (1) and actual argument at (2) (rank-1 and scalar)
ModIO.F90:961:19:

  961 |     call MPI_Bcast(time0, 1, MPI_WP, 0, MPI_Comm_World, ierr)
      |                   1
......
 1037 |     call MPI_Bcast(Lb, 3, MPI_WP, 0, MPI_Comm_World, ierr)
      |                   2
Warning: Rank mismatch between actual argument at (1) and actual argument at (2) (rank-1 and scalar)
ModIO.F90:831:19:

  831 |     call MPI_Bcast(time0, 1, MPI_WP, 0, MPI_Comm_World, ierr)
      |                   1
......
 1037 |     call MPI_Bcast(Lb, 3, MPI_WP, 0, MPI_Comm_World, ierr)
      |                   2
Warning: Rank mismatch between actual argument at (1) and actual argument at (2) (rank-1 and scalar)
ModIO.F90:861:21:

  861 |       call MPI_Bcast(starting_area, 1, MPI_WP, 0, MPI_Comm_World, ierr)
      |                     1
......
 1037 |     call MPI_Bcast(Lb, 3, MPI_WP, 0, MPI_Comm_World, ierr)
      |                   2  
Warning: Rank mismatch between actual argument at (1) and actual argument at (2) (rank-1 and scalar)
mpif90 -fallow-argument-mismatch -freal-4-real-8  -O3  -I/storage/home/hcoda1/4/smanasreh6/RBC3D/common -I/storage/home/hcoda1/4/smanasreh6/RBC3D/packages/mkl/interfaces/lapack95/obj -I/storage/home/hcoda1/4/smanasreh6/RBC3D/packages/LAPACK95/lapack95_modules -I/storage/home/hcoda1/4/smanasreh6/RBC3D/packages/mypetsc/include -I/usr/local/pace-apps/spack/packages/linux-rhel7-x86_64/gcc-10.3.0/netcdf-fortran-4.5.4-yx5osuxluenmuvr3xnahmosfr3abeu2p/include -c ModVelSolver.F90
mpif90 -fallow-argument-mismatch -freal-4-real-8  -O3  -I/storage/home/hcoda1/4/smanasreh6/RBC3D/common -I/storage/home/hcoda1/4/smanasreh6/RBC3D/packages/mkl/interfaces/lapack95/obj -I/storage/home/hcoda1/4/smanasreh6/RBC3D/packages/LAPACK95/lapack95_modules -I/storage/home/hcoda1/4/smanasreh6/RBC3D/packages/mypetsc/include -I/usr/local/pace-apps/spack/packages/linux-rhel7-x86_64/gcc-10.3.0/netcdf-fortran-4.5.4-yx5osuxluenmuvr3xnahmosfr3abeu2p/include -c ModNoSlip.F90
mpif90 -fallow-argument-mismatch -freal-4-real-8  -O3  -I/storage/home/hcoda1/4/smanasreh6/RBC3D/common -I/storage/home/hcoda1/4/smanasreh6/RBC3D/packages/mkl/interfaces/lapack95/obj -I/storage/home/hcoda1/4/smanasreh6/RBC3D/packages/LAPACK95/lapack95_modules -I/storage/home/hcoda1/4/smanasreh6/RBC3D/packages/mypetsc/include -I/usr/local/pace-apps/spack/packages/linux-rhel7-x86_64/gcc-10.3.0/netcdf-fortran-4.5.4-yx5osuxluenmuvr3xnahmosfr3abeu2p/include -c ModTimeInt.F90
ar ru libcommon.a ModFFT.o ModConf.o ModRbcSingInt.o ModRepulsion.o ModTargetList.o ModBasicMath.o ModIntOnRbcs.o ModPolarPatch.o ModIO.o ModVelSolver.o ModDataTypes.o ModIntOnWalls.o ModRbc.o ModNoSlip.o ModDataStruct.o ModEwaldFunc.o ModSphpk.o ModPolyRoots.o ModPME.o ModPostProcess.o ModHashTable.o ModData.o ModSourceList.o ModTimeInt.o ModSpline.o ModQuadRule.o ModWall.o ModPFFTW.o
ar: creating libcommon.a
ranlib libcommon.a
/storage/home/hcoda1/4/smanasreh6/RBC3D/packages/makedepf90/makedepf90 tube.F90 initcond.F90 > .depend
rm -f initcond tube *.o *.mod *.a core
make: `.depend' is up to date.
mpif90 -fallow-argument-mismatch -freal-4-real-8  -O3  -I/storage/home/hcoda1/4/smanasreh6/RBC3D/common -I/storage/home/hcoda1/4/smanasreh6/RBC3D/packages/mkl/interfaces/lapack95/obj -I/storage/home/hcoda1/4/smanasreh6/RBC3D/packages/LAPACK95/lapack95_modules -I/storage/home/hcoda1/4/smanasreh6/RBC3D/packages/mypetsc/include -I/usr/local/pace-apps/spack/packages/linux-rhel7-x86_64/gcc-10.3.0/netcdf-fortran-4.5.4-yx5osuxluenmuvr3xnahmosfr3abeu2p/include -c initcond.F90
make lib
make[1]: Entering directory `/storage/home/hcoda1/4/smanasreh6/RBC3D/mycases/random_case'
make -C /storage/home/hcoda1/4/smanasreh6/RBC3D/common
make[2]: Entering directory `/storage/home/hcoda1/4/smanasreh6/RBC3D/common'
make[2]: Nothing to be done for `all'.
make[2]: Leaving directory `/storage/home/hcoda1/4/smanasreh6/RBC3D/common'
make[1]: Leaving directory `/storage/home/hcoda1/4/smanasreh6/RBC3D/mycases/random_case'
mpif90 -fallow-argument-mismatch -freal-4-real-8  -O3  -Wl,--copy-dt-needed-entries -o initcond initcond.o /storage/home/hcoda1/4/smanasreh6/RBC3D/common/libcommon.a -L/storage/home/hcoda1/4/smanasreh6/RBC3D/packages/spherepack3.2/lib -lspherepack -L/usr/local/pace-apps/spack/packages/linux-rhel7-x86_64/gcc-10.3.0/fftw-3.3.10-dgx5szpp2x4fznqfuaoucmwieqxbgpg6/lib -lfftw3 -L/storage/home/hcoda1/4/smanasreh6/RBC3D/packages/LAPACK95 -llapack95 -L/storage/home/hcoda1/4/smanasreh6/RBC3D/packages/mypetsc/lib -lpetscksp -lpetscdm -lpetscmat -lpetscvec -lpetsc  -L/usr/local/pace-apps/spack/packages/linux-rhel7-x86_64/gcc-10.3.0/netcdf-fortran-4.5.4-yx5osuxluenmuvr3xnahmosfr3abeu2p/lib -lnetcdff -L/storage/home/hcoda1/4/smanasreh6/RBC3D/packages/mkl/lib/em64t -Wl,-rpath,/storage/home/hcoda1/4/smanasreh6/RBC3D/packages/mkl/lib/em64t -lmkl_lapack -lmkl -lguide -lpthread 
mpif90 -fallow-argument-mismatch -freal-4-real-8  -O3  -I/storage/home/hcoda1/4/smanasreh6/RBC3D/common -I/storage/home/hcoda1/4/smanasreh6/RBC3D/packages/mkl/interfaces/lapack95/obj -I/storage/home/hcoda1/4/smanasreh6/RBC3D/packages/LAPACK95/lapack95_modules -I/storage/home/hcoda1/4/smanasreh6/RBC3D/packages/mypetsc/include -I/usr/local/pace-apps/spack/packages/linux-rhel7-x86_64/gcc-10.3.0/netcdf-fortran-4.5.4-yx5osuxluenmuvr3xnahmosfr3abeu2p/include -c tube.F90
make lib
make[1]: Entering directory `/storage/home/hcoda1/4/smanasreh6/RBC3D/mycases/random_case'
make -C /storage/home/hcoda1/4/smanasreh6/RBC3D/common
make[2]: Entering directory `/storage/home/hcoda1/4/smanasreh6/RBC3D/common'
make[2]: Nothing to be done for `all'.
make[2]: Leaving directory `/storage/home/hcoda1/4/smanasreh6/RBC3D/common'
make[1]: Leaving directory `/storage/home/hcoda1/4/smanasreh6/RBC3D/mycases/random_case'
mpif90 -fallow-argument-mismatch -freal-4-real-8  -O3  -Wl,--copy-dt-needed-entries -o tube tube.o /storage/home/hcoda1/4/smanasreh6/RBC3D/common/libcommon.a -L/storage/home/hcoda1/4/smanasreh6/RBC3D/packages/spherepack3.2/lib -lspherepack -L/usr/local/pace-apps/spack/packages/linux-rhel7-x86_64/gcc-10.3.0/fftw-3.3.10-dgx5szpp2x4fznqfuaoucmwieqxbgpg6/lib -lfftw3 -L/storage/home/hcoda1/4/smanasreh6/RBC3D/packages/LAPACK95 -llapack95 -L/storage/home/hcoda1/4/smanasreh6/RBC3D/packages/mypetsc/lib -lpetscksp -lpetscdm -lpetscmat -lpetscvec -lpetsc  -L/usr/local/pace-apps/spack/packages/linux-rhel7-x86_64/gcc-10.3.0/netcdf-fortran-4.5.4-yx5osuxluenmuvr3xnahmosfr3abeu2p/lib -lnetcdff -L/storage/home/hcoda1/4/smanasreh6/RBC3D/packages/mkl/lib/em64t -Wl,-rpath,/storage/home/hcoda1/4/smanasreh6/RBC3D/packages/mkl/lib/em64t -lmkl_lapack -lmkl -lguide -lpthread 
srun: warning: can't run 1 processes on 4 nodes, setting nnodes to 1
 Node            0  of            1  running on atl1-1-02-019-2-1.pace.gatech.edu
 Number of nodes for physical Ewald sum =            1
 Number of nodes for Fourier Ewald sum =            1

 Cell #           1  Placed; Time Cost =    8.6211919784545898E-002
 Cell #           2  Placed; Time Cost =    4.0592432022094727E-002
 Cell #           3  Placed; Time Cost =    7.9231023788452148E-002
 Cell #           4  Placed; Time Cost =   0.11733555793762207     
 Cell #           5  Placed; Time Cost =   0.22407841682434082     
 Cell #           6  Placed; Time Cost =   0.32569980621337891     
 Cell #           7  Placed; Time Cost =   0.21268177032470703     
 Cell #           8  Placed; Time Cost =   0.28647994995117188     
 Cell #           9  Placed; Time Cost =   0.26730728149414062     
 Cell #          10  Placed; Time Cost =   0.31993913650512695     
 Cell #          11  Placed; Time Cost =   0.72415614128112793     
 Cell #          12  Placed; Time Cost =    1.0376589298248291     
 Cell #          13  Placed; Time Cost =   0.94329810142517090     
 Cell #          14  Placed; Time Cost =   0.92178010940551758     
 Cell #          15  Placed; Time Cost =    1.8064835071563721     
 Cell #          16  Placed; Time Cost =   0.71571993827819824     
 Cell #          17  Placed; Time Cost =    1.0532374382019043     
 Cell #          18  Placed; Time Cost =   0.64622545242309570     
 Cell #          19  Placed; Time Cost =   0.69966578483581543     
 Cell #          20  Placed; Time Cost =    1.0037631988525391     
 Cell #          21  Placed; Time Cost =   0.70572853088378906     
 Cell #          22  Placed; Time Cost =    4.8613801002502441     
 Cell #          23  Placed; Time Cost =   0.93966722488403320     
 Cell #          24  Placed; Time Cost =    2.2293040752410889     
 Cell #          25  Placed; Time Cost =    4.6530904769897461     
 Cell #          26  Placed; Time Cost =   0.90329337120056152     
 Cell #          27  Placed; Time Cost =    2.2881741523742676     
 Cell #          28  Placed; Time Cost =    7.4504690170288086     
 Cell #          29  Placed; Time Cost =    12.996307373046875     
 Cell #          30  Placed; Time Cost =    11.336437702178955     
 Cell #          31  Placed; Time Cost =    4.7277936935424805     
 Cell #          32  Placed; Time Cost =    19.225806236267090     
 Cell #          33  Placed; Time Cost =    6.4723246097564697     
 Cell #          34  Placed; Time Cost =    10.077564001083374     
 Cell #          35  Placed; Time Cost =    20.953791141510010     
 Cell #          36  Placed; Time Cost =    34.563265800476074     
 Cell #          37  Placed; Time Cost =    2.5749268531799316     
 Cell #          38  Placed; Time Cost =    22.575626373291016     
 Cell #          39  Placed; Time Cost =    8.5244488716125488     
 Cell #          40  Placed; Time Cost =    15.038704395294189     
 Cell #          41  Placed; Time Cost =    13.580353021621704     
 Cell #          42  Placed; Time Cost =    77.090295553207397     
 Cell #          43  Placed; Time Cost =    21.307255268096924     
 Cell #          44  Placed; Time Cost =    19.583243370056152     
 Cell #          45  Placed; Time Cost =    238.83592128753662     
 Cell #          46  Placed; Time Cost =    168.86067342758179     
 Cell #          47  Placed; Time Cost =    156.69521808624268     
 Cell #          48  Placed; Time Cost =    125.46543192863464     
 Cell #          49  Placed; Time Cost =    164.92100715637207     
 Cell #          50  Placed; Time Cost =    52.912725210189819     
 Cell #          51  Placed; Time Cost =    66.369149208068848     
 Cell #          52  Placed; Time Cost =    33.118494033813477     
 Cell #          53  Placed; Time Cost =    643.70833706855774     
 Cell #          54  Placed; Time Cost =    400.11776471138000     
 Cell #          55  Placed; Time Cost =    510.64297270774841     
 Cell #          56  Placed; Time Cost =    98.560916423797607     
 Cell #          57  Placed; Time Cost =    865.15900802612305     
 Cell #          58  Placed; Time Cost =    287.75816440582275     
 Cell #          59  Placed; Time Cost =    3983.6268546581268     
 Cell #          60  Placed; Time Cost =    2061.7107913494110     
 Cell #          61  Placed; Time Cost =    355.41262674331665     
 Cell #          62  Placed; Time Cost =    4935.4309270381927     
 Cell #          63  Placed; Time Cost =    3850.3155167102814     
 Cell #          64  Placed; Time Cost =    1955.8304245471954     
slurmstepd: error: *** JOB 5173540 ON atl1-1-02-019-2-1 CANCELLED AT 2024-03-08T17:33:37 DUE TO TIME LIMIT ***
srun: Job step aborted: Waiting up to 32 seconds for job step to finish.
slurmstepd: error: *** STEP 5173540.0 ON atl1-1-02-019-2-1 CANCELLED AT 2024-03-08T17:33:37 DUE TO TIME LIMIT ***
[0]PETSC ERROR: ------------------------------------------------------------------------
[0]PETSC ERROR: Caught signal number 15 Terminate: Somet process (or the batch system) has told this process to end
[0]PETSC ERROR: Try option -start_in_debugger or -on_error_attach_debugger
[0]PETSC ERROR: or see http://www.mcs.anl.gov/petsc/petsc-as/documentation/troubleshooting.html#Signal[0]PETSC ERROR: or try http://valgrind.org on linux or man libgmalloc on Apple to find memory corruption errors
[0]PETSC ERROR: configure using --with-debugging=yes, recompile, link, and run 
[0]PETSC ERROR: to get more information on the crash.
[0]PETSC ERROR: --------------------- Error Message ------------------------------------
[0]PETSC ERROR: Signal received!
[0]PETSC ERROR: ------------------------------------------------------------------------
[0]PETSC ERROR: Petsc Release Version 3.0.0, Patch 3, Fri Jan 30 17:55:56 CST 2009
[0]PETSC ERROR: See docs/changes/index.html for recent updates.
[0]PETSC ERROR: See docs/faq.html for hints about trouble shooting.
[0]PETSC ERROR: See docs/index.html for manual pages.
[0]PETSC ERROR: ------------------------------------------------------------------------
[0]PETSC ERROR: /storage/home/hcoda1/4/smanasreh6/RBC3D/mycases/random_case/./initcond on a linux-gnu named atl1-1-02-019-2-1.pace.gatech.edu by smanasreh6 Fri Mar  8 09:33:44 2024
[0]PETSC ERROR: Libraries linked from /storage/home/hcoda1/4/smanasreh6/RBC3D/packages/mypetsc/lib
[0]PETSC ERROR: Configure run at Mon Oct  9 17:19:44 2023
[0]PETSC ERROR: Configure options --with-cc=mpicc --with-fc=mpif90 --with-debugging=0 COPTFLAGS="-O3 -march=native -mtune=native" CXXOPTFLAGS="-O3 -march=native -mtune=native" FOPTFLAGS="-O3 -march=native -mtune=native" --with-blas-lib=/storage/home/hcoda1/4/smanasreh6/RBC3D/packages/BLAS-3.11.0/blas_LINUX.a --with-lapack-lib=/storage/home/hcoda1/4/smanasreh6/RBC3D/packages/lapack-3.11/liblapack.a --with-valgrind-dir=/usr/local/pace-apps/manual/packages/valgrind/3.19.0/gcc-4.8.5 --prefix=/storage/home/hcoda1/4/smanasreh6/RBC3D/packages/mypetsc --with-shared=0 --with-mpiexec=srun --with-x11=0 --with-x=0 --with-windows-graphics=0
[0]PETSC ERROR: ------------------------------------------------------------------------
[0]PETSC ERROR: User provided function() line 0 in unknown directory unknown file
---------------------------------------
Begin Slurm Epilog: Mar-08-2024 17:33:39
Job ID:        5173540
Array Job ID:  _4294967294
User ID:       smanasreh6
Account:       gts-sbryngelson3
Job name:      run.sh
Resources:     cpu=96,mem=192G,node=4
Rsrc Used:     cput=32-00:17:36,vmem=13004K,walltime=08:00:11,mem=5924K,energy_used=0
Partition:     cpu-small
QOS:           embers
Nodes:         atl1-1-02-019-2-1,atl1-1-02-019-4-1,atl1-1-02-019-10-1,atl1-1-02-019-11-2
---------------------------------------
