---------------------------------------
Begin Slurm Prolog: May-05-2024 21:50:47
Job ID:    5908496
User ID:   smanasreh6
Account:   gts-sbryngelson3
Job name:  run.sh
Partition: cpu-small
QOS:       embers
---------------------------------------
rm -f *.o *.mod *.a core*
make: `.depend' is up to date.
mpif90 -fallow-argument-mismatch -freal-4-real-8  -O3  -I/storage/home/hcoda1/4/smanasreh6/RBC3D/common -I/storage/home/hcoda1/4/smanasreh6/RBC3D/packages/mkl/interfaces/lapack95/obj -I/storage/home/hcoda1/4/smanasreh6/RBC3D/packages/LAPACK95/lapack95_modules -I/storage/home/hcoda1/4/smanasreh6/RBC3D/packages/mypetsc/include -I/usr/local/pace-apps/spack/packages/linux-rhel7-x86_64/gcc-10.3.0/netcdf-fortran-4.5.4-yx5osuxluenmuvr3xnahmosfr3abeu2p/include -c ModDataTypes.F90
mpif90 -fallow-argument-mismatch -freal-4-real-8  -O3  -I/storage/home/hcoda1/4/smanasreh6/RBC3D/common -I/storage/home/hcoda1/4/smanasreh6/RBC3D/packages/mkl/interfaces/lapack95/obj -I/storage/home/hcoda1/4/smanasreh6/RBC3D/packages/LAPACK95/lapack95_modules -I/storage/home/hcoda1/4/smanasreh6/RBC3D/packages/mypetsc/include -I/usr/local/pace-apps/spack/packages/linux-rhel7-x86_64/gcc-10.3.0/netcdf-fortran-4.5.4-yx5osuxluenmuvr3xnahmosfr3abeu2p/include -c ModFFT.F90
mpif90 -fallow-argument-mismatch -freal-4-real-8  -O3  -I/storage/home/hcoda1/4/smanasreh6/RBC3D/common -I/storage/home/hcoda1/4/smanasreh6/RBC3D/packages/mkl/interfaces/lapack95/obj -I/storage/home/hcoda1/4/smanasreh6/RBC3D/packages/LAPACK95/lapack95_modules -I/storage/home/hcoda1/4/smanasreh6/RBC3D/packages/mypetsc/include -I/usr/local/pace-apps/spack/packages/linux-rhel7-x86_64/gcc-10.3.0/netcdf-fortran-4.5.4-yx5osuxluenmuvr3xnahmosfr3abeu2p/include -c ModDataStruct.F90
mpif90 -fallow-argument-mismatch -freal-4-real-8  -O3  -I/storage/home/hcoda1/4/smanasreh6/RBC3D/common -I/storage/home/hcoda1/4/smanasreh6/RBC3D/packages/mkl/interfaces/lapack95/obj -I/storage/home/hcoda1/4/smanasreh6/RBC3D/packages/LAPACK95/lapack95_modules -I/storage/home/hcoda1/4/smanasreh6/RBC3D/packages/mypetsc/include -I/usr/local/pace-apps/spack/packages/linux-rhel7-x86_64/gcc-10.3.0/netcdf-fortran-4.5.4-yx5osuxluenmuvr3xnahmosfr3abeu2p/include -c ModConf.F90
ModConf.F90:579:24:

  565 |     call MPI_AllGatherV(ia, sendcount, MPI_INTEGER, &
      |                        2
......
  579 |     call MPI_AllGatherV(aSend, sendcount, MPI_WP, &
      |                        1
Warning: Type mismatch between actual argument at (1) and actual argument at (2) (REAL(8)/INTEGER(4)).
ModConf.F90:403:21:

  384 |       call MPI_Bcast(rc_Ewd, 1, MPI_WP, 0, MPI_Comm_Ewald, ierr)
      |                     2
......
  403 |       call MPI_Bcast(Nb_Ewd, 3, MPI_Integer, 0, MPI_Comm_Ewald, ierr)
      |                     1
Warning: Type mismatch between actual argument at (1) and actual argument at (2) (INTEGER(4)/REAL(8)).
ModConf.F90:290:19:

  290 |     call MPI_Bcast(viscRat, nCellTypes, MPI_WP, 0, MPI_COMM_WORLD, ierr)
      |                   1
......
  384 |       call MPI_Bcast(rc_Ewd, 1, MPI_WP, 0, MPI_Comm_Ewald, ierr)
      |                     2
Warning: Rank mismatch between actual argument at (1) and actual argument at (2) (scalar and rank-1)
ModConf.F90:291:19:

  291 |     call MPI_Bcast(refRad, nCellTypes, MPI_WP, 0, MPI_COMM_WORLD, ierr)
      |                   1
......
  384 |       call MPI_Bcast(rc_Ewd, 1, MPI_WP, 0, MPI_Comm_Ewald, ierr)
      |                     2
Warning: Rank mismatch between actual argument at (1) and actual argument at (2) (scalar and rank-1)
ModConf.F90:296:19:

  296 |     call MPI_Bcast(pgradTar, 3, MPI_WP, 0, MPI_Comm_World, ierr)
      |                   1
......
  384 |       call MPI_Bcast(rc_Ewd, 1, MPI_WP, 0, MPI_Comm_Ewald, ierr)
      |                     2
Warning: Rank mismatch between actual argument at (1) and actual argument at (2) (scalar and rank-1)
ModConf.F90:314:19:

  314 |     call MPI_Bcast(fmags, 4, MPI_WP, 0, MPI_Comm_World, ierr)
      |                   1
......
  384 |       call MPI_Bcast(rc_Ewd, 1, MPI_WP, 0, MPI_Comm_Ewald, ierr)
      |                     2
Warning: Rank mismatch between actual argument at (1) and actual argument at (2) (scalar and rank-1)
ModConf.F90:136:22:

  135 |         call MPI_Recv(lenname, 1, MPI_Integer, i, 1, MPI_Comm_World, stat, ierr)
      |                      2
  136 |         call MPI_Recv(machinename, lenname, MPI_Character, i, 1, MPI_Comm_World, stat, ierr)
      |                      1
Warning: Type mismatch between actual argument at (1) and actual argument at (2) (CHARACTER(127)/INTEGER(4)).
ModConf.F90:141:20:

  140 |       call MPI_Send(lenname, 1, MPI_Integer, 0, 1, MPI_Comm_World, stat, ierr)
      |                    2
  141 |       call MPI_Send(machinename, lenname, MPI_Character, 0, 1, MPI_Comm_World, stat, ierr)
      |                    1
Warning: Type mismatch between actual argument at (1) and actual argument at (2) (CHARACTER(127)/INTEGER(4)).
mpif90 -fallow-argument-mismatch -freal-4-real-8  -O3  -I/storage/home/hcoda1/4/smanasreh6/RBC3D/common -I/storage/home/hcoda1/4/smanasreh6/RBC3D/packages/mkl/interfaces/lapack95/obj -I/storage/home/hcoda1/4/smanasreh6/RBC3D/packages/LAPACK95/lapack95_modules -I/storage/home/hcoda1/4/smanasreh6/RBC3D/packages/mypetsc/include -I/usr/local/pace-apps/spack/packages/linux-rhel7-x86_64/gcc-10.3.0/netcdf-fortran-4.5.4-yx5osuxluenmuvr3xnahmosfr3abeu2p/include -c ModQuadRule.F90
mpif90 -fallow-argument-mismatch -freal-4-real-8  -O3  -I/storage/home/hcoda1/4/smanasreh6/RBC3D/common -I/storage/home/hcoda1/4/smanasreh6/RBC3D/packages/mkl/interfaces/lapack95/obj -I/storage/home/hcoda1/4/smanasreh6/RBC3D/packages/LAPACK95/lapack95_modules -I/storage/home/hcoda1/4/smanasreh6/RBC3D/packages/mypetsc/include -I/usr/local/pace-apps/spack/packages/linux-rhel7-x86_64/gcc-10.3.0/netcdf-fortran-4.5.4-yx5osuxluenmuvr3xnahmosfr3abeu2p/include -c ModBasicMath.F90
mpif90 -fallow-argument-mismatch -freal-4-real-8  -O3  -I/storage/home/hcoda1/4/smanasreh6/RBC3D/common -I/storage/home/hcoda1/4/smanasreh6/RBC3D/packages/mkl/interfaces/lapack95/obj -I/storage/home/hcoda1/4/smanasreh6/RBC3D/packages/LAPACK95/lapack95_modules -I/storage/home/hcoda1/4/smanasreh6/RBC3D/packages/mypetsc/include -I/usr/local/pace-apps/spack/packages/linux-rhel7-x86_64/gcc-10.3.0/netcdf-fortran-4.5.4-yx5osuxluenmuvr3xnahmosfr3abeu2p/include -c ModPolarPatch.F90
mpif90 -fallow-argument-mismatch -freal-4-real-8  -O3  -I/storage/home/hcoda1/4/smanasreh6/RBC3D/common -I/storage/home/hcoda1/4/smanasreh6/RBC3D/packages/mkl/interfaces/lapack95/obj -I/storage/home/hcoda1/4/smanasreh6/RBC3D/packages/LAPACK95/lapack95_modules -I/storage/home/hcoda1/4/smanasreh6/RBC3D/packages/mypetsc/include -I/usr/local/pace-apps/spack/packages/linux-rhel7-x86_64/gcc-10.3.0/netcdf-fortran-4.5.4-yx5osuxluenmuvr3xnahmosfr3abeu2p/include -c ModSpline.F90
mpif90 -fallow-argument-mismatch -freal-4-real-8  -O3  -I/storage/home/hcoda1/4/smanasreh6/RBC3D/common -I/storage/home/hcoda1/4/smanasreh6/RBC3D/packages/mkl/interfaces/lapack95/obj -I/storage/home/hcoda1/4/smanasreh6/RBC3D/packages/LAPACK95/lapack95_modules -I/storage/home/hcoda1/4/smanasreh6/RBC3D/packages/mypetsc/include -I/usr/local/pace-apps/spack/packages/linux-rhel7-x86_64/gcc-10.3.0/netcdf-fortran-4.5.4-yx5osuxluenmuvr3xnahmosfr3abeu2p/include -c ModEwaldFunc.F90
mpif90 -fallow-argument-mismatch -freal-4-real-8  -O3  -I/storage/home/hcoda1/4/smanasreh6/RBC3D/common -I/storage/home/hcoda1/4/smanasreh6/RBC3D/packages/mkl/interfaces/lapack95/obj -I/storage/home/hcoda1/4/smanasreh6/RBC3D/packages/LAPACK95/lapack95_modules -I/storage/home/hcoda1/4/smanasreh6/RBC3D/packages/mypetsc/include -I/usr/local/pace-apps/spack/packages/linux-rhel7-x86_64/gcc-10.3.0/netcdf-fortran-4.5.4-yx5osuxluenmuvr3xnahmosfr3abeu2p/include -c ModRbcSingInt.F90
mpif90 -fallow-argument-mismatch -freal-4-real-8  -O3  -I/storage/home/hcoda1/4/smanasreh6/RBC3D/common -I/storage/home/hcoda1/4/smanasreh6/RBC3D/packages/mkl/interfaces/lapack95/obj -I/storage/home/hcoda1/4/smanasreh6/RBC3D/packages/LAPACK95/lapack95_modules -I/storage/home/hcoda1/4/smanasreh6/RBC3D/packages/mypetsc/include -I/usr/local/pace-apps/spack/packages/linux-rhel7-x86_64/gcc-10.3.0/netcdf-fortran-4.5.4-yx5osuxluenmuvr3xnahmosfr3abeu2p/include -c ModHashTable.F90
mpif90 -fallow-argument-mismatch -freal-4-real-8  -O3  -I/storage/home/hcoda1/4/smanasreh6/RBC3D/common -I/storage/home/hcoda1/4/smanasreh6/RBC3D/packages/mkl/interfaces/lapack95/obj -I/storage/home/hcoda1/4/smanasreh6/RBC3D/packages/LAPACK95/lapack95_modules -I/storage/home/hcoda1/4/smanasreh6/RBC3D/packages/mypetsc/include -I/usr/local/pace-apps/spack/packages/linux-rhel7-x86_64/gcc-10.3.0/netcdf-fortran-4.5.4-yx5osuxluenmuvr3xnahmosfr3abeu2p/include -c ModTargetList.F90
mpif90 -fallow-argument-mismatch -freal-4-real-8  -O3  -I/storage/home/hcoda1/4/smanasreh6/RBC3D/common -I/storage/home/hcoda1/4/smanasreh6/RBC3D/packages/mkl/interfaces/lapack95/obj -I/storage/home/hcoda1/4/smanasreh6/RBC3D/packages/LAPACK95/lapack95_modules -I/storage/home/hcoda1/4/smanasreh6/RBC3D/packages/mypetsc/include -I/usr/local/pace-apps/spack/packages/linux-rhel7-x86_64/gcc-10.3.0/netcdf-fortran-4.5.4-yx5osuxluenmuvr3xnahmosfr3abeu2p/include -c ModSourceList.F90
mpif90 -fallow-argument-mismatch -freal-4-real-8  -O3  -I/storage/home/hcoda1/4/smanasreh6/RBC3D/common -I/storage/home/hcoda1/4/smanasreh6/RBC3D/packages/mkl/interfaces/lapack95/obj -I/storage/home/hcoda1/4/smanasreh6/RBC3D/packages/LAPACK95/lapack95_modules -I/storage/home/hcoda1/4/smanasreh6/RBC3D/packages/mypetsc/include -I/usr/local/pace-apps/spack/packages/linux-rhel7-x86_64/gcc-10.3.0/netcdf-fortran-4.5.4-yx5osuxluenmuvr3xnahmosfr3abeu2p/include -c ModData.F90
mpif90 -fallow-argument-mismatch -freal-4-real-8  -O3  -I/storage/home/hcoda1/4/smanasreh6/RBC3D/common -I/storage/home/hcoda1/4/smanasreh6/RBC3D/packages/mkl/interfaces/lapack95/obj -I/storage/home/hcoda1/4/smanasreh6/RBC3D/packages/LAPACK95/lapack95_modules -I/storage/home/hcoda1/4/smanasreh6/RBC3D/packages/mypetsc/include -I/usr/local/pace-apps/spack/packages/linux-rhel7-x86_64/gcc-10.3.0/netcdf-fortran-4.5.4-yx5osuxluenmuvr3xnahmosfr3abeu2p/include -c ModIntOnWalls.F90
mpif90 -fallow-argument-mismatch -freal-4-real-8  -O3  -I/storage/home/hcoda1/4/smanasreh6/RBC3D/common -I/storage/home/hcoda1/4/smanasreh6/RBC3D/packages/mkl/interfaces/lapack95/obj -I/storage/home/hcoda1/4/smanasreh6/RBC3D/packages/LAPACK95/lapack95_modules -I/storage/home/hcoda1/4/smanasreh6/RBC3D/packages/mypetsc/include -I/usr/local/pace-apps/spack/packages/linux-rhel7-x86_64/gcc-10.3.0/netcdf-fortran-4.5.4-yx5osuxluenmuvr3xnahmosfr3abeu2p/include -c ModRepulsion.F90
ModRepulsion.F90:453:27:

  451 |         call MPI_AllReduce(distMin, distMin_Glb, 1, MPI_WP, MPI_MIN, MPI_COMM_WORLD, ierr)
      |                           2
  452 |         if (distMin .ne. distMin_Glb) dx = HUGE(dx)
  453 |         call MPI_AllReduce(dx, dx, 3, MPI_WP, MPI_MIN, MPI_COMM_WORLD, ierr)
      |                           1
Warning: Rank mismatch between actual argument at (1) and actual argument at (2) (scalar and rank-1)
ModRepulsion.F90:337:23:

  337 |     call MPI_AllReduce(cntDx, cntDx_Glb, 1, MPI_INTEGER, MPI_SUM, MPI_COMM_WORLD, ierr)
      |                       1
......
  451 |         call MPI_AllReduce(distMin, distMin_Glb, 1, MPI_WP, MPI_MIN, MPI_COMM_WORLD, ierr)
      |                           2
Warning: Type mismatch between actual argument at (1) and actual argument at (2) (INTEGER(4)/REAL(8)).
mpif90 -fallow-argument-mismatch -freal-4-real-8  -O3  -I/storage/home/hcoda1/4/smanasreh6/RBC3D/common -I/storage/home/hcoda1/4/smanasreh6/RBC3D/packages/mkl/interfaces/lapack95/obj -I/storage/home/hcoda1/4/smanasreh6/RBC3D/packages/LAPACK95/lapack95_modules -I/storage/home/hcoda1/4/smanasreh6/RBC3D/packages/mypetsc/include -I/usr/local/pace-apps/spack/packages/linux-rhel7-x86_64/gcc-10.3.0/netcdf-fortran-4.5.4-yx5osuxluenmuvr3xnahmosfr3abeu2p/include -c ModIntOnRbcs.F90
mpif90 -fallow-argument-mismatch -freal-4-real-8  -O3  -I/storage/home/hcoda1/4/smanasreh6/RBC3D/common -I/storage/home/hcoda1/4/smanasreh6/RBC3D/packages/mkl/interfaces/lapack95/obj -I/storage/home/hcoda1/4/smanasreh6/RBC3D/packages/LAPACK95/lapack95_modules -I/storage/home/hcoda1/4/smanasreh6/RBC3D/packages/mypetsc/include -I/usr/local/pace-apps/spack/packages/linux-rhel7-x86_64/gcc-10.3.0/netcdf-fortran-4.5.4-yx5osuxluenmuvr3xnahmosfr3abeu2p/include -c ModPFFTW.F90
mpif90 -fallow-argument-mismatch -freal-4-real-8  -O3  -I/storage/home/hcoda1/4/smanasreh6/RBC3D/common -I/storage/home/hcoda1/4/smanasreh6/RBC3D/packages/mkl/interfaces/lapack95/obj -I/storage/home/hcoda1/4/smanasreh6/RBC3D/packages/LAPACK95/lapack95_modules -I/storage/home/hcoda1/4/smanasreh6/RBC3D/packages/mypetsc/include -I/usr/local/pace-apps/spack/packages/linux-rhel7-x86_64/gcc-10.3.0/netcdf-fortran-4.5.4-yx5osuxluenmuvr3xnahmosfr3abeu2p/include -c ModPME.F90
mpif90 -fallow-argument-mismatch -freal-4-real-8  -O3  -I/storage/home/hcoda1/4/smanasreh6/RBC3D/common -I/storage/home/hcoda1/4/smanasreh6/RBC3D/packages/mkl/interfaces/lapack95/obj -I/storage/home/hcoda1/4/smanasreh6/RBC3D/packages/LAPACK95/lapack95_modules -I/storage/home/hcoda1/4/smanasreh6/RBC3D/packages/mypetsc/include -I/usr/local/pace-apps/spack/packages/linux-rhel7-x86_64/gcc-10.3.0/netcdf-fortran-4.5.4-yx5osuxluenmuvr3xnahmosfr3abeu2p/include -c ModPostProcess.F90
mpif90 -fallow-argument-mismatch -freal-4-real-8  -O3  -I/storage/home/hcoda1/4/smanasreh6/RBC3D/common -I/storage/home/hcoda1/4/smanasreh6/RBC3D/packages/mkl/interfaces/lapack95/obj -I/storage/home/hcoda1/4/smanasreh6/RBC3D/packages/LAPACK95/lapack95_modules -I/storage/home/hcoda1/4/smanasreh6/RBC3D/packages/mypetsc/include -I/usr/local/pace-apps/spack/packages/linux-rhel7-x86_64/gcc-10.3.0/netcdf-fortran-4.5.4-yx5osuxluenmuvr3xnahmosfr3abeu2p/include -c ModSphpk.F90
mpif90 -fallow-argument-mismatch -freal-4-real-8  -O3  -I/storage/home/hcoda1/4/smanasreh6/RBC3D/common -I/storage/home/hcoda1/4/smanasreh6/RBC3D/packages/mkl/interfaces/lapack95/obj -I/storage/home/hcoda1/4/smanasreh6/RBC3D/packages/LAPACK95/lapack95_modules -I/storage/home/hcoda1/4/smanasreh6/RBC3D/packages/mypetsc/include -I/usr/local/pace-apps/spack/packages/linux-rhel7-x86_64/gcc-10.3.0/netcdf-fortran-4.5.4-yx5osuxluenmuvr3xnahmosfr3abeu2p/include -c ModWall.F90
mpif90 -fallow-argument-mismatch -freal-4-real-8  -O3  -I/storage/home/hcoda1/4/smanasreh6/RBC3D/common -I/storage/home/hcoda1/4/smanasreh6/RBC3D/packages/mkl/interfaces/lapack95/obj -I/storage/home/hcoda1/4/smanasreh6/RBC3D/packages/LAPACK95/lapack95_modules -I/storage/home/hcoda1/4/smanasreh6/RBC3D/packages/mypetsc/include -I/usr/local/pace-apps/spack/packages/linux-rhel7-x86_64/gcc-10.3.0/netcdf-fortran-4.5.4-yx5osuxluenmuvr3xnahmosfr3abeu2p/include -c ModPolyRoots.F90
mpif90 -fallow-argument-mismatch -freal-4-real-8  -O3  -I/storage/home/hcoda1/4/smanasreh6/RBC3D/common -I/storage/home/hcoda1/4/smanasreh6/RBC3D/packages/mkl/interfaces/lapack95/obj -I/storage/home/hcoda1/4/smanasreh6/RBC3D/packages/LAPACK95/lapack95_modules -I/storage/home/hcoda1/4/smanasreh6/RBC3D/packages/mypetsc/include -I/usr/local/pace-apps/spack/packages/linux-rhel7-x86_64/gcc-10.3.0/netcdf-fortran-4.5.4-yx5osuxluenmuvr3xnahmosfr3abeu2p/include -c ModRbc.F90
mpif90 -fallow-argument-mismatch -freal-4-real-8  -O3  -I/storage/home/hcoda1/4/smanasreh6/RBC3D/common -I/storage/home/hcoda1/4/smanasreh6/RBC3D/packages/mkl/interfaces/lapack95/obj -I/storage/home/hcoda1/4/smanasreh6/RBC3D/packages/LAPACK95/lapack95_modules -I/storage/home/hcoda1/4/smanasreh6/RBC3D/packages/mypetsc/include -I/usr/local/pace-apps/spack/packages/linux-rhel7-x86_64/gcc-10.3.0/netcdf-fortran-4.5.4-yx5osuxluenmuvr3xnahmosfr3abeu2p/include -c ModIO.F90
ModIO.F90:48:30:

   48 |         write (fn, FMT=fn_FMT), 'D/', 'pgrad', Nt0, '.dat'
      |                              1
Warning: Legacy Extension: Comma before i/o item list at (1)
ModIO.F90:53:30:

   53 |         write (fn, FMT=fn_FMT), 'D/', 'flow', Nt0, '.dat'
      |                              1
Warning: Legacy Extension: Comma before i/o item list at (1)
ModIO.F90:58:30:

   58 |         write (fn, FMT=fn_FMT), 'D/', 'ftot', Nt0, '.dat'
      |                              1
Warning: Legacy Extension: Comma before i/o item list at (1)
ModIO.F90:1041:19:

 1038 |     call MPI_Bcast(Lb, 3, MPI_WP, 0, MPI_Comm_World, ierr)
      |                   2
......
 1041 |     call MPI_Bcast(Nt0, 1, MPI_INTEGER, 0, MPI_Comm_World, ierr)
      |                   1
Warning: Type mismatch between actual argument at (1) and actual argument at (2) (INTEGER(4)/REAL(8)).
ModIO.F90:1042:19:

 1038 |     call MPI_Bcast(Lb, 3, MPI_WP, 0, MPI_Comm_World, ierr)
      |                   2
......
 1042 |     call MPI_Bcast(time0, 1, MPI_WP, 0, MPI_Comm_World, ierr)
      |                   1
Warning: Rank mismatch between actual argument at (1) and actual argument at (2) (rank-1 and scalar)
ModIO.F90:962:19:

  962 |     call MPI_Bcast(time0, 1, MPI_WP, 0, MPI_Comm_World, ierr)
      |                   1
......
 1038 |     call MPI_Bcast(Lb, 3, MPI_WP, 0, MPI_Comm_World, ierr)
      |                   2
Warning: Rank mismatch between actual argument at (1) and actual argument at (2) (rank-1 and scalar)
ModIO.F90:832:19:

  832 |     call MPI_Bcast(time0, 1, MPI_WP, 0, MPI_Comm_World, ierr)
      |                   1
......
 1038 |     call MPI_Bcast(Lb, 3, MPI_WP, 0, MPI_Comm_World, ierr)
      |                   2
Warning: Rank mismatch between actual argument at (1) and actual argument at (2) (rank-1 and scalar)
ModIO.F90:862:21:

  862 |       call MPI_Bcast(starting_area, 1, MPI_WP, 0, MPI_Comm_World, ierr)
      |                     1
......
 1038 |     call MPI_Bcast(Lb, 3, MPI_WP, 0, MPI_Comm_World, ierr)
      |                   2  
Warning: Rank mismatch between actual argument at (1) and actual argument at (2) (rank-1 and scalar)
mpif90 -fallow-argument-mismatch -freal-4-real-8  -O3  -I/storage/home/hcoda1/4/smanasreh6/RBC3D/common -I/storage/home/hcoda1/4/smanasreh6/RBC3D/packages/mkl/interfaces/lapack95/obj -I/storage/home/hcoda1/4/smanasreh6/RBC3D/packages/LAPACK95/lapack95_modules -I/storage/home/hcoda1/4/smanasreh6/RBC3D/packages/mypetsc/include -I/usr/local/pace-apps/spack/packages/linux-rhel7-x86_64/gcc-10.3.0/netcdf-fortran-4.5.4-yx5osuxluenmuvr3xnahmosfr3abeu2p/include -c ModVelSolver.F90
mpif90 -fallow-argument-mismatch -freal-4-real-8  -O3  -I/storage/home/hcoda1/4/smanasreh6/RBC3D/common -I/storage/home/hcoda1/4/smanasreh6/RBC3D/packages/mkl/interfaces/lapack95/obj -I/storage/home/hcoda1/4/smanasreh6/RBC3D/packages/LAPACK95/lapack95_modules -I/storage/home/hcoda1/4/smanasreh6/RBC3D/packages/mypetsc/include -I/usr/local/pace-apps/spack/packages/linux-rhel7-x86_64/gcc-10.3.0/netcdf-fortran-4.5.4-yx5osuxluenmuvr3xnahmosfr3abeu2p/include -c ModNoSlip.F90
mpif90 -fallow-argument-mismatch -freal-4-real-8  -O3  -I/storage/home/hcoda1/4/smanasreh6/RBC3D/common -I/storage/home/hcoda1/4/smanasreh6/RBC3D/packages/mkl/interfaces/lapack95/obj -I/storage/home/hcoda1/4/smanasreh6/RBC3D/packages/LAPACK95/lapack95_modules -I/storage/home/hcoda1/4/smanasreh6/RBC3D/packages/mypetsc/include -I/usr/local/pace-apps/spack/packages/linux-rhel7-x86_64/gcc-10.3.0/netcdf-fortran-4.5.4-yx5osuxluenmuvr3xnahmosfr3abeu2p/include -c ModTimeInt.F90
ar ru libcommon.a ModFFT.o ModConf.o ModRbcSingInt.o ModRepulsion.o ModTargetList.o ModBasicMath.o ModIntOnRbcs.o ModPolarPatch.o ModIO.o ModVelSolver.o ModDataTypes.o ModIntOnWalls.o ModRbc.o ModNoSlip.o ModDataStruct.o ModEwaldFunc.o ModSphpk.o ModPolyRoots.o ModPME.o ModPostProcess.o ModHashTable.o ModData.o ModSourceList.o ModTimeInt.o ModSpline.o ModQuadRule.o ModWall.o ModPFFTW.o
ar: creating libcommon.a
ranlib libcommon.a
/storage/home/hcoda1/4/smanasreh6/RBC3D/packages/makedepf90/makedepf90 tube.F90 initcond.F90 > .depend
rm -f initcond tube *.o *.mod *.a core
make: `.depend' is up to date.
mpif90 -fallow-argument-mismatch -freal-4-real-8  -O3  -I/storage/home/hcoda1/4/smanasreh6/RBC3D/common -I/storage/home/hcoda1/4/smanasreh6/RBC3D/packages/mkl/interfaces/lapack95/obj -I/storage/home/hcoda1/4/smanasreh6/RBC3D/packages/LAPACK95/lapack95_modules -I/storage/home/hcoda1/4/smanasreh6/RBC3D/packages/mypetsc/include -I/usr/local/pace-apps/spack/packages/linux-rhel7-x86_64/gcc-10.3.0/netcdf-fortran-4.5.4-yx5osuxluenmuvr3xnahmosfr3abeu2p/include -c initcond.F90
make lib
make[1]: Entering directory `/storage/home/hcoda1/4/smanasreh6/RBC3D/mycases/randomcase2'
make -C /storage/home/hcoda1/4/smanasreh6/RBC3D/common
make[2]: Entering directory `/storage/home/hcoda1/4/smanasreh6/RBC3D/common'
make[2]: Nothing to be done for `all'.
make[2]: Leaving directory `/storage/home/hcoda1/4/smanasreh6/RBC3D/common'
make[1]: Leaving directory `/storage/home/hcoda1/4/smanasreh6/RBC3D/mycases/randomcase2'
mpif90 -fallow-argument-mismatch -freal-4-real-8  -O3  -Wl,--copy-dt-needed-entries -o initcond initcond.o /storage/home/hcoda1/4/smanasreh6/RBC3D/common/libcommon.a -L/storage/home/hcoda1/4/smanasreh6/RBC3D/packages/spherepack3.2/lib -lspherepack -L/usr/local/pace-apps/spack/packages/linux-rhel7-x86_64/gcc-10.3.0/fftw-3.3.10-dgx5szpp2x4fznqfuaoucmwieqxbgpg6/lib -lfftw3 -L/storage/home/hcoda1/4/smanasreh6/RBC3D/packages/LAPACK95 -llapack95 -L/storage/home/hcoda1/4/smanasreh6/RBC3D/packages/mypetsc/lib -lpetscksp -lpetscdm -lpetscmat -lpetscvec -lpetsc  -L/usr/local/pace-apps/spack/packages/linux-rhel7-x86_64/gcc-10.3.0/netcdf-fortran-4.5.4-yx5osuxluenmuvr3xnahmosfr3abeu2p/lib -lnetcdff -L/storage/home/hcoda1/4/smanasreh6/RBC3D/packages/mkl/lib/em64t -Wl,-rpath,/storage/home/hcoda1/4/smanasreh6/RBC3D/packages/mkl/lib/em64t -lmkl_lapack -lmkl -lguide -lpthread 
mpif90 -fallow-argument-mismatch -freal-4-real-8  -O3  -I/storage/home/hcoda1/4/smanasreh6/RBC3D/common -I/storage/home/hcoda1/4/smanasreh6/RBC3D/packages/mkl/interfaces/lapack95/obj -I/storage/home/hcoda1/4/smanasreh6/RBC3D/packages/LAPACK95/lapack95_modules -I/storage/home/hcoda1/4/smanasreh6/RBC3D/packages/mypetsc/include -I/usr/local/pace-apps/spack/packages/linux-rhel7-x86_64/gcc-10.3.0/netcdf-fortran-4.5.4-yx5osuxluenmuvr3xnahmosfr3abeu2p/include -c tube.F90
make lib
make[1]: Entering directory `/storage/home/hcoda1/4/smanasreh6/RBC3D/mycases/randomcase2'
make -C /storage/home/hcoda1/4/smanasreh6/RBC3D/common
make[2]: Entering directory `/storage/home/hcoda1/4/smanasreh6/RBC3D/common'
make[2]: Nothing to be done for `all'.
make[2]: Leaving directory `/storage/home/hcoda1/4/smanasreh6/RBC3D/common'
make[1]: Leaving directory `/storage/home/hcoda1/4/smanasreh6/RBC3D/mycases/randomcase2'
mpif90 -fallow-argument-mismatch -freal-4-real-8  -O3  -Wl,--copy-dt-needed-entries -o tube tube.o /storage/home/hcoda1/4/smanasreh6/RBC3D/common/libcommon.a -L/storage/home/hcoda1/4/smanasreh6/RBC3D/packages/spherepack3.2/lib -lspherepack -L/usr/local/pace-apps/spack/packages/linux-rhel7-x86_64/gcc-10.3.0/fftw-3.3.10-dgx5szpp2x4fznqfuaoucmwieqxbgpg6/lib -lfftw3 -L/storage/home/hcoda1/4/smanasreh6/RBC3D/packages/LAPACK95 -llapack95 -L/storage/home/hcoda1/4/smanasreh6/RBC3D/packages/mypetsc/lib -lpetscksp -lpetscdm -lpetscmat -lpetscvec -lpetsc  -L/usr/local/pace-apps/spack/packages/linux-rhel7-x86_64/gcc-10.3.0/netcdf-fortran-4.5.4-yx5osuxluenmuvr3xnahmosfr3abeu2p/lib -lnetcdff -L/storage/home/hcoda1/4/smanasreh6/RBC3D/packages/mkl/lib/em64t -Wl,-rpath,/storage/home/hcoda1/4/smanasreh6/RBC3D/packages/mkl/lib/em64t -lmkl_lapack -lmkl -lguide -lpthread 
 Node            0  of           96  running on atl1-1-02-015-34-1.pace.gatech.edu
 Node            1  of           96  running on atl1-1-02-015-34-1.pace.gatech.edu
 Node            2  of           96  running on atl1-1-02-015-34-1.pace.gatech.edu
 Node            3  of           96  running on atl1-1-02-015-34-1.pace.gatech.edu
 Node            4  of           96  running on atl1-1-02-015-34-1.pace.gatech.edu
 Node            5  of           96  running on atl1-1-02-015-34-1.pace.gatech.edu
 Node            6  of           96  running on atl1-1-02-015-34-1.pace.gatech.edu
 Node            7  of           96  running on atl1-1-02-015-34-1.pace.gatech.edu
 Node            8  of           96  running on atl1-1-02-015-34-1.pace.gatech.edu
 Node            9  of           96  running on atl1-1-02-015-34-1.pace.gatech.edu
 Node           10  of           96  running on atl1-1-02-015-34-1.pace.gatech.edu
 Node           11  of           96  running on atl1-1-02-015-34-1.pace.gatech.edu
 Node           12  of           96  running on atl1-1-02-015-34-1.pace.gatech.edu
 Node           13  of           96  running on atl1-1-02-015-34-1.pace.gatech.edu
 Node           14  of           96  running on atl1-1-02-015-34-1.pace.gatech.edu
 Node           15  of           96  running on atl1-1-02-015-34-1.pace.gatech.edu
 Node           16  of           96  running on atl1-1-02-015-34-1.pace.gatech.edu
 Node           17  of           96  running on atl1-1-02-015-34-1.pace.gatech.edu
 Node           18  of           96  running on atl1-1-02-015-34-1.pace.gatech.edu
 Node           19  of           96  running on atl1-1-02-015-34-1.pace.gatech.edu
 Node           20  of           96  running on atl1-1-02-015-34-1.pace.gatech.edu
 Node           21  of           96  running on atl1-1-02-015-34-1.pace.gatech.edu
 Node           22  of           96  running on atl1-1-02-015-34-1.pace.gatech.edu
 Node           23  of           96  running on atl1-1-02-015-34-1.pace.gatech.edu
 Node           24  of           96  running on atl1-1-02-015-34-2.pace.gatech.edu
 Node           25  of           96  running on atl1-1-02-015-34-2.pace.gatech.edu
 Node           26  of           96  running on atl1-1-02-015-34-2.pace.gatech.edu
 Node           27  of           96  running on atl1-1-02-015-34-2.pace.gatech.edu
 Node           28  of           96  running on atl1-1-02-015-34-2.pace.gatech.edu
 Node           29  of           96  running on atl1-1-02-015-34-2.pace.gatech.edu
 Node           30  of           96  running on atl1-1-02-015-34-2.pace.gatech.edu
 Node           31  of           96  running on atl1-1-02-015-34-2.pace.gatech.edu
 Node           32  of           96  running on atl1-1-02-015-34-2.pace.gatech.edu
 Node           33  of           96  running on atl1-1-02-015-34-2.pace.gatech.edu
 Node           34  of           96  running on atl1-1-02-015-34-2.pace.gatech.edu
 Node           35  of           96  running on atl1-1-02-015-34-2.pace.gatech.edu
 Node           36  of           96  running on atl1-1-02-015-34-2.pace.gatech.edu
 Node           37  of           96  running on atl1-1-02-015-34-2.pace.gatech.edu
 Node           38  of           96  running on atl1-1-02-015-34-2.pace.gatech.edu
 Node           39  of           96  running on atl1-1-02-015-34-2.pace.gatech.edu
 Node           40  of           96  running on atl1-1-02-015-34-2.pace.gatech.edu
 Node           41  of           96  running on atl1-1-02-015-34-2.pace.gatech.edu
 Node           42  of           96  running on atl1-1-02-015-34-2.pace.gatech.edu
 Node           43  of           96  running on atl1-1-02-015-34-2.pace.gatech.edu
 Node           44  of           96  running on atl1-1-02-015-34-2.pace.gatech.edu
 Node           45  of           96  running on atl1-1-02-015-34-2.pace.gatech.edu
 Node           46  of           96  running on atl1-1-02-015-34-2.pace.gatech.edu
 Node           47  of           96  running on atl1-1-02-015-34-2.pace.gatech.edu
 Node           48  of           96  running on atl1-1-02-015-36-1.pace.gatech.edu
 Node           49  of           96  running on atl1-1-02-015-36-1.pace.gatech.edu
 Node           50  of           96  running on atl1-1-02-015-36-1.pace.gatech.edu
 Node           51  of           96  running on atl1-1-02-015-36-1.pace.gatech.edu
 Node           52  of           96  running on atl1-1-02-015-36-1.pace.gatech.edu
 Node           53  of           96  running on atl1-1-02-015-36-1.pace.gatech.edu
 Node           54  of           96  running on atl1-1-02-015-36-1.pace.gatech.edu
 Node           55  of           96  running on atl1-1-02-015-36-1.pace.gatech.edu
 Node           56  of           96  running on atl1-1-02-015-36-1.pace.gatech.edu
 Node           57  of           96  running on atl1-1-02-015-36-1.pace.gatech.edu
 Node           58  of           96  running on atl1-1-02-015-36-1.pace.gatech.edu
 Node           59  of           96  running on atl1-1-02-015-36-1.pace.gatech.edu
 Node           60  of           96  running on atl1-1-02-015-36-1.pace.gatech.edu
 Node           61  of           96  running on atl1-1-02-015-36-1.pace.gatech.edu
 Node           62  of           96  running on atl1-1-02-015-36-1.pace.gatech.edu
 Node           63  of           96  running on atl1-1-02-015-36-1.pace.gatech.edu
 Node           64  of           96  running on atl1-1-02-015-36-1.pace.gatech.edu
 Node           65  of           96  running on atl1-1-02-015-36-1.pace.gatech.edu
 Node           66  of           96  running on atl1-1-02-015-36-1.pace.gatech.edu
 Node           67  of           96  running on atl1-1-02-015-36-1.pace.gatech.edu
 Node           68  of           96  running on atl1-1-02-015-36-1.pace.gatech.edu
 Node           69  of           96  running on atl1-1-02-015-36-1.pace.gatech.edu
 Node           70  of           96  running on atl1-1-02-015-36-1.pace.gatech.edu
 Node           71  of           96  running on atl1-1-02-015-36-1.pace.gatech.edu
 Node           72  of           96  running on atl1-1-02-015-36-2.pace.gatech.edu
 Node           73  of           96  running on atl1-1-02-015-36-2.pace.gatech.edu
 Node           74  of           96  running on atl1-1-02-015-36-2.pace.gatech.edu
 Node           75  of           96  running on atl1-1-02-015-36-2.pace.gatech.edu
 Node           76  of           96  running on atl1-1-02-015-36-2.pace.gatech.edu
 Node           77  of           96  running on atl1-1-02-015-36-2.pace.gatech.edu
 Node           78  of           96  running on atl1-1-02-015-36-2.pace.gatech.edu
 Node           79  of           96  running on atl1-1-02-015-36-2.pace.gatech.edu
 Node           80  of           96  running on atl1-1-02-015-36-2.pace.gatech.edu
 Node           81  of           96  running on atl1-1-02-015-36-2.pace.gatech.edu
 Node           82  of           96  running on atl1-1-02-015-36-2.pace.gatech.edu
 Node           83  of           96  running on atl1-1-02-015-36-2.pace.gatech.edu
 Node           84  of           96  running on atl1-1-02-015-36-2.pace.gatech.edu
 Node           85  of           96  running on atl1-1-02-015-36-2.pace.gatech.edu
 Node           86  of           96  running on atl1-1-02-015-36-2.pace.gatech.edu
 Node           87  of           96  running on atl1-1-02-015-36-2.pace.gatech.edu
 Node           88  of           96  running on atl1-1-02-015-36-2.pace.gatech.edu
 Node           89  of           96  running on atl1-1-02-015-36-2.pace.gatech.edu
 Node           90  of           96  running on atl1-1-02-015-36-2.pace.gatech.edu
 Node           91  of           96  running on atl1-1-02-015-36-2.pace.gatech.edu
 Node           92  of           96  running on atl1-1-02-015-36-2.pace.gatech.edu
 Node           93  of           96  running on atl1-1-02-015-36-2.pace.gatech.edu
 Node           94  of           96  running on atl1-1-02-015-36-2.pace.gatech.edu
 Node           95  of           96  running on atl1-1-02-015-36-2.pace.gatech.edu
 Number of nodes for physical Ewald sum =           96
 Number of nodes for Fourier Ewald sum =           96

 Num RBCs in simulation is           38
 Num RBCs in simulation is           38
 Num RBCs in simulation is           38
 Num RBCs in simulation is           38
 Num RBCs in simulation is           38
 Num RBCs in simulation is           38
 Num RBCs in simulation is           38
 Num RBCs in simulation is           38
 Num RBCs in simulation is           38
 Num RBCs in simulation is           38
 Num RBCs in simulation is           38
 Num RBCs in simulation is           38
 Num RBCs in simulation is           38
 Num RBCs in simulation is           38
 Num RBCs in simulation is           38
 Num RBCs in simulation is           38
 Num RBCs in simulation is           38
 Num RBCs in simulation is           38
 Num RBCs in simulation is           38
 Num RBCs in simulation is           38
 Num RBCs in simulation is           38
 Num RBCs in simulation is           38
 Num RBCs in simulation is           38
 Num RBCs in simulation is           38
 Num RBCs in simulation is           38
 Num RBCs in simulation is           38
 Num RBCs in simulation is           38
 Adding Cell #           1
 placed celltype 2 closer to center
 placed celltype 2 closer to center
 placed celltype 2 closer to center
 placed celltype 2 closer to center
 placed celltype 2 closer to center
 placed celltype 2 closer to center
 placed celltype 2 closer to center
 placed celltype 2 closer to center
 placed celltype 2 closer to center
 placed celltype 2 closer to center
 placed celltype 2 closer to center
 placed celltype 2 closer to center
 placed celltype 2 closer to center
 placed celltype 2 closer to center
 placed celltype 2 closer to center
 placed celltype 2 closer to center
 placed celltype 2 closer to center
 placed celltype 2 closer to center
 placed celltype 2 closer to center
 placed celltype 2 closer to center
 placed celltype 2 closer to center
 placed celltype 2 closer to center
 placed celltype 2 closer to center
 placed celltype 2 closer to center
 Cell #           1 Placed; Time Cost =    1.1276245117187500E-002
 Adding Cell #           2
 Num RBCs in simulation is           38
 Num RBCs in simulation is           38
 Num RBCs in simulation is           38
 Num RBCs in simulation is           38
 Num RBCs in simulation is           38
 Num RBCs in simulation is           38
 Num RBCs in simulation is           38
 Num RBCs in simulation is           38
 Num RBCs in simulation is           38
 Num RBCs in simulation is           38
 Num RBCs in simulation is           38
 Num RBCs in simulation is           38
 Num RBCs in simulation is           38
 Num RBCs in simulation is           38
 Num RBCs in simulation is           38
 Num RBCs in simulation is           38
 Num RBCs in simulation is           38
 Num RBCs in simulation is           38
 Num RBCs in simulation is           38
 Num RBCs in simulation is           38
 Num RBCs in simulation is           38
 Num RBCs in simulation is           38
 Num RBCs in simulation is           38
 Num RBCs in simulation is           38
 Num RBCs in simulation is           38
 Num RBCs in simulation is           38
 Num RBCs in simulation is           38
 Num RBCs in simulation is           38
 Num RBCs in simulation is           38
 Num RBCs in simulation is           38
 Num RBCs in simulation is           38
 Num RBCs in simulation is           38
 Num RBCs in simulation is           38
 Num RBCs in simulation is           38
 Num RBCs in simulation is           38
 Num RBCs in simulation is           38
 Num RBCs in simulation is           38
 Num RBCs in simulation is           38
 Num RBCs in simulation is           38
 Num RBCs in simulation is           38
 Num RBCs in simulation is           38
 Num RBCs in simulation is           38
 Num RBCs in simulation is           38
 Num RBCs in simulation is           38
 Num RBCs in simulation is           38
 Num RBCs in simulation is           38
 Num RBCs in simulation is           38
 Num RBCs in simulation is           38
 Num RBCs in simulation is           38
 Num RBCs in simulation is           38
 Num RBCs in simulation is           38
 Num RBCs in simulation is           38
 Num RBCs in simulation is           38
 Num RBCs in simulation is           38
 Num RBCs in simulation is           38
 Num RBCs in simulation is           38
 Num RBCs in simulation is           38
 Num RBCs in simulation is           38
 Num RBCs in simulation is           38
 Num RBCs in simulation is           38
 Num RBCs in simulation is           38
 Num RBCs in simulation is           38
 Num RBCs in simulation is           38
 Num RBCs in simulation is           38
 Num RBCs in simulation is           38
 Num RBCs in simulation is           38
 Num RBCs in simulation is           38
 Num RBCs in simulation is           38
 Num RBCs in simulation is           38
 placed celltype 2 closer to center
 placed celltype 2 closer to center
 placed celltype 2 closer to center
 placed celltype 2 closer to center
 placed celltype 2 closer to center
 placed celltype 2 closer to center
 placed celltype 2 closer to center
 placed celltype 2 closer to center
 placed celltype 2 closer to center
 placed celltype 2 closer to center
 placed celltype 2 closer to center
 placed celltype 2 closer to center
 placed celltype 2 closer to center
 placed celltype 2 closer to center
 placed celltype 2 closer to center
 placed celltype 2 closer to center
 placed celltype 2 closer to center
 placed celltype 2 closer to center
 placed celltype 2 closer to center
 placed celltype 2 closer to center
 placed celltype 2 closer to center
 placed celltype 2 closer to center
 placed celltype 2 closer to center
 placed celltype 2 closer to center
 placed celltype 2 closer to center
 placed celltype 2 closer to center
 placed celltype 2 closer to center
 placed celltype 2 closer to center
 placed celltype 2 closer to center
 placed celltype 2 closer to center
 placed celltype 2 closer to center
 placed celltype 2 closer to center
 placed celltype 2 closer to center
 placed celltype 2 closer to center
 placed celltype 2 closer to center
 placed celltype 2 closer to center
 placed celltype 2 closer to center
 placed celltype 2 closer to center
 placed celltype 2 closer to center
 placed celltype 2 closer to center
 placed celltype 2 closer to center
 placed celltype 2 closer to center
 placed celltype 2 closer to center
 placed celltype 2 closer to center
 placed celltype 2 closer to center
 placed celltype 2 closer to center
 placed celltype 2 closer to center
 placed celltype 2 closer to center
 placed celltype 2 closer to center
 placed celltype 2 closer to center
 placed celltype 2 closer to center
 placed celltype 2 closer to center
 placed celltype 2 closer to center
 placed celltype 2 closer to center
 placed celltype 2 closer to center
 placed celltype 2 closer to center
 placed celltype 2 closer to center
 placed celltype 2 closer to center
 placed celltype 2 closer to center
 placed celltype 2 closer to center
 placed celltype 2 closer to center
 placed celltype 2 closer to center
 placed celltype 2 closer to center
 placed celltype 2 closer to center
 placed celltype 2 closer to center
 placed celltype 2 closer to center
 placed celltype 2 closer to center
 placed celltype 2 closer to center
 placed celltype 2 closer to center
 placed celltype 2 closer to center
 placed celltype 2 closer to center
 placed celltype 2 closer to center
 Cell #           2 Placed; Time Cost =    4.4146776199340820E-002
 Adding Cell #           3
 Cell #           3 Placed; Time Cost =    5.2855014801025391E-002
 Adding Cell #           4
 Cell #           4 Placed; Time Cost =    1.4584064483642578E-002
 Adding Cell #           5
 Cell #           5 Placed; Time Cost =    2.5521039962768555E-002
 Adding Cell #           6
 Cell #           6 Placed; Time Cost =    7.8784465789794922E-002
 Adding Cell #           7
 Cell #           7 Placed; Time Cost =    3.4962415695190430E-002
 Adding Cell #           8
 Cell #           8 Placed; Time Cost =    3.7422657012939453E-002
 Adding Cell #           9
 Cell #           9 Placed; Time Cost =    4.0352344512939453E-002
 Adding Cell #          10
 Cell #          10 Placed; Time Cost =    2.1752357482910156E-002
 Adding Cell #          11
 Cell #          11 Placed; Time Cost =    8.9337348937988281E-002
 Adding Cell #          12
 Cell #          12 Placed; Time Cost =   0.43867707252502441     
 Adding Cell #          13
 Cell #          13 Placed; Time Cost =   0.29250359535217285     
 Adding Cell #          14
 Cell #          14 Placed; Time Cost =    5.3586721420288086E-002
 Adding Cell #          15
 Cell #          15 Placed; Time Cost =   0.98534512519836426     
 Adding Cell #          16
 Cell #          16 Placed; Time Cost =   0.35841107368469238     
 Adding Cell #          17
 Cell #          17 Placed; Time Cost =    5.8969974517822266E-002
 Adding Cell #          18
 Cell #          18 Placed; Time Cost =   0.46086907386779785     
 Adding Cell #          19
 Cell #          19 Placed; Time Cost =   0.22232079505920410     
 Adding Cell #          20
 Cell #          20 Placed; Time Cost =   0.19912433624267578     
 Adding Cell #          21
 Cell #          21 Placed; Time Cost =   0.27658915519714355     
 Adding Cell #          22
 Cell #          22 Placed; Time Cost =    3.3646554946899414     
 Adding Cell #          23
 Cell #          23 Placed; Time Cost =   0.42945551872253418     
 Adding Cell #          24
 Cell #          24 Placed; Time Cost =    1.1570053100585938     
 Adding Cell #          25
 Cell #          25 Placed; Time Cost =   0.44200491905212402     
 Adding Cell #          26
 Cell #          26 Placed; Time Cost =   0.86333775520324707     
 Adding Cell #          27
 Cell #          27 Placed; Time Cost =    3.1766698360443115     
 Adding Cell #          28
 Cell #          28 Placed; Time Cost =   0.61458659172058105     
 Adding Cell #          29
 Cell #          29 Placed; Time Cost =    10.843181133270264     
 Adding Cell #          30
 Cell #          30 Placed; Time Cost =    3.1568069458007812     
 Adding Cell #          31
 Cell #          31 Placed; Time Cost =    2.7751753330230713     
 Adding Cell #          32
 Cell #          32 Placed; Time Cost =   0.19274115562438965     
 Adding Cell #          33
 Cell #          33 Placed; Time Cost =    4.8899781703948975     
 Adding Cell #          34
 Cell #          34 Placed; Time Cost =    1.2555177211761475     
 Adding Cell #          35
 Cell #          35 Placed; Time Cost =    73.721040248870850     
 Adding Cell #          36
 Cell #          36 Placed; Time Cost =    16.335528612136841     
 Adding Cell #          37
---------------------------------------
Begin Slurm Epilog: May-05-2024 21:54:05
Job ID:        5908496
Array Job ID:  _4294967294
User ID:       smanasreh6
Account:       gts-sbryngelson3
Job name:      run.sh
Resources:     cpu=96,mem=192G,node=4
Rsrc Used:     cput=05:16:48,vmem=18464K,walltime=00:03:18,mem=7520K,energy_used=0
Partition:     cpu-small
QOS:           embers
Nodes:         atl1-1-02-015-34-[1-2],atl1-1-02-015-36-[1-2]
---------------------------------------
