---------------------------------------
Begin Slurm Prolog: Apr-06-2024 12:53:57
Job ID:    5587146
User ID:   smanasreh6
Account:   gts-sbryngelson3
Job name:  run.sh
Partition: cpu-small
QOS:       embers
---------------------------------------
rm -f *.o *.mod *.a core*
make: `.depend' is up to date.
mpif90 -fallow-argument-mismatch -freal-4-real-8  -O3  -I/storage/home/hcoda1/4/smanasreh6/RBC3D/common -I/storage/home/hcoda1/4/smanasreh6/RBC3D/packages/mkl/interfaces/lapack95/obj -I/storage/home/hcoda1/4/smanasreh6/RBC3D/packages/LAPACK95/lapack95_modules -I/storage/home/hcoda1/4/smanasreh6/RBC3D/packages/mypetsc/include -I/usr/local/pace-apps/spack/packages/linux-rhel7-x86_64/gcc-10.3.0/netcdf-fortran-4.5.4-yx5osuxluenmuvr3xnahmosfr3abeu2p/include -c ModDataTypes.F90
mpif90 -fallow-argument-mismatch -freal-4-real-8  -O3  -I/storage/home/hcoda1/4/smanasreh6/RBC3D/common -I/storage/home/hcoda1/4/smanasreh6/RBC3D/packages/mkl/interfaces/lapack95/obj -I/storage/home/hcoda1/4/smanasreh6/RBC3D/packages/LAPACK95/lapack95_modules -I/storage/home/hcoda1/4/smanasreh6/RBC3D/packages/mypetsc/include -I/usr/local/pace-apps/spack/packages/linux-rhel7-x86_64/gcc-10.3.0/netcdf-fortran-4.5.4-yx5osuxluenmuvr3xnahmosfr3abeu2p/include -c ModFFT.F90
mpif90 -fallow-argument-mismatch -freal-4-real-8  -O3  -I/storage/home/hcoda1/4/smanasreh6/RBC3D/common -I/storage/home/hcoda1/4/smanasreh6/RBC3D/packages/mkl/interfaces/lapack95/obj -I/storage/home/hcoda1/4/smanasreh6/RBC3D/packages/LAPACK95/lapack95_modules -I/storage/home/hcoda1/4/smanasreh6/RBC3D/packages/mypetsc/include -I/usr/local/pace-apps/spack/packages/linux-rhel7-x86_64/gcc-10.3.0/netcdf-fortran-4.5.4-yx5osuxluenmuvr3xnahmosfr3abeu2p/include -c ModDataStruct.F90
mpif90 -fallow-argument-mismatch -freal-4-real-8  -O3  -I/storage/home/hcoda1/4/smanasreh6/RBC3D/common -I/storage/home/hcoda1/4/smanasreh6/RBC3D/packages/mkl/interfaces/lapack95/obj -I/storage/home/hcoda1/4/smanasreh6/RBC3D/packages/LAPACK95/lapack95_modules -I/storage/home/hcoda1/4/smanasreh6/RBC3D/packages/mypetsc/include -I/usr/local/pace-apps/spack/packages/linux-rhel7-x86_64/gcc-10.3.0/netcdf-fortran-4.5.4-yx5osuxluenmuvr3xnahmosfr3abeu2p/include -c ModConf.F90
ModConf.F90:579:24:

  565 |     call MPI_AllGatherV(ia, sendcount, MPI_INTEGER, &
      |                        2
......
  579 |     call MPI_AllGatherV(aSend, sendcount, MPI_WP, &
      |                        1
Warning: Type mismatch between actual argument at (1) and actual argument at (2) (REAL(8)/INTEGER(4)).
ModConf.F90:403:21:

  384 |       call MPI_Bcast(rc_Ewd, 1, MPI_WP, 0, MPI_Comm_Ewald, ierr)
      |                     2
......
  403 |       call MPI_Bcast(Nb_Ewd, 3, MPI_Integer, 0, MPI_Comm_Ewald, ierr)
      |                     1
Warning: Type mismatch between actual argument at (1) and actual argument at (2) (INTEGER(4)/REAL(8)).
ModConf.F90:290:19:

  290 |     call MPI_Bcast(viscRat, nCellTypes, MPI_WP, 0, MPI_COMM_WORLD, ierr)
      |                   1
......
  384 |       call MPI_Bcast(rc_Ewd, 1, MPI_WP, 0, MPI_Comm_Ewald, ierr)
      |                     2
Warning: Rank mismatch between actual argument at (1) and actual argument at (2) (scalar and rank-1)
ModConf.F90:291:19:

  291 |     call MPI_Bcast(refRad, nCellTypes, MPI_WP, 0, MPI_COMM_WORLD, ierr)
      |                   1
......
  384 |       call MPI_Bcast(rc_Ewd, 1, MPI_WP, 0, MPI_Comm_Ewald, ierr)
      |                     2
Warning: Rank mismatch between actual argument at (1) and actual argument at (2) (scalar and rank-1)
ModConf.F90:296:19:

  296 |     call MPI_Bcast(pgradTar, 3, MPI_WP, 0, MPI_Comm_World, ierr)
      |                   1
......
  384 |       call MPI_Bcast(rc_Ewd, 1, MPI_WP, 0, MPI_Comm_Ewald, ierr)
      |                     2
Warning: Rank mismatch between actual argument at (1) and actual argument at (2) (scalar and rank-1)
ModConf.F90:314:19:

  314 |     call MPI_Bcast(fmags, 4, MPI_WP, 0, MPI_Comm_World, ierr)
      |                   1
......
  384 |       call MPI_Bcast(rc_Ewd, 1, MPI_WP, 0, MPI_Comm_Ewald, ierr)
      |                     2
Warning: Rank mismatch between actual argument at (1) and actual argument at (2) (scalar and rank-1)
ModConf.F90:136:22:

  135 |         call MPI_Recv(lenname, 1, MPI_Integer, i, 1, MPI_Comm_World, stat, ierr)
      |                      2
  136 |         call MPI_Recv(machinename, lenname, MPI_Character, i, 1, MPI_Comm_World, stat, ierr)
      |                      1
Warning: Type mismatch between actual argument at (1) and actual argument at (2) (CHARACTER(127)/INTEGER(4)).
ModConf.F90:141:20:

  140 |       call MPI_Send(lenname, 1, MPI_Integer, 0, 1, MPI_Comm_World, stat, ierr)
      |                    2
  141 |       call MPI_Send(machinename, lenname, MPI_Character, 0, 1, MPI_Comm_World, stat, ierr)
      |                    1
Warning: Type mismatch between actual argument at (1) and actual argument at (2) (CHARACTER(127)/INTEGER(4)).
mpif90 -fallow-argument-mismatch -freal-4-real-8  -O3  -I/storage/home/hcoda1/4/smanasreh6/RBC3D/common -I/storage/home/hcoda1/4/smanasreh6/RBC3D/packages/mkl/interfaces/lapack95/obj -I/storage/home/hcoda1/4/smanasreh6/RBC3D/packages/LAPACK95/lapack95_modules -I/storage/home/hcoda1/4/smanasreh6/RBC3D/packages/mypetsc/include -I/usr/local/pace-apps/spack/packages/linux-rhel7-x86_64/gcc-10.3.0/netcdf-fortran-4.5.4-yx5osuxluenmuvr3xnahmosfr3abeu2p/include -c ModQuadRule.F90
mpif90 -fallow-argument-mismatch -freal-4-real-8  -O3  -I/storage/home/hcoda1/4/smanasreh6/RBC3D/common -I/storage/home/hcoda1/4/smanasreh6/RBC3D/packages/mkl/interfaces/lapack95/obj -I/storage/home/hcoda1/4/smanasreh6/RBC3D/packages/LAPACK95/lapack95_modules -I/storage/home/hcoda1/4/smanasreh6/RBC3D/packages/mypetsc/include -I/usr/local/pace-apps/spack/packages/linux-rhel7-x86_64/gcc-10.3.0/netcdf-fortran-4.5.4-yx5osuxluenmuvr3xnahmosfr3abeu2p/include -c ModBasicMath.F90
mpif90 -fallow-argument-mismatch -freal-4-real-8  -O3  -I/storage/home/hcoda1/4/smanasreh6/RBC3D/common -I/storage/home/hcoda1/4/smanasreh6/RBC3D/packages/mkl/interfaces/lapack95/obj -I/storage/home/hcoda1/4/smanasreh6/RBC3D/packages/LAPACK95/lapack95_modules -I/storage/home/hcoda1/4/smanasreh6/RBC3D/packages/mypetsc/include -I/usr/local/pace-apps/spack/packages/linux-rhel7-x86_64/gcc-10.3.0/netcdf-fortran-4.5.4-yx5osuxluenmuvr3xnahmosfr3abeu2p/include -c ModPolarPatch.F90
mpif90 -fallow-argument-mismatch -freal-4-real-8  -O3  -I/storage/home/hcoda1/4/smanasreh6/RBC3D/common -I/storage/home/hcoda1/4/smanasreh6/RBC3D/packages/mkl/interfaces/lapack95/obj -I/storage/home/hcoda1/4/smanasreh6/RBC3D/packages/LAPACK95/lapack95_modules -I/storage/home/hcoda1/4/smanasreh6/RBC3D/packages/mypetsc/include -I/usr/local/pace-apps/spack/packages/linux-rhel7-x86_64/gcc-10.3.0/netcdf-fortran-4.5.4-yx5osuxluenmuvr3xnahmosfr3abeu2p/include -c ModSpline.F90
mpif90 -fallow-argument-mismatch -freal-4-real-8  -O3  -I/storage/home/hcoda1/4/smanasreh6/RBC3D/common -I/storage/home/hcoda1/4/smanasreh6/RBC3D/packages/mkl/interfaces/lapack95/obj -I/storage/home/hcoda1/4/smanasreh6/RBC3D/packages/LAPACK95/lapack95_modules -I/storage/home/hcoda1/4/smanasreh6/RBC3D/packages/mypetsc/include -I/usr/local/pace-apps/spack/packages/linux-rhel7-x86_64/gcc-10.3.0/netcdf-fortran-4.5.4-yx5osuxluenmuvr3xnahmosfr3abeu2p/include -c ModEwaldFunc.F90
mpif90 -fallow-argument-mismatch -freal-4-real-8  -O3  -I/storage/home/hcoda1/4/smanasreh6/RBC3D/common -I/storage/home/hcoda1/4/smanasreh6/RBC3D/packages/mkl/interfaces/lapack95/obj -I/storage/home/hcoda1/4/smanasreh6/RBC3D/packages/LAPACK95/lapack95_modules -I/storage/home/hcoda1/4/smanasreh6/RBC3D/packages/mypetsc/include -I/usr/local/pace-apps/spack/packages/linux-rhel7-x86_64/gcc-10.3.0/netcdf-fortran-4.5.4-yx5osuxluenmuvr3xnahmosfr3abeu2p/include -c ModRbcSingInt.F90
mpif90 -fallow-argument-mismatch -freal-4-real-8  -O3  -I/storage/home/hcoda1/4/smanasreh6/RBC3D/common -I/storage/home/hcoda1/4/smanasreh6/RBC3D/packages/mkl/interfaces/lapack95/obj -I/storage/home/hcoda1/4/smanasreh6/RBC3D/packages/LAPACK95/lapack95_modules -I/storage/home/hcoda1/4/smanasreh6/RBC3D/packages/mypetsc/include -I/usr/local/pace-apps/spack/packages/linux-rhel7-x86_64/gcc-10.3.0/netcdf-fortran-4.5.4-yx5osuxluenmuvr3xnahmosfr3abeu2p/include -c ModHashTable.F90
mpif90 -fallow-argument-mismatch -freal-4-real-8  -O3  -I/storage/home/hcoda1/4/smanasreh6/RBC3D/common -I/storage/home/hcoda1/4/smanasreh6/RBC3D/packages/mkl/interfaces/lapack95/obj -I/storage/home/hcoda1/4/smanasreh6/RBC3D/packages/LAPACK95/lapack95_modules -I/storage/home/hcoda1/4/smanasreh6/RBC3D/packages/mypetsc/include -I/usr/local/pace-apps/spack/packages/linux-rhel7-x86_64/gcc-10.3.0/netcdf-fortran-4.5.4-yx5osuxluenmuvr3xnahmosfr3abeu2p/include -c ModTargetList.F90
mpif90 -fallow-argument-mismatch -freal-4-real-8  -O3  -I/storage/home/hcoda1/4/smanasreh6/RBC3D/common -I/storage/home/hcoda1/4/smanasreh6/RBC3D/packages/mkl/interfaces/lapack95/obj -I/storage/home/hcoda1/4/smanasreh6/RBC3D/packages/LAPACK95/lapack95_modules -I/storage/home/hcoda1/4/smanasreh6/RBC3D/packages/mypetsc/include -I/usr/local/pace-apps/spack/packages/linux-rhel7-x86_64/gcc-10.3.0/netcdf-fortran-4.5.4-yx5osuxluenmuvr3xnahmosfr3abeu2p/include -c ModSourceList.F90
mpif90 -fallow-argument-mismatch -freal-4-real-8  -O3  -I/storage/home/hcoda1/4/smanasreh6/RBC3D/common -I/storage/home/hcoda1/4/smanasreh6/RBC3D/packages/mkl/interfaces/lapack95/obj -I/storage/home/hcoda1/4/smanasreh6/RBC3D/packages/LAPACK95/lapack95_modules -I/storage/home/hcoda1/4/smanasreh6/RBC3D/packages/mypetsc/include -I/usr/local/pace-apps/spack/packages/linux-rhel7-x86_64/gcc-10.3.0/netcdf-fortran-4.5.4-yx5osuxluenmuvr3xnahmosfr3abeu2p/include -c ModData.F90
mpif90 -fallow-argument-mismatch -freal-4-real-8  -O3  -I/storage/home/hcoda1/4/smanasreh6/RBC3D/common -I/storage/home/hcoda1/4/smanasreh6/RBC3D/packages/mkl/interfaces/lapack95/obj -I/storage/home/hcoda1/4/smanasreh6/RBC3D/packages/LAPACK95/lapack95_modules -I/storage/home/hcoda1/4/smanasreh6/RBC3D/packages/mypetsc/include -I/usr/local/pace-apps/spack/packages/linux-rhel7-x86_64/gcc-10.3.0/netcdf-fortran-4.5.4-yx5osuxluenmuvr3xnahmosfr3abeu2p/include -c ModIntOnWalls.F90
mpif90 -fallow-argument-mismatch -freal-4-real-8  -O3  -I/storage/home/hcoda1/4/smanasreh6/RBC3D/common -I/storage/home/hcoda1/4/smanasreh6/RBC3D/packages/mkl/interfaces/lapack95/obj -I/storage/home/hcoda1/4/smanasreh6/RBC3D/packages/LAPACK95/lapack95_modules -I/storage/home/hcoda1/4/smanasreh6/RBC3D/packages/mypetsc/include -I/usr/local/pace-apps/spack/packages/linux-rhel7-x86_64/gcc-10.3.0/netcdf-fortran-4.5.4-yx5osuxluenmuvr3xnahmosfr3abeu2p/include -c ModRepulsion.F90
ModRepulsion.F90:453:27:

  451 |         call MPI_AllReduce(distMin, distMin_Glb, 1, MPI_WP, MPI_MIN, MPI_COMM_WORLD, ierr)
      |                           2
  452 |         if (distMin .ne. distMin_Glb) dx = HUGE(dx)
  453 |         call MPI_AllReduce(dx, dx, 3, MPI_WP, MPI_MIN, MPI_COMM_WORLD, ierr)
      |                           1
Warning: Rank mismatch between actual argument at (1) and actual argument at (2) (scalar and rank-1)
ModRepulsion.F90:337:23:

  337 |     call MPI_AllReduce(cntDx, cntDx_Glb, 1, MPI_INTEGER, MPI_SUM, MPI_COMM_WORLD, ierr)
      |                       1
......
  451 |         call MPI_AllReduce(distMin, distMin_Glb, 1, MPI_WP, MPI_MIN, MPI_COMM_WORLD, ierr)
      |                           2
Warning: Type mismatch between actual argument at (1) and actual argument at (2) (INTEGER(4)/REAL(8)).
mpif90 -fallow-argument-mismatch -freal-4-real-8  -O3  -I/storage/home/hcoda1/4/smanasreh6/RBC3D/common -I/storage/home/hcoda1/4/smanasreh6/RBC3D/packages/mkl/interfaces/lapack95/obj -I/storage/home/hcoda1/4/smanasreh6/RBC3D/packages/LAPACK95/lapack95_modules -I/storage/home/hcoda1/4/smanasreh6/RBC3D/packages/mypetsc/include -I/usr/local/pace-apps/spack/packages/linux-rhel7-x86_64/gcc-10.3.0/netcdf-fortran-4.5.4-yx5osuxluenmuvr3xnahmosfr3abeu2p/include -c ModIntOnRbcs.F90
mpif90 -fallow-argument-mismatch -freal-4-real-8  -O3  -I/storage/home/hcoda1/4/smanasreh6/RBC3D/common -I/storage/home/hcoda1/4/smanasreh6/RBC3D/packages/mkl/interfaces/lapack95/obj -I/storage/home/hcoda1/4/smanasreh6/RBC3D/packages/LAPACK95/lapack95_modules -I/storage/home/hcoda1/4/smanasreh6/RBC3D/packages/mypetsc/include -I/usr/local/pace-apps/spack/packages/linux-rhel7-x86_64/gcc-10.3.0/netcdf-fortran-4.5.4-yx5osuxluenmuvr3xnahmosfr3abeu2p/include -c ModPFFTW.F90
mpif90 -fallow-argument-mismatch -freal-4-real-8  -O3  -I/storage/home/hcoda1/4/smanasreh6/RBC3D/common -I/storage/home/hcoda1/4/smanasreh6/RBC3D/packages/mkl/interfaces/lapack95/obj -I/storage/home/hcoda1/4/smanasreh6/RBC3D/packages/LAPACK95/lapack95_modules -I/storage/home/hcoda1/4/smanasreh6/RBC3D/packages/mypetsc/include -I/usr/local/pace-apps/spack/packages/linux-rhel7-x86_64/gcc-10.3.0/netcdf-fortran-4.5.4-yx5osuxluenmuvr3xnahmosfr3abeu2p/include -c ModPME.F90
mpif90 -fallow-argument-mismatch -freal-4-real-8  -O3  -I/storage/home/hcoda1/4/smanasreh6/RBC3D/common -I/storage/home/hcoda1/4/smanasreh6/RBC3D/packages/mkl/interfaces/lapack95/obj -I/storage/home/hcoda1/4/smanasreh6/RBC3D/packages/LAPACK95/lapack95_modules -I/storage/home/hcoda1/4/smanasreh6/RBC3D/packages/mypetsc/include -I/usr/local/pace-apps/spack/packages/linux-rhel7-x86_64/gcc-10.3.0/netcdf-fortran-4.5.4-yx5osuxluenmuvr3xnahmosfr3abeu2p/include -c ModPostProcess.F90
mpif90 -fallow-argument-mismatch -freal-4-real-8  -O3  -I/storage/home/hcoda1/4/smanasreh6/RBC3D/common -I/storage/home/hcoda1/4/smanasreh6/RBC3D/packages/mkl/interfaces/lapack95/obj -I/storage/home/hcoda1/4/smanasreh6/RBC3D/packages/LAPACK95/lapack95_modules -I/storage/home/hcoda1/4/smanasreh6/RBC3D/packages/mypetsc/include -I/usr/local/pace-apps/spack/packages/linux-rhel7-x86_64/gcc-10.3.0/netcdf-fortran-4.5.4-yx5osuxluenmuvr3xnahmosfr3abeu2p/include -c ModSphpk.F90
mpif90 -fallow-argument-mismatch -freal-4-real-8  -O3  -I/storage/home/hcoda1/4/smanasreh6/RBC3D/common -I/storage/home/hcoda1/4/smanasreh6/RBC3D/packages/mkl/interfaces/lapack95/obj -I/storage/home/hcoda1/4/smanasreh6/RBC3D/packages/LAPACK95/lapack95_modules -I/storage/home/hcoda1/4/smanasreh6/RBC3D/packages/mypetsc/include -I/usr/local/pace-apps/spack/packages/linux-rhel7-x86_64/gcc-10.3.0/netcdf-fortran-4.5.4-yx5osuxluenmuvr3xnahmosfr3abeu2p/include -c ModWall.F90
mpif90 -fallow-argument-mismatch -freal-4-real-8  -O3  -I/storage/home/hcoda1/4/smanasreh6/RBC3D/common -I/storage/home/hcoda1/4/smanasreh6/RBC3D/packages/mkl/interfaces/lapack95/obj -I/storage/home/hcoda1/4/smanasreh6/RBC3D/packages/LAPACK95/lapack95_modules -I/storage/home/hcoda1/4/smanasreh6/RBC3D/packages/mypetsc/include -I/usr/local/pace-apps/spack/packages/linux-rhel7-x86_64/gcc-10.3.0/netcdf-fortran-4.5.4-yx5osuxluenmuvr3xnahmosfr3abeu2p/include -c ModPolyRoots.F90
mpif90 -fallow-argument-mismatch -freal-4-real-8  -O3  -I/storage/home/hcoda1/4/smanasreh6/RBC3D/common -I/storage/home/hcoda1/4/smanasreh6/RBC3D/packages/mkl/interfaces/lapack95/obj -I/storage/home/hcoda1/4/smanasreh6/RBC3D/packages/LAPACK95/lapack95_modules -I/storage/home/hcoda1/4/smanasreh6/RBC3D/packages/mypetsc/include -I/usr/local/pace-apps/spack/packages/linux-rhel7-x86_64/gcc-10.3.0/netcdf-fortran-4.5.4-yx5osuxluenmuvr3xnahmosfr3abeu2p/include -c ModRbc.F90
mpif90 -fallow-argument-mismatch -freal-4-real-8  -O3  -I/storage/home/hcoda1/4/smanasreh6/RBC3D/common -I/storage/home/hcoda1/4/smanasreh6/RBC3D/packages/mkl/interfaces/lapack95/obj -I/storage/home/hcoda1/4/smanasreh6/RBC3D/packages/LAPACK95/lapack95_modules -I/storage/home/hcoda1/4/smanasreh6/RBC3D/packages/mypetsc/include -I/usr/local/pace-apps/spack/packages/linux-rhel7-x86_64/gcc-10.3.0/netcdf-fortran-4.5.4-yx5osuxluenmuvr3xnahmosfr3abeu2p/include -c ModIO.F90
ModIO.F90:48:30:

   48 |         write (fn, FMT=fn_FMT), 'D/', 'pgrad', Nt0, '.dat'
      |                              1
Warning: Legacy Extension: Comma before i/o item list at (1)
ModIO.F90:53:30:

   53 |         write (fn, FMT=fn_FMT), 'D/', 'flow', Nt0, '.dat'
      |                              1
Warning: Legacy Extension: Comma before i/o item list at (1)
ModIO.F90:58:30:

   58 |         write (fn, FMT=fn_FMT), 'D/', 'ftot', Nt0, '.dat'
      |                              1
Warning: Legacy Extension: Comma before i/o item list at (1)
ModIO.F90:1041:19:

 1038 |     call MPI_Bcast(Lb, 3, MPI_WP, 0, MPI_Comm_World, ierr)
      |                   2
......
 1041 |     call MPI_Bcast(Nt0, 1, MPI_INTEGER, 0, MPI_Comm_World, ierr)
      |                   1
Warning: Type mismatch between actual argument at (1) and actual argument at (2) (INTEGER(4)/REAL(8)).
ModIO.F90:1042:19:

 1038 |     call MPI_Bcast(Lb, 3, MPI_WP, 0, MPI_Comm_World, ierr)
      |                   2
......
 1042 |     call MPI_Bcast(time0, 1, MPI_WP, 0, MPI_Comm_World, ierr)
      |                   1
Warning: Rank mismatch between actual argument at (1) and actual argument at (2) (rank-1 and scalar)
ModIO.F90:962:19:

  962 |     call MPI_Bcast(time0, 1, MPI_WP, 0, MPI_Comm_World, ierr)
      |                   1
......
 1038 |     call MPI_Bcast(Lb, 3, MPI_WP, 0, MPI_Comm_World, ierr)
      |                   2
Warning: Rank mismatch between actual argument at (1) and actual argument at (2) (rank-1 and scalar)
ModIO.F90:832:19:

  832 |     call MPI_Bcast(time0, 1, MPI_WP, 0, MPI_Comm_World, ierr)
      |                   1
......
 1038 |     call MPI_Bcast(Lb, 3, MPI_WP, 0, MPI_Comm_World, ierr)
      |                   2
Warning: Rank mismatch between actual argument at (1) and actual argument at (2) (rank-1 and scalar)
ModIO.F90:862:21:

  862 |       call MPI_Bcast(starting_area, 1, MPI_WP, 0, MPI_Comm_World, ierr)
      |                     1
......
 1038 |     call MPI_Bcast(Lb, 3, MPI_WP, 0, MPI_Comm_World, ierr)
      |                   2  
Warning: Rank mismatch between actual argument at (1) and actual argument at (2) (rank-1 and scalar)
mpif90 -fallow-argument-mismatch -freal-4-real-8  -O3  -I/storage/home/hcoda1/4/smanasreh6/RBC3D/common -I/storage/home/hcoda1/4/smanasreh6/RBC3D/packages/mkl/interfaces/lapack95/obj -I/storage/home/hcoda1/4/smanasreh6/RBC3D/packages/LAPACK95/lapack95_modules -I/storage/home/hcoda1/4/smanasreh6/RBC3D/packages/mypetsc/include -I/usr/local/pace-apps/spack/packages/linux-rhel7-x86_64/gcc-10.3.0/netcdf-fortran-4.5.4-yx5osuxluenmuvr3xnahmosfr3abeu2p/include -c ModVelSolver.F90
mpif90 -fallow-argument-mismatch -freal-4-real-8  -O3  -I/storage/home/hcoda1/4/smanasreh6/RBC3D/common -I/storage/home/hcoda1/4/smanasreh6/RBC3D/packages/mkl/interfaces/lapack95/obj -I/storage/home/hcoda1/4/smanasreh6/RBC3D/packages/LAPACK95/lapack95_modules -I/storage/home/hcoda1/4/smanasreh6/RBC3D/packages/mypetsc/include -I/usr/local/pace-apps/spack/packages/linux-rhel7-x86_64/gcc-10.3.0/netcdf-fortran-4.5.4-yx5osuxluenmuvr3xnahmosfr3abeu2p/include -c ModNoSlip.F90
mpif90 -fallow-argument-mismatch -freal-4-real-8  -O3  -I/storage/home/hcoda1/4/smanasreh6/RBC3D/common -I/storage/home/hcoda1/4/smanasreh6/RBC3D/packages/mkl/interfaces/lapack95/obj -I/storage/home/hcoda1/4/smanasreh6/RBC3D/packages/LAPACK95/lapack95_modules -I/storage/home/hcoda1/4/smanasreh6/RBC3D/packages/mypetsc/include -I/usr/local/pace-apps/spack/packages/linux-rhel7-x86_64/gcc-10.3.0/netcdf-fortran-4.5.4-yx5osuxluenmuvr3xnahmosfr3abeu2p/include -c ModTimeInt.F90
ar ru libcommon.a ModFFT.o ModConf.o ModRbcSingInt.o ModRepulsion.o ModTargetList.o ModBasicMath.o ModIntOnRbcs.o ModPolarPatch.o ModIO.o ModVelSolver.o ModDataTypes.o ModIntOnWalls.o ModRbc.o ModNoSlip.o ModDataStruct.o ModEwaldFunc.o ModSphpk.o ModPolyRoots.o ModPME.o ModPostProcess.o ModHashTable.o ModData.o ModSourceList.o ModTimeInt.o ModSpline.o ModQuadRule.o ModWall.o ModPFFTW.o
ar: creating libcommon.a
ranlib libcommon.a
/storage/home/hcoda1/4/smanasreh6/RBC3D/packages/makedepf90/makedepf90 tube.F90 initcond.F90 > .depend
rm -f initcond tube *.o *.mod *.a core
make: `.depend' is up to date.
mpif90 -fallow-argument-mismatch -freal-4-real-8  -O3  -I/storage/home/hcoda1/4/smanasreh6/RBC3D/common -I/storage/home/hcoda1/4/smanasreh6/RBC3D/packages/mkl/interfaces/lapack95/obj -I/storage/home/hcoda1/4/smanasreh6/RBC3D/packages/LAPACK95/lapack95_modules -I/storage/home/hcoda1/4/smanasreh6/RBC3D/packages/mypetsc/include -I/usr/local/pace-apps/spack/packages/linux-rhel7-x86_64/gcc-10.3.0/netcdf-fortran-4.5.4-yx5osuxluenmuvr3xnahmosfr3abeu2p/include -c initcond.F90
make lib
make[1]: Entering directory `/storage/home/hcoda1/4/smanasreh6/RBC3D/mycases/randomcase2'
make -C /storage/home/hcoda1/4/smanasreh6/RBC3D/common
make[2]: Entering directory `/storage/home/hcoda1/4/smanasreh6/RBC3D/common'
make[2]: Nothing to be done for `all'.
make[2]: Leaving directory `/storage/home/hcoda1/4/smanasreh6/RBC3D/common'
make[1]: Leaving directory `/storage/home/hcoda1/4/smanasreh6/RBC3D/mycases/randomcase2'
mpif90 -fallow-argument-mismatch -freal-4-real-8  -O3  -Wl,--copy-dt-needed-entries -o initcond initcond.o /storage/home/hcoda1/4/smanasreh6/RBC3D/common/libcommon.a -L/storage/home/hcoda1/4/smanasreh6/RBC3D/packages/spherepack3.2/lib -lspherepack -L/usr/local/pace-apps/spack/packages/linux-rhel7-x86_64/gcc-10.3.0/fftw-3.3.10-dgx5szpp2x4fznqfuaoucmwieqxbgpg6/lib -lfftw3 -L/storage/home/hcoda1/4/smanasreh6/RBC3D/packages/LAPACK95 -llapack95 -L/storage/home/hcoda1/4/smanasreh6/RBC3D/packages/mypetsc/lib -lpetscksp -lpetscdm -lpetscmat -lpetscvec -lpetsc  -L/usr/local/pace-apps/spack/packages/linux-rhel7-x86_64/gcc-10.3.0/netcdf-fortran-4.5.4-yx5osuxluenmuvr3xnahmosfr3abeu2p/lib -lnetcdff -L/storage/home/hcoda1/4/smanasreh6/RBC3D/packages/mkl/lib/em64t -Wl,-rpath,/storage/home/hcoda1/4/smanasreh6/RBC3D/packages/mkl/lib/em64t -lmkl_lapack -lmkl -lguide -lpthread 
mpif90 -fallow-argument-mismatch -freal-4-real-8  -O3  -I/storage/home/hcoda1/4/smanasreh6/RBC3D/common -I/storage/home/hcoda1/4/smanasreh6/RBC3D/packages/mkl/interfaces/lapack95/obj -I/storage/home/hcoda1/4/smanasreh6/RBC3D/packages/LAPACK95/lapack95_modules -I/storage/home/hcoda1/4/smanasreh6/RBC3D/packages/mypetsc/include -I/usr/local/pace-apps/spack/packages/linux-rhel7-x86_64/gcc-10.3.0/netcdf-fortran-4.5.4-yx5osuxluenmuvr3xnahmosfr3abeu2p/include -c tube.F90
make lib
make[1]: Entering directory `/storage/home/hcoda1/4/smanasreh6/RBC3D/mycases/randomcase2'
make -C /storage/home/hcoda1/4/smanasreh6/RBC3D/common
make[2]: Entering directory `/storage/home/hcoda1/4/smanasreh6/RBC3D/common'
make[2]: Nothing to be done for `all'.
make[2]: Leaving directory `/storage/home/hcoda1/4/smanasreh6/RBC3D/common'
make[1]: Leaving directory `/storage/home/hcoda1/4/smanasreh6/RBC3D/mycases/randomcase2'
mpif90 -fallow-argument-mismatch -freal-4-real-8  -O3  -Wl,--copy-dt-needed-entries -o tube tube.o /storage/home/hcoda1/4/smanasreh6/RBC3D/common/libcommon.a -L/storage/home/hcoda1/4/smanasreh6/RBC3D/packages/spherepack3.2/lib -lspherepack -L/usr/local/pace-apps/spack/packages/linux-rhel7-x86_64/gcc-10.3.0/fftw-3.3.10-dgx5szpp2x4fznqfuaoucmwieqxbgpg6/lib -lfftw3 -L/storage/home/hcoda1/4/smanasreh6/RBC3D/packages/LAPACK95 -llapack95 -L/storage/home/hcoda1/4/smanasreh6/RBC3D/packages/mypetsc/lib -lpetscksp -lpetscdm -lpetscmat -lpetscvec -lpetsc  -L/usr/local/pace-apps/spack/packages/linux-rhel7-x86_64/gcc-10.3.0/netcdf-fortran-4.5.4-yx5osuxluenmuvr3xnahmosfr3abeu2p/lib -lnetcdff -L/storage/home/hcoda1/4/smanasreh6/RBC3D/packages/mkl/lib/em64t -Wl,-rpath,/storage/home/hcoda1/4/smanasreh6/RBC3D/packages/mkl/lib/em64t -lmkl_lapack -lmkl -lguide -lpthread 
srun: warning: can't run 1 processes on 4 nodes, setting nnodes to 1
 Node            0  of            1  running on atl1-1-02-020-13-2.pace.gatech.edu
 Number of nodes for physical Ewald sum =            1
 Number of nodes for Fourier Ewald sum =            1

 Num RBCs in simulation is          108
 Adding Cell #           1
 Cell #           1 Placed; Time Cost =    1.5347003936767578E-003
 Adding Cell #           2
 Cell #           2 Placed; Time Cost =    1.0692594051361084     
 Adding Cell #           3
 Cell #           3 Placed; Time Cost =    1.0988080501556396     
 Adding Cell #           4
 Cell #           4 Placed; Time Cost =    1.2007923126220703     
 Adding Cell #           5
 Cell #           5 Placed; Time Cost =    1.3191316127777100     
 Adding Cell #           6
 Cell #           6 Placed; Time Cost =    1.8820860385894775     
 Adding Cell #           7
 Cell #           7 Placed; Time Cost =    1.7524580955505371     
 Adding Cell #           8
 Cell #           8 Placed; Time Cost =    1.6872522830963135     
 Adding Cell #           9
 Cell #           9 Placed; Time Cost =    1.8137516975402832     
 Adding Cell #          10
 Cell #          10 Placed; Time Cost =    4.8549311161041260     
 Adding Cell #          11
 Cell #          11 Placed; Time Cost =    2.0036191940307617     
 Adding Cell #          12
 Cell #          12 Placed; Time Cost =    2.2485327720642090     
 Adding Cell #          13
 Cell #          13 Placed; Time Cost =    5.1522119045257568     
 Adding Cell #          14
 Cell #          14 Placed; Time Cost =    3.2748734951019287     
 Adding Cell #          15
 Cell #          15 Placed; Time Cost =    2.5561854839324951     
 Adding Cell #          16
 Cell #          16 Placed; Time Cost =    2.6184618473052979     
 Adding Cell #          17
 Cell #          17 Placed; Time Cost =    2.8265223503112793     
 Adding Cell #          18
 Cell #          18 Placed; Time Cost =    2.8705706596374512     
 Adding Cell #          19
 Cell #          19 Placed; Time Cost =    8.8946940898895264     
 Adding Cell #          20
 Cell #          20 Placed; Time Cost =    4.2280473709106445     
 Adding Cell #          21
 Cell #          21 Placed; Time Cost =    6.1028354167938232     
 Adding Cell #          22
 Cell #          22 Placed; Time Cost =    3.3334138393402100     
 Adding Cell #          23
 Cell #          23 Placed; Time Cost =    7.3617856502532959     
 Adding Cell #          24
 Cell #          24 Placed; Time Cost =    3.5417039394378662     
 Adding Cell #          25
 Cell #          25 Placed; Time Cost =    6.3821609020233154     
 Adding Cell #          26
 Cell #          26 Placed; Time Cost =    16.186620712280273     
 Adding Cell #          27
 Cell #          27 Placed; Time Cost =    7.1925506591796875     
 Adding Cell #          28
 Cell #          28 Placed; Time Cost =    4.0529909133911133     
 Adding Cell #          29
 Cell #          29 Placed; Time Cost =    4.1652860641479492     
 Adding Cell #          30
 Cell #          30 Placed; Time Cost =    8.1983442306518555     
 Adding Cell #          31
 Cell #          31 Placed; Time Cost =    10.382378578186035     
 Adding Cell #          32
 Cell #          32 Placed; Time Cost =    10.096242427825928     
 Adding Cell #          33
 Cell #          33 Placed; Time Cost =    4.7306187152862549     
 Adding Cell #          34
 Cell #          34 Placed; Time Cost =    5.3444931507110596     
 Adding Cell #          35
 Cell #          35 Placed; Time Cost =    10.028389215469360     
 Adding Cell #          36
 Cell #          36 Placed; Time Cost =    19.861117362976074     
 Adding Cell #          37
 Cell #          37 Placed; Time Cost =    12.918751001358032     
 Adding Cell #          38
 Cell #          38 Placed; Time Cost =    27.963229179382324     
 Adding Cell #          39
 Cell #          39 Placed; Time Cost =    15.179670333862305     
 Adding Cell #          40
 Cell #          40 Placed; Time Cost =    11.858280181884766     
 Adding Cell #          41
 Cell #          41 Placed; Time Cost =    106.74220681190491     
 Adding Cell #          42
 Cell #          42 Placed; Time Cost =    34.497461795806885     
 Adding Cell #          43
 Cell #          43 Placed; Time Cost =    57.883837938308716     
 Adding Cell #          44
 Cell #          44 Placed; Time Cost =    40.551869153976440     
 Adding Cell #          45
 Cell #          45 Placed; Time Cost =    12.597623825073242     
 Adding Cell #          46
 Cell #          46 Placed; Time Cost =    6.1815323829650879     
 Adding Cell #          47
 Cell #          47 Placed; Time Cost =    32.455671310424805     
 Adding Cell #          48
 Cell #          48 Placed; Time Cost =    17.666728258132935     
 Adding Cell #          49
 Cell #          49 Placed; Time Cost =    119.91723418235779     
 Adding Cell #          50
 Cell #          50 Placed; Time Cost =    40.391760349273682     
 Adding Cell #          51
 Cell #          51 Placed; Time Cost =    6.6676545143127441     
 Adding Cell #          52
 Cell #          52 Placed; Time Cost =    15.728598594665527     
 Adding Cell #          53
 Cell #          53 Placed; Time Cost =    42.555749654769897     
 Adding Cell #          54
 Cell #          54 Placed; Time Cost =    25.751549720764160     
 Adding Cell #          55
 Cell #          55 Placed; Time Cost =    156.41712903976440     
 Adding Cell #          56
 Cell #          56 Placed; Time Cost =    35.755712747573853     
 Adding Cell #          57
 Cell #          57 Placed; Time Cost =    32.407634258270264     
 Adding Cell #          58
 Cell #          58 Placed; Time Cost =    27.112564563751221     
 Adding Cell #          59
 Cell #          59 Placed; Time Cost =    52.998601436614990     
 Adding Cell #          60
 Cell #          60 Placed; Time Cost =    7.7624413967132568     
 Adding Cell #          61
 Cell #          61 Placed; Time Cost =    66.698682308197021     
 Adding Cell #          62
 Cell #          62 Placed; Time Cost =    42.711319446563721     
 Adding Cell #          63
 Cell #          63 Placed; Time Cost =    19.462127447128296     
 Adding Cell #          64
 Cell #          64 Placed; Time Cost =    241.39037084579468     
 Adding Cell #          65
 Cell #          65 Placed; Time Cost =    208.64991521835327     
 Adding Cell #          66
 Cell #          66 Placed; Time Cost =    226.59208512306213     
 Adding Cell #          67
 Cell #          67 Placed; Time Cost =    662.57620477676392     
 Adding Cell #          68
 Cell #          68 Placed; Time Cost =    197.34990954399109     
 Adding Cell #          69
 Cell #          69 Placed; Time Cost =    8.6923158168792725     
 Adding Cell #          70
 Cell #          70 Placed; Time Cost =    207.11731672286987     
 Adding Cell #          71
 Cell #          71 Placed; Time Cost =    737.30168890953064     
 Adding Cell #          72
 Cell #          72 Placed; Time Cost =    301.67379045486450     
 Adding Cell #          73
 Cell #          73 Placed; Time Cost =    81.807810544967651     
 Adding Cell #          74
 Cell #          74 Placed; Time Cost =    74.118220329284668     
 Adding Cell #          75
 Cell #          75 Placed; Time Cost =    39.602921485900879     
 Adding Cell #          76
 Cell #          76 Placed; Time Cost =    169.13527989387512     
 Adding Cell #          77
 Cell #          77 Placed; Time Cost =    71.886059999465942     
 Adding Cell #          78
 Cell #          78 Placed; Time Cost =    102.15257215499878     
 Adding Cell #          79
 Cell #          79 Placed; Time Cost =    43.386798143386841     
 Adding Cell #          80
 Cell #          80 Placed; Time Cost =    185.02057600021362     
 Adding Cell #          81
 Cell #          81 Placed; Time Cost =    111.78041148185730     
 Adding Cell #          82
 Cell #          82 Placed; Time Cost =    382.92191147804260     
 Adding Cell #          83
 Cell #          83 Placed; Time Cost =    141.70517492294312     
 Adding Cell #          84
 Cell #          84 Placed; Time Cost =    193.66159796714783     
 Adding Cell #          85
 Cell #          85 Placed; Time Cost =    607.42020773887634     
 Adding Cell #          86
 Cell #          86 Placed; Time Cost =    260.23995137214661     
 Adding Cell #          87
 Cell #          87 Placed; Time Cost =    964.99957013130188     
 Adding Cell #          88
 Cell #          88 Placed; Time Cost =    129.63693213462830     
 Adding Cell #          89
 Cell #          89 Placed; Time Cost =    707.17956924438477     
 Adding Cell #          90
 Cell #          90 Placed; Time Cost =    244.12311220169067     
 Adding Cell #          91
 Cell #          91 Placed; Time Cost =    177.53845667839050     
 Adding Cell #          92
 Cell #          92 Placed; Time Cost =    2464.9929103851318     
 Adding Cell #          93
 Cell #          93 Placed; Time Cost =    948.98201465606689     
 Adding Cell #          94
 Cell #          94 Placed; Time Cost =    634.24240493774414     
 Adding Cell #          95
 Cell #          95 Placed; Time Cost =    66.979674339294434     
 Adding Cell #          96
 Cell #          96 Placed; Time Cost =    3170.1732890605927     
 Adding Cell #          97
 Cell #          97 Placed; Time Cost =    89.206825733184814     
 Adding Cell #          98
 Cell #          98 Placed; Time Cost =    406.98653936386108     
 Adding Cell #          99
 Cell #          99 Placed; Time Cost =    2416.0965459346771     
 Adding Cell #         100
 Cell #         100 Placed; Time Cost =    302.62372970581055     
 Adding Cell #         101
 Cell #         101 Placed; Time Cost =    1340.7267911434174     
 Adding Cell #         102
 Cell #         102 Placed; Time Cost =    409.95527458190918     
 Adding Cell #         103
 Cell #         103 Placed; Time Cost =    1438.7294545173645     
 Adding Cell #         104
 Cell #         104 Placed; Time Cost =    747.61468076705933     
 Adding Cell #         105
 Cell #         105 Placed; Time Cost =    2614.7110462188721     
 Adding Cell #         106
 Cell #         106 Placed; Time Cost =    709.23083758354187     
 Adding Cell #         107
slurmstepd: error: *** JOB 5587146 ON atl1-1-02-020-13-2 CANCELLED AT 2024-04-06T20:54:15 DUE TO TIME LIMIT ***
srun: Job step aborted: Waiting up to 32 seconds for job step to finish.
slurmstepd: error: *** STEP 5587146.0 ON atl1-1-02-020-13-2 CANCELLED AT 2024-04-06T20:54:15 DUE TO TIME LIMIT ***
[0]PETSC ERROR: ------------------------------------------------------------------------
[0]PETSC ERROR: Caught signal number 15 Terminate: Somet process (or the batch system) has told this process to end
[0]PETSC ERROR: Try option -start_in_debugger or -on_error_attach_debugger
[0]PETSC ERROR: or see http://www.mcs.anl.gov/petsc/petsc-as/documentation/troubleshooting.html#Signal[0]PETSC ERROR: or try http://valgrind.org on linux or man libgmalloc on Apple to find memory corruption errors
[0]PETSC ERROR: configure using --with-debugging=yes, recompile, link, and run 
[0]PETSC ERROR: to get more information on the crash.
[0]PETSC ERROR: --------------------- Error Message ------------------------------------
[0]PETSC ERROR: Signal received!
[0]PETSC ERROR: ------------------------------------------------------------------------
[0]PETSC ERROR: Petsc Release Version 3.0.0, Patch 3, Fri Jan 30 17:55:56 CST 2009
[0]PETSC ERROR: See docs/changes/index.html for recent updates.
[0]PETSC ERROR: See docs/faq.html for hints about trouble shooting.
[0]PETSC ERROR: See docs/index.html for manual pages.
[0]PETSC ERROR: ------------------------------------------------------------------------
[0]PETSC ERROR: /storage/home/hcoda1/4/smanasreh6/RBC3D/mycases/randomcase2/./initcond on a linux-gnu named atl1-1-02-020-13-2.pace.gatech.edu by smanasreh6 Sat Apr  6 12:54:16 2024
[0]PETSC ERROR: Libraries linked from /storage/home/hcoda1/4/smanasreh6/RBC3D/packages/mypetsc/lib
[0]PETSC ERROR: Configure run at Mon Oct  9 17:19:44 2023
[0]PETSC ERROR: Configure options --with-cc=mpicc --with-fc=mpif90 --with-debugging=0 COPTFLAGS="-O3 -march=native -mtune=native" CXXOPTFLAGS="-O3 -march=native -mtune=native" FOPTFLAGS="-O3 -march=native -mtune=native" --with-blas-lib=/storage/home/hcoda1/4/smanasreh6/RBC3D/packages/BLAS-3.11.0/blas_LINUX.a --with-lapack-lib=/storage/home/hcoda1/4/smanasreh6/RBC3D/packages/lapack-3.11/liblapack.a --with-valgrind-dir=/usr/local/pace-apps/manual/packages/valgrind/3.19.0/gcc-4.8.5 --prefix=/storage/home/hcoda1/4/smanasreh6/RBC3D/packages/mypetsc --with-shared=0 --with-mpiexec=srun --with-x11=0 --with-x=0 --with-windows-graphics=0
[0]PETSC ERROR: ------------------------------------------------------------------------
[0]PETSC ERROR: User provided function() line 0 in unknown directory unknown file
---------------------------------------
Begin Slurm Epilog: Apr-06-2024 20:54:17
Job ID:        5587146
Array Job ID:  _4294967294
User ID:       smanasreh6
Account:       gts-sbryngelson3
Job name:      run.sh
Resources:     cpu=96,mem=192G,node=4
Rsrc Used:     cput=32-00:28:48,vmem=16900K,walltime=08:00:18,mem=5988K,energy_used=0
Partition:     cpu-small
QOS:           embers
Nodes:         atl1-1-02-020-13-2,atl1-1-02-020-14-1,atl1-1-02-020-29-2,atl1-1-02-020-30-1
---------------------------------------
