---------------------------------------
Begin Slurm Prolog: May-05-2024 08:38:30
Job ID:    5896139
User ID:   smanasreh6
Account:   gts-sbryngelson3
Job name:  run3.sbatch
Partition: cpu-small
QOS:       embers
---------------------------------------
cp: target ‘/storage/home/hcoda1/6/smanareh6/scratch/save/’ is not a directory
rm: cannot remove ‘r*’: No such file or directory
rm: cannot remove ‘x*’: No such file or directory
rm: cannot remove ‘w*’: No such file or directory
cp: cannot stat ‘/storage/home/hcoda1/6/smanareh6/scratch/save/restart.LATEST.dat’: No such file or directory
---------------------------------------
Begin Slurm Epilog: May-05-2024 08:38:30
Job ID:        5896139
Array Job ID:  _4294967294
User ID:       smanasreh6
Account:       gts-sbryngelson3
Job name:      run3.sbatch
Resources:     cpu=96,mem=384G,node=4
Rsrc Used:     cput=00:00:00,vmem=12K,walltime=00:00:00,mem=0,energy_used=0
Partition:     cpu-small
QOS:           embers
Nodes:         atl1-1-02-020-16-1,atl1-1-02-020-17-2,atl1-1-02-020-31-[1-2]
---------------------------------------
---------------------------------------
Begin Slurm Prolog: May-05-2024 08:41:11
Job ID:    5896141
User ID:   smanasreh6
Account:   gts-sbryngelson3
Job name:  run3.sbatch
Partition: cpu-small
QOS:       embers
---------------------------------------
cp: target ‘/storage/home/hcoda1/4/smanareh6/scratch/save/’ is not a directory
cp: cannot stat ‘/storage/home/hcoda1/4/smanareh6/scratch/save/restart.LATEST.dat’: No such file or directory
---------------------------------------
Begin Slurm Epilog: May-05-2024 08:41:11
Job ID:        5896141
Array Job ID:  _4294967294
User ID:       smanasreh6
Account:       gts-sbryngelson3
Job name:      run3.sbatch
Resources:     cpu=96,mem=384G,node=4
Rsrc Used:     cput=00:00:00,vmem=8K,walltime=00:00:00,mem=0,energy_used=0
Partition:     cpu-small
QOS:           embers
Nodes:         atl1-1-02-020-16-1,atl1-1-02-020-17-2,atl1-1-02-020-31-[1-2]
---------------------------------------
---------------------------------------
Begin Slurm Prolog: May-05-2024 08:43:22
Job ID:    5896142
User ID:   smanasreh6
Account:   gts-sbryngelson3
Job name:  run3.sbatch
Partition: cpu-small
QOS:       embers
---------------------------------------
---------------------------------------
Begin Slurm Epilog: May-05-2024 08:43:22
Job ID:        5896142
Array Job ID:  _4294967294
User ID:       smanasreh6
Account:       gts-sbryngelson3
Job name:      run3.sbatch
Resources:     cpu=96,mem=384G,node=4
Rsrc Used:     cput=00:00:00,vmem=28K,walltime=00:00:00,mem=0,energy_used=0
Partition:     cpu-small
QOS:           embers
Nodes:         atl1-1-02-020-16-1,atl1-1-02-020-17-2,atl1-1-02-020-31-[1-2]
---------------------------------------
