---------------------------------------
Begin Slurm Prolog: Feb-11-2024 15:01:33
Job ID:    4942453
User ID:   smanasreh6
Account:   gts-sbryngelson3
Job name:  run.sh
Partition: cpu-small
QOS:       embers
---------------------------------------
rm -f *.o *.mod *.a core*
make: `.depend' is up to date.
mpif90 -fallow-argument-mismatch -freal-4-real-8  -O3  -I/storage/home/hcoda1/4/smanasreh6/RBC3D/common -I/storage/home/hcoda1/4/smanasreh6/RBC3D/packages/mkl/interfaces/lapack95/obj -I/storage/home/hcoda1/4/smanasreh6/RBC3D/packages/LAPACK95/lapack95_modules -I/storage/home/hcoda1/4/smanasreh6/RBC3D/packages/mypetsc/include -I/usr/local/pace-apps/spack/packages/linux-rhel7-x86_64/gcc-10.3.0/netcdf-fortran-4.5.4-yx5osuxluenmuvr3xnahmosfr3abeu2p/include -c ModDataTypes.F90
mpif90 -fallow-argument-mismatch -freal-4-real-8  -O3  -I/storage/home/hcoda1/4/smanasreh6/RBC3D/common -I/storage/home/hcoda1/4/smanasreh6/RBC3D/packages/mkl/interfaces/lapack95/obj -I/storage/home/hcoda1/4/smanasreh6/RBC3D/packages/LAPACK95/lapack95_modules -I/storage/home/hcoda1/4/smanasreh6/RBC3D/packages/mypetsc/include -I/usr/local/pace-apps/spack/packages/linux-rhel7-x86_64/gcc-10.3.0/netcdf-fortran-4.5.4-yx5osuxluenmuvr3xnahmosfr3abeu2p/include -c ModFFT.F90
mpif90 -fallow-argument-mismatch -freal-4-real-8  -O3  -I/storage/home/hcoda1/4/smanasreh6/RBC3D/common -I/storage/home/hcoda1/4/smanasreh6/RBC3D/packages/mkl/interfaces/lapack95/obj -I/storage/home/hcoda1/4/smanasreh6/RBC3D/packages/LAPACK95/lapack95_modules -I/storage/home/hcoda1/4/smanasreh6/RBC3D/packages/mypetsc/include -I/usr/local/pace-apps/spack/packages/linux-rhel7-x86_64/gcc-10.3.0/netcdf-fortran-4.5.4-yx5osuxluenmuvr3xnahmosfr3abeu2p/include -c ModDataStruct.F90
mpif90 -fallow-argument-mismatch -freal-4-real-8  -O3  -I/storage/home/hcoda1/4/smanasreh6/RBC3D/common -I/storage/home/hcoda1/4/smanasreh6/RBC3D/packages/mkl/interfaces/lapack95/obj -I/storage/home/hcoda1/4/smanasreh6/RBC3D/packages/LAPACK95/lapack95_modules -I/storage/home/hcoda1/4/smanasreh6/RBC3D/packages/mypetsc/include -I/usr/local/pace-apps/spack/packages/linux-rhel7-x86_64/gcc-10.3.0/netcdf-fortran-4.5.4-yx5osuxluenmuvr3xnahmosfr3abeu2p/include -c ModConf.F90
ModConf.F90:581:24:

  567 |     call MPI_AllGatherV(ia, sendcount, MPI_INTEGER, &
      |                        2
......
  581 |     call MPI_AllGatherV(aSend, sendcount, MPI_WP, &
      |                        1
Warning: Type mismatch between actual argument at (1) and actual argument at (2) (REAL(8)/INTEGER(4)).
ModConf.F90:405:21:

  386 |       call MPI_Bcast(rc_Ewd, 1, MPI_WP, 0, MPI_Comm_Ewald, ierr)
      |                     2
......
  405 |       call MPI_Bcast(Nb_Ewd, 3, MPI_Integer, 0, MPI_Comm_Ewald, ierr)
      |                     1
Warning: Type mismatch between actual argument at (1) and actual argument at (2) (INTEGER(4)/REAL(8)).
ModConf.F90:290:19:

  290 |     call MPI_Bcast(viscRat, nCellTypes, MPI_WP, 0, MPI_COMM_WORLD, ierr)
      |                   1
......
  386 |       call MPI_Bcast(rc_Ewd, 1, MPI_WP, 0, MPI_Comm_Ewald, ierr)
      |                     2
Warning: Rank mismatch between actual argument at (1) and actual argument at (2) (scalar and rank-1)
ModConf.F90:291:19:

  291 |     call MPI_Bcast(refRad, nCellTypes, MPI_WP, 0, MPI_COMM_WORLD, ierr)
      |                   1
......
  386 |       call MPI_Bcast(rc_Ewd, 1, MPI_WP, 0, MPI_Comm_Ewald, ierr)
      |                     2
Warning: Rank mismatch between actual argument at (1) and actual argument at (2) (scalar and rank-1)
ModConf.F90:296:19:

  296 |     call MPI_Bcast(pgradTar, 3, MPI_WP, 0, MPI_Comm_World, ierr)
      |                   1
......
  386 |       call MPI_Bcast(rc_Ewd, 1, MPI_WP, 0, MPI_Comm_Ewald, ierr)
      |                     2
Warning: Rank mismatch between actual argument at (1) and actual argument at (2) (scalar and rank-1)
ModConf.F90:314:19:

  314 |     call MPI_Bcast(fmags, 4, MPI_WP, 0, MPI_Comm_World, ierr)
      |                   1
......
  386 |       call MPI_Bcast(rc_Ewd, 1, MPI_WP, 0, MPI_Comm_Ewald, ierr)
      |                     2
Warning: Rank mismatch between actual argument at (1) and actual argument at (2) (scalar and rank-1)
ModConf.F90:136:18:

  135 |         call MPI_Recv(lenname, 1, MPI_Integer, i, 1, MPI_Comm_World, stat, ierr)
      |                      2
  136 |     call MPI_Recv(machinename, lenname, MPI_Character, i, 1, MPI_Comm_World, stat, ierr)
      |                  1
Warning: Type mismatch between actual argument at (1) and actual argument at (2) (CHARACTER(127)/INTEGER(4)).
ModConf.F90:141:20:

  140 |       call MPI_Send(lenname, 1, MPI_Integer, 0, 1, MPI_Comm_World, stat, ierr)
      |                    2
  141 |       call MPI_Send(machinename, lenname, MPI_Character, 0, 1, MPI_Comm_World, stat, ierr)
      |                    1
Warning: Type mismatch between actual argument at (1) and actual argument at (2) (CHARACTER(127)/INTEGER(4)).
mpif90 -fallow-argument-mismatch -freal-4-real-8  -O3  -I/storage/home/hcoda1/4/smanasreh6/RBC3D/common -I/storage/home/hcoda1/4/smanasreh6/RBC3D/packages/mkl/interfaces/lapack95/obj -I/storage/home/hcoda1/4/smanasreh6/RBC3D/packages/LAPACK95/lapack95_modules -I/storage/home/hcoda1/4/smanasreh6/RBC3D/packages/mypetsc/include -I/usr/local/pace-apps/spack/packages/linux-rhel7-x86_64/gcc-10.3.0/netcdf-fortran-4.5.4-yx5osuxluenmuvr3xnahmosfr3abeu2p/include -c ModQuadRule.F90
mpif90 -fallow-argument-mismatch -freal-4-real-8  -O3  -I/storage/home/hcoda1/4/smanasreh6/RBC3D/common -I/storage/home/hcoda1/4/smanasreh6/RBC3D/packages/mkl/interfaces/lapack95/obj -I/storage/home/hcoda1/4/smanasreh6/RBC3D/packages/LAPACK95/lapack95_modules -I/storage/home/hcoda1/4/smanasreh6/RBC3D/packages/mypetsc/include -I/usr/local/pace-apps/spack/packages/linux-rhel7-x86_64/gcc-10.3.0/netcdf-fortran-4.5.4-yx5osuxluenmuvr3xnahmosfr3abeu2p/include -c ModBasicMath.F90
mpif90 -fallow-argument-mismatch -freal-4-real-8  -O3  -I/storage/home/hcoda1/4/smanasreh6/RBC3D/common -I/storage/home/hcoda1/4/smanasreh6/RBC3D/packages/mkl/interfaces/lapack95/obj -I/storage/home/hcoda1/4/smanasreh6/RBC3D/packages/LAPACK95/lapack95_modules -I/storage/home/hcoda1/4/smanasreh6/RBC3D/packages/mypetsc/include -I/usr/local/pace-apps/spack/packages/linux-rhel7-x86_64/gcc-10.3.0/netcdf-fortran-4.5.4-yx5osuxluenmuvr3xnahmosfr3abeu2p/include -c ModPolarPatch.F90
mpif90 -fallow-argument-mismatch -freal-4-real-8  -O3  -I/storage/home/hcoda1/4/smanasreh6/RBC3D/common -I/storage/home/hcoda1/4/smanasreh6/RBC3D/packages/mkl/interfaces/lapack95/obj -I/storage/home/hcoda1/4/smanasreh6/RBC3D/packages/LAPACK95/lapack95_modules -I/storage/home/hcoda1/4/smanasreh6/RBC3D/packages/mypetsc/include -I/usr/local/pace-apps/spack/packages/linux-rhel7-x86_64/gcc-10.3.0/netcdf-fortran-4.5.4-yx5osuxluenmuvr3xnahmosfr3abeu2p/include -c ModSpline.F90
mpif90 -fallow-argument-mismatch -freal-4-real-8  -O3  -I/storage/home/hcoda1/4/smanasreh6/RBC3D/common -I/storage/home/hcoda1/4/smanasreh6/RBC3D/packages/mkl/interfaces/lapack95/obj -I/storage/home/hcoda1/4/smanasreh6/RBC3D/packages/LAPACK95/lapack95_modules -I/storage/home/hcoda1/4/smanasreh6/RBC3D/packages/mypetsc/include -I/usr/local/pace-apps/spack/packages/linux-rhel7-x86_64/gcc-10.3.0/netcdf-fortran-4.5.4-yx5osuxluenmuvr3xnahmosfr3abeu2p/include -c ModEwaldFunc.F90
mpif90 -fallow-argument-mismatch -freal-4-real-8  -O3  -I/storage/home/hcoda1/4/smanasreh6/RBC3D/common -I/storage/home/hcoda1/4/smanasreh6/RBC3D/packages/mkl/interfaces/lapack95/obj -I/storage/home/hcoda1/4/smanasreh6/RBC3D/packages/LAPACK95/lapack95_modules -I/storage/home/hcoda1/4/smanasreh6/RBC3D/packages/mypetsc/include -I/usr/local/pace-apps/spack/packages/linux-rhel7-x86_64/gcc-10.3.0/netcdf-fortran-4.5.4-yx5osuxluenmuvr3xnahmosfr3abeu2p/include -c ModRbcSingInt.F90
mpif90 -fallow-argument-mismatch -freal-4-real-8  -O3  -I/storage/home/hcoda1/4/smanasreh6/RBC3D/common -I/storage/home/hcoda1/4/smanasreh6/RBC3D/packages/mkl/interfaces/lapack95/obj -I/storage/home/hcoda1/4/smanasreh6/RBC3D/packages/LAPACK95/lapack95_modules -I/storage/home/hcoda1/4/smanasreh6/RBC3D/packages/mypetsc/include -I/usr/local/pace-apps/spack/packages/linux-rhel7-x86_64/gcc-10.3.0/netcdf-fortran-4.5.4-yx5osuxluenmuvr3xnahmosfr3abeu2p/include -c ModHashTable.F90
mpif90 -fallow-argument-mismatch -freal-4-real-8  -O3  -I/storage/home/hcoda1/4/smanasreh6/RBC3D/common -I/storage/home/hcoda1/4/smanasreh6/RBC3D/packages/mkl/interfaces/lapack95/obj -I/storage/home/hcoda1/4/smanasreh6/RBC3D/packages/LAPACK95/lapack95_modules -I/storage/home/hcoda1/4/smanasreh6/RBC3D/packages/mypetsc/include -I/usr/local/pace-apps/spack/packages/linux-rhel7-x86_64/gcc-10.3.0/netcdf-fortran-4.5.4-yx5osuxluenmuvr3xnahmosfr3abeu2p/include -c ModTargetList.F90
mpif90 -fallow-argument-mismatch -freal-4-real-8  -O3  -I/storage/home/hcoda1/4/smanasreh6/RBC3D/common -I/storage/home/hcoda1/4/smanasreh6/RBC3D/packages/mkl/interfaces/lapack95/obj -I/storage/home/hcoda1/4/smanasreh6/RBC3D/packages/LAPACK95/lapack95_modules -I/storage/home/hcoda1/4/smanasreh6/RBC3D/packages/mypetsc/include -I/usr/local/pace-apps/spack/packages/linux-rhel7-x86_64/gcc-10.3.0/netcdf-fortran-4.5.4-yx5osuxluenmuvr3xnahmosfr3abeu2p/include -c ModSourceList.F90
mpif90 -fallow-argument-mismatch -freal-4-real-8  -O3  -I/storage/home/hcoda1/4/smanasreh6/RBC3D/common -I/storage/home/hcoda1/4/smanasreh6/RBC3D/packages/mkl/interfaces/lapack95/obj -I/storage/home/hcoda1/4/smanasreh6/RBC3D/packages/LAPACK95/lapack95_modules -I/storage/home/hcoda1/4/smanasreh6/RBC3D/packages/mypetsc/include -I/usr/local/pace-apps/spack/packages/linux-rhel7-x86_64/gcc-10.3.0/netcdf-fortran-4.5.4-yx5osuxluenmuvr3xnahmosfr3abeu2p/include -c ModData.F90
mpif90 -fallow-argument-mismatch -freal-4-real-8  -O3  -I/storage/home/hcoda1/4/smanasreh6/RBC3D/common -I/storage/home/hcoda1/4/smanasreh6/RBC3D/packages/mkl/interfaces/lapack95/obj -I/storage/home/hcoda1/4/smanasreh6/RBC3D/packages/LAPACK95/lapack95_modules -I/storage/home/hcoda1/4/smanasreh6/RBC3D/packages/mypetsc/include -I/usr/local/pace-apps/spack/packages/linux-rhel7-x86_64/gcc-10.3.0/netcdf-fortran-4.5.4-yx5osuxluenmuvr3xnahmosfr3abeu2p/include -c ModIntOnWalls.F90
mpif90 -fallow-argument-mismatch -freal-4-real-8  -O3  -I/storage/home/hcoda1/4/smanasreh6/RBC3D/common -I/storage/home/hcoda1/4/smanasreh6/RBC3D/packages/mkl/interfaces/lapack95/obj -I/storage/home/hcoda1/4/smanasreh6/RBC3D/packages/LAPACK95/lapack95_modules -I/storage/home/hcoda1/4/smanasreh6/RBC3D/packages/mypetsc/include -I/usr/local/pace-apps/spack/packages/linux-rhel7-x86_64/gcc-10.3.0/netcdf-fortran-4.5.4-yx5osuxluenmuvr3xnahmosfr3abeu2p/include -c ModRepulsion.F90
ModRepulsion.F90:461:29:

  459 |           call MPI_AllReduce(distMin, distMin_Glb, 1, MPI_WP, MPI_MIN, MPI_COMM_WORLD, ierr)
      |                             2
  460 |           if (distMin.ne.distMin_Glb) dx = HUGE(dx)
  461 |           call MPI_AllReduce(dx, dx, 3, MPI_WP, MPI_MIN, MPI_COMM_WORLD, ierr)
      |                             1
Warning: Rank mismatch between actual argument at (1) and actual argument at (2) (scalar and rank-1)
ModRepulsion.F90:341:23:

  341 |     call MPI_AllReduce(cntDx, cntDx_Glb, 1, MPI_INTEGER, MPI_SUM, MPI_COMM_WORLD, ierr)
      |                       1
......
  459 |           call MPI_AllReduce(distMin, distMin_Glb, 1, MPI_WP, MPI_MIN, MPI_COMM_WORLD, ierr)
      |                             2
Warning: Type mismatch between actual argument at (1) and actual argument at (2) (INTEGER(4)/REAL(8)).
mpif90 -fallow-argument-mismatch -freal-4-real-8  -O3  -I/storage/home/hcoda1/4/smanasreh6/RBC3D/common -I/storage/home/hcoda1/4/smanasreh6/RBC3D/packages/mkl/interfaces/lapack95/obj -I/storage/home/hcoda1/4/smanasreh6/RBC3D/packages/LAPACK95/lapack95_modules -I/storage/home/hcoda1/4/smanasreh6/RBC3D/packages/mypetsc/include -I/usr/local/pace-apps/spack/packages/linux-rhel7-x86_64/gcc-10.3.0/netcdf-fortran-4.5.4-yx5osuxluenmuvr3xnahmosfr3abeu2p/include -c ModIntOnRbcs.F90
mpif90 -fallow-argument-mismatch -freal-4-real-8  -O3  -I/storage/home/hcoda1/4/smanasreh6/RBC3D/common -I/storage/home/hcoda1/4/smanasreh6/RBC3D/packages/mkl/interfaces/lapack95/obj -I/storage/home/hcoda1/4/smanasreh6/RBC3D/packages/LAPACK95/lapack95_modules -I/storage/home/hcoda1/4/smanasreh6/RBC3D/packages/mypetsc/include -I/usr/local/pace-apps/spack/packages/linux-rhel7-x86_64/gcc-10.3.0/netcdf-fortran-4.5.4-yx5osuxluenmuvr3xnahmosfr3abeu2p/include -c ModPFFTW.F90
mpif90 -fallow-argument-mismatch -freal-4-real-8  -O3  -I/storage/home/hcoda1/4/smanasreh6/RBC3D/common -I/storage/home/hcoda1/4/smanasreh6/RBC3D/packages/mkl/interfaces/lapack95/obj -I/storage/home/hcoda1/4/smanasreh6/RBC3D/packages/LAPACK95/lapack95_modules -I/storage/home/hcoda1/4/smanasreh6/RBC3D/packages/mypetsc/include -I/usr/local/pace-apps/spack/packages/linux-rhel7-x86_64/gcc-10.3.0/netcdf-fortran-4.5.4-yx5osuxluenmuvr3xnahmosfr3abeu2p/include -c ModPME.F90
mpif90 -fallow-argument-mismatch -freal-4-real-8  -O3  -I/storage/home/hcoda1/4/smanasreh6/RBC3D/common -I/storage/home/hcoda1/4/smanasreh6/RBC3D/packages/mkl/interfaces/lapack95/obj -I/storage/home/hcoda1/4/smanasreh6/RBC3D/packages/LAPACK95/lapack95_modules -I/storage/home/hcoda1/4/smanasreh6/RBC3D/packages/mypetsc/include -I/usr/local/pace-apps/spack/packages/linux-rhel7-x86_64/gcc-10.3.0/netcdf-fortran-4.5.4-yx5osuxluenmuvr3xnahmosfr3abeu2p/include -c ModPostProcess.F90
mpif90 -fallow-argument-mismatch -freal-4-real-8  -O3  -I/storage/home/hcoda1/4/smanasreh6/RBC3D/common -I/storage/home/hcoda1/4/smanasreh6/RBC3D/packages/mkl/interfaces/lapack95/obj -I/storage/home/hcoda1/4/smanasreh6/RBC3D/packages/LAPACK95/lapack95_modules -I/storage/home/hcoda1/4/smanasreh6/RBC3D/packages/mypetsc/include -I/usr/local/pace-apps/spack/packages/linux-rhel7-x86_64/gcc-10.3.0/netcdf-fortran-4.5.4-yx5osuxluenmuvr3xnahmosfr3abeu2p/include -c ModSphpk.F90
mpif90 -fallow-argument-mismatch -freal-4-real-8  -O3  -I/storage/home/hcoda1/4/smanasreh6/RBC3D/common -I/storage/home/hcoda1/4/smanasreh6/RBC3D/packages/mkl/interfaces/lapack95/obj -I/storage/home/hcoda1/4/smanasreh6/RBC3D/packages/LAPACK95/lapack95_modules -I/storage/home/hcoda1/4/smanasreh6/RBC3D/packages/mypetsc/include -I/usr/local/pace-apps/spack/packages/linux-rhel7-x86_64/gcc-10.3.0/netcdf-fortran-4.5.4-yx5osuxluenmuvr3xnahmosfr3abeu2p/include -c ModWall.F90
mpif90 -fallow-argument-mismatch -freal-4-real-8  -O3  -I/storage/home/hcoda1/4/smanasreh6/RBC3D/common -I/storage/home/hcoda1/4/smanasreh6/RBC3D/packages/mkl/interfaces/lapack95/obj -I/storage/home/hcoda1/4/smanasreh6/RBC3D/packages/LAPACK95/lapack95_modules -I/storage/home/hcoda1/4/smanasreh6/RBC3D/packages/mypetsc/include -I/usr/local/pace-apps/spack/packages/linux-rhel7-x86_64/gcc-10.3.0/netcdf-fortran-4.5.4-yx5osuxluenmuvr3xnahmosfr3abeu2p/include -c ModPolyRoots.F90
mpif90 -fallow-argument-mismatch -freal-4-real-8  -O3  -I/storage/home/hcoda1/4/smanasreh6/RBC3D/common -I/storage/home/hcoda1/4/smanasreh6/RBC3D/packages/mkl/interfaces/lapack95/obj -I/storage/home/hcoda1/4/smanasreh6/RBC3D/packages/LAPACK95/lapack95_modules -I/storage/home/hcoda1/4/smanasreh6/RBC3D/packages/mypetsc/include -I/usr/local/pace-apps/spack/packages/linux-rhel7-x86_64/gcc-10.3.0/netcdf-fortran-4.5.4-yx5osuxluenmuvr3xnahmosfr3abeu2p/include -c ModRbc.F90
mpif90 -fallow-argument-mismatch -freal-4-real-8  -O3  -I/storage/home/hcoda1/4/smanasreh6/RBC3D/common -I/storage/home/hcoda1/4/smanasreh6/RBC3D/packages/mkl/interfaces/lapack95/obj -I/storage/home/hcoda1/4/smanasreh6/RBC3D/packages/LAPACK95/lapack95_modules -I/storage/home/hcoda1/4/smanasreh6/RBC3D/packages/mypetsc/include -I/usr/local/pace-apps/spack/packages/linux-rhel7-x86_64/gcc-10.3.0/netcdf-fortran-4.5.4-yx5osuxluenmuvr3xnahmosfr3abeu2p/include -c ModIO.F90
ModIO.F90:48:25:

   48 |     write(fn, FMT=fn_FMT), 'D/', 'pgrad', Nt0, '.dat'
      |                         1
Warning: Legacy Extension: Comma before i/o item list at (1)
ModIO.F90:53:25:

   53 |     write(fn, FMT=fn_FMT), 'D/', 'flow', Nt0, '.dat'
      |                         1
Warning: Legacy Extension: Comma before i/o item list at (1)
ModIO.F90:58:25:

   58 |     write(fn, FMT=fn_FMT), 'D/', 'ftot', Nt0, '.dat'
      |                         1
Warning: Legacy Extension: Comma before i/o item list at (1)
ModIO.F90:1046:19:

 1043 |     call MPI_Bcast(Lb, 3, MPI_WP, 0, MPI_Comm_World, ierr)
      |                   2
......
 1046 |     call MPI_Bcast(Nt0, 1, MPI_INTEGER, 0, MPI_Comm_World, ierr)
      |                   1
Warning: Type mismatch between actual argument at (1) and actual argument at (2) (INTEGER(4)/REAL(8)).
ModIO.F90:1047:19:

 1043 |     call MPI_Bcast(Lb, 3, MPI_WP, 0, MPI_Comm_World, ierr)
      |                   2
......
 1047 |     call MPI_Bcast(time0, 1, MPI_WP, 0, MPI_Comm_World, ierr)
      |                   1
Warning: Rank mismatch between actual argument at (1) and actual argument at (2) (rank-1 and scalar)
ModIO.F90:966:19:

  966 |     call MPI_Bcast(time0, 1, MPI_WP, 0, MPI_Comm_World, ierr)
      |                   1
......
 1043 |     call MPI_Bcast(Lb, 3, MPI_WP, 0, MPI_Comm_World, ierr)
      |                   2
Warning: Rank mismatch between actual argument at (1) and actual argument at (2) (rank-1 and scalar)
ModIO.F90:834:19:

  834 |     call MPI_Bcast(time0, 1, MPI_WP, 0, MPI_Comm_World, ierr)
      |                   1
......
 1043 |     call MPI_Bcast(Lb, 3, MPI_WP, 0, MPI_Comm_World, ierr)
      |                   2
Warning: Rank mismatch between actual argument at (1) and actual argument at (2) (rank-1 and scalar)
mpif90 -fallow-argument-mismatch -freal-4-real-8  -O3  -I/storage/home/hcoda1/4/smanasreh6/RBC3D/common -I/storage/home/hcoda1/4/smanasreh6/RBC3D/packages/mkl/interfaces/lapack95/obj -I/storage/home/hcoda1/4/smanasreh6/RBC3D/packages/LAPACK95/lapack95_modules -I/storage/home/hcoda1/4/smanasreh6/RBC3D/packages/mypetsc/include -I/usr/local/pace-apps/spack/packages/linux-rhel7-x86_64/gcc-10.3.0/netcdf-fortran-4.5.4-yx5osuxluenmuvr3xnahmosfr3abeu2p/include -c ModVelSolver.F90
mpif90 -fallow-argument-mismatch -freal-4-real-8  -O3  -I/storage/home/hcoda1/4/smanasreh6/RBC3D/common -I/storage/home/hcoda1/4/smanasreh6/RBC3D/packages/mkl/interfaces/lapack95/obj -I/storage/home/hcoda1/4/smanasreh6/RBC3D/packages/LAPACK95/lapack95_modules -I/storage/home/hcoda1/4/smanasreh6/RBC3D/packages/mypetsc/include -I/usr/local/pace-apps/spack/packages/linux-rhel7-x86_64/gcc-10.3.0/netcdf-fortran-4.5.4-yx5osuxluenmuvr3xnahmosfr3abeu2p/include -c ModNoSlip.F90
mpif90 -fallow-argument-mismatch -freal-4-real-8  -O3  -I/storage/home/hcoda1/4/smanasreh6/RBC3D/common -I/storage/home/hcoda1/4/smanasreh6/RBC3D/packages/mkl/interfaces/lapack95/obj -I/storage/home/hcoda1/4/smanasreh6/RBC3D/packages/LAPACK95/lapack95_modules -I/storage/home/hcoda1/4/smanasreh6/RBC3D/packages/mypetsc/include -I/usr/local/pace-apps/spack/packages/linux-rhel7-x86_64/gcc-10.3.0/netcdf-fortran-4.5.4-yx5osuxluenmuvr3xnahmosfr3abeu2p/include -c ModTimeInt.F90
ar ru libcommon.a ModFFT.o ModConf.o ModRbcSingInt.o ModRepulsion.o ModTargetList.o ModBasicMath.o ModIntOnRbcs.o ModPolarPatch.o ModIO.o ModVelSolver.o ModDataTypes.o ModIntOnWalls.o ModRbc.o ModNoSlip.o ModDataStruct.o ModEwaldFunc.o ModSphpk.o ModPolyRoots.o ModPME.o ModPostProcess.o ModHashTable.o ModData.o ModSourceList.o ModTimeInt.o ModSpline.o ModQuadRule.o ModWall.o ModPFFTW.o
ar: creating libcommon.a
ranlib libcommon.a
rm -f tube initcond field *.o *.mod *.a core
make: `.depend' is up to date.
mpif90 -fallow-argument-mismatch -freal-4-real-8  -O3  -I/storage/home/hcoda1/4/smanasreh6/RBC3D/common -I/storage/home/hcoda1/4/smanasreh6/RBC3D/packages/mkl/interfaces/lapack95/obj -I/storage/home/hcoda1/4/smanasreh6/RBC3D/packages/LAPACK95/lapack95_modules -I/storage/home/hcoda1/4/smanasreh6/RBC3D/packages/mypetsc/include -I/usr/local/pace-apps/spack/packages/linux-rhel7-x86_64/gcc-10.3.0/netcdf-fortran-4.5.4-yx5osuxluenmuvr3xnahmosfr3abeu2p/include -c tube.F90
make lib
make[1]: Entering directory `/storage/home/hcoda1/4/smanasreh6/RBC3D/examples/case_wbcs4'
make -C /storage/home/hcoda1/4/smanasreh6/RBC3D/common
make[2]: Entering directory `/storage/home/hcoda1/4/smanasreh6/RBC3D/common'
make[2]: Nothing to be done for `all'.
make[2]: Leaving directory `/storage/home/hcoda1/4/smanasreh6/RBC3D/common'
make[1]: Leaving directory `/storage/home/hcoda1/4/smanasreh6/RBC3D/examples/case_wbcs4'
mpif90 -fallow-argument-mismatch -freal-4-real-8  -O3  -Wl,--copy-dt-needed-entries -o tube tube.o /storage/home/hcoda1/4/smanasreh6/RBC3D/common/libcommon.a -L/storage/home/hcoda1/4/smanasreh6/RBC3D/packages/spherepack3.2/lib -lspherepack -L/usr/local/pace-apps/spack/packages/linux-rhel7-x86_64/gcc-10.3.0/fftw-3.3.10-dgx5szpp2x4fznqfuaoucmwieqxbgpg6/lib -lfftw3 -L/storage/home/hcoda1/4/smanasreh6/RBC3D/packages/LAPACK95 -llapack95 -L/storage/home/hcoda1/4/smanasreh6/RBC3D/packages/mypetsc/lib -lpetscksp -lpetscdm -lpetscmat -lpetscvec -lpetsc  -L/usr/local/pace-apps/spack/packages/linux-rhel7-x86_64/gcc-10.3.0/netcdf-fortran-4.5.4-yx5osuxluenmuvr3xnahmosfr3abeu2p/lib -lnetcdff -L/storage/home/hcoda1/4/smanasreh6/RBC3D/packages/mkl/lib/em64t -Wl,-rpath,/storage/home/hcoda1/4/smanasreh6/RBC3D/packages/mkl/lib/em64t -lmkl_lapack -lmkl -lguide -lpthread 
mpif90 -fallow-argument-mismatch -freal-4-real-8  -O3  -I/storage/home/hcoda1/4/smanasreh6/RBC3D/common -I/storage/home/hcoda1/4/smanasreh6/RBC3D/packages/mkl/interfaces/lapack95/obj -I/storage/home/hcoda1/4/smanasreh6/RBC3D/packages/LAPACK95/lapack95_modules -I/storage/home/hcoda1/4/smanasreh6/RBC3D/packages/mypetsc/include -I/usr/local/pace-apps/spack/packages/linux-rhel7-x86_64/gcc-10.3.0/netcdf-fortran-4.5.4-yx5osuxluenmuvr3xnahmosfr3abeu2p/include -c initcond.F90
make lib
make[1]: Entering directory `/storage/home/hcoda1/4/smanasreh6/RBC3D/examples/case_wbcs4'
make -C /storage/home/hcoda1/4/smanasreh6/RBC3D/common
make[2]: Entering directory `/storage/home/hcoda1/4/smanasreh6/RBC3D/common'
make[2]: Nothing to be done for `all'.
make[2]: Leaving directory `/storage/home/hcoda1/4/smanasreh6/RBC3D/common'
make[1]: Leaving directory `/storage/home/hcoda1/4/smanasreh6/RBC3D/examples/case_wbcs4'
mpif90 -fallow-argument-mismatch -freal-4-real-8  -O3  -Wl,--copy-dt-needed-entries -o initcond initcond.o /storage/home/hcoda1/4/smanasreh6/RBC3D/common/libcommon.a -L/storage/home/hcoda1/4/smanasreh6/RBC3D/packages/spherepack3.2/lib -lspherepack -L/usr/local/pace-apps/spack/packages/linux-rhel7-x86_64/gcc-10.3.0/fftw-3.3.10-dgx5szpp2x4fznqfuaoucmwieqxbgpg6/lib -lfftw3 -L/storage/home/hcoda1/4/smanasreh6/RBC3D/packages/LAPACK95 -llapack95 -L/storage/home/hcoda1/4/smanasreh6/RBC3D/packages/mypetsc/lib -lpetscksp -lpetscdm -lpetscmat -lpetscvec -lpetsc  -L/usr/local/pace-apps/spack/packages/linux-rhel7-x86_64/gcc-10.3.0/netcdf-fortran-4.5.4-yx5osuxluenmuvr3xnahmosfr3abeu2p/lib -lnetcdff -L/storage/home/hcoda1/4/smanasreh6/RBC3D/packages/mkl/lib/em64t -Wl,-rpath,/storage/home/hcoda1/4/smanasreh6/RBC3D/packages/mkl/lib/em64t -lmkl_lapack -lmkl -lguide -lpthread 
mpif90 -fallow-argument-mismatch -freal-4-real-8  -O3  -I/storage/home/hcoda1/4/smanasreh6/RBC3D/common -I/storage/home/hcoda1/4/smanasreh6/RBC3D/packages/mkl/interfaces/lapack95/obj -I/storage/home/hcoda1/4/smanasreh6/RBC3D/packages/LAPACK95/lapack95_modules -I/storage/home/hcoda1/4/smanasreh6/RBC3D/packages/mypetsc/include -I/usr/local/pace-apps/spack/packages/linux-rhel7-x86_64/gcc-10.3.0/netcdf-fortran-4.5.4-yx5osuxluenmuvr3xnahmosfr3abeu2p/include -c field.F90
make lib
make[1]: Entering directory `/storage/home/hcoda1/4/smanasreh6/RBC3D/examples/case_wbcs4'
make -C /storage/home/hcoda1/4/smanasreh6/RBC3D/common
make[2]: Entering directory `/storage/home/hcoda1/4/smanasreh6/RBC3D/common'
make[2]: Nothing to be done for `all'.
make[2]: Leaving directory `/storage/home/hcoda1/4/smanasreh6/RBC3D/common'
make[1]: Leaving directory `/storage/home/hcoda1/4/smanasreh6/RBC3D/examples/case_wbcs4'
mpif90 -fallow-argument-mismatch -freal-4-real-8  -O3  -Wl,--copy-dt-needed-entries -o field field.o /storage/home/hcoda1/4/smanasreh6/RBC3D/common/libcommon.a -L/storage/home/hcoda1/4/smanasreh6/RBC3D/packages/spherepack3.2/lib -lspherepack -L/usr/local/pace-apps/spack/packages/linux-rhel7-x86_64/gcc-10.3.0/fftw-3.3.10-dgx5szpp2x4fznqfuaoucmwieqxbgpg6/lib -lfftw3 -L/storage/home/hcoda1/4/smanasreh6/RBC3D/packages/LAPACK95 -llapack95 -L/storage/home/hcoda1/4/smanasreh6/RBC3D/packages/mypetsc/lib -lpetscksp -lpetscdm -lpetscmat -lpetscvec -lpetsc  -L/usr/local/pace-apps/spack/packages/linux-rhel7-x86_64/gcc-10.3.0/netcdf-fortran-4.5.4-yx5osuxluenmuvr3xnahmosfr3abeu2p/lib -lnetcdff -L/storage/home/hcoda1/4/smanasreh6/RBC3D/packages/mkl/lib/em64t -Wl,-rpath,/storage/home/hcoda1/4/smanasreh6/RBC3D/packages/mkl/lib/em64t -lmkl_lapack -lmkl -lguide -lpthread 
srun: warning: can't run 1 processes on 4 nodes, setting nnodes to 1
 Node            0  of            1  running on atl1-1-02-006-18-1.pace.gatech.edu
 Number of nodes for physical Ewald sum =            1
 Number of nodes for Fourier Ewald sum =            1

 Subroutine ReadWallMesh
 Error: file Input/new_cyl_D6_L13_33_hires.e does not exist
Note: The following floating-point exceptions are signalling: IEEE_INVALID_FLAG IEEE_DIVIDE_BY_ZERO
 Node            0  of           96  running on atl1-1-02-006-18-1.pace.gatech.edu
           1   2.0000000000000000        0.0000000000000000        1.0000000000000000     
           2   2.0000000000000000        0.0000000000000000        1.0000000000000000     
           3   2.0000000000000000        0.0000000000000000        1.0000000000000000     
 1
 Node            1  of           96  running on atl1-1-02-006-18-1.pace.gatech.edu
 Node            2  of           96  running on atl1-1-02-006-18-1.pace.gatech.edu
 Node            3  of           96  running on atl1-1-02-006-18-1.pace.gatech.edu
 Node            4  of           96  running on atl1-1-02-006-18-1.pace.gatech.edu
 Node            5  of           96  running on atl1-1-02-006-18-1.pace.gatech.edu
           1   2.0000000000000000        0.0000000000000000        1.0000000000000000     
           2   2.0000000000000000        0.0000000000000000        1.0000000000000000     
           3   2.0000000000000000        0.0000000000000000        1.0000000000000000     
 1
           1   2.0000000000000000        0.0000000000000000        1.0000000000000000     
           2   2.0000000000000000        0.0000000000000000        1.0000000000000000     
           3   2.0000000000000000        0.0000000000000000        1.0000000000000000     
 1
 Node            6  of           96  running on atl1-1-02-006-18-1.pace.gatech.edu
 Node            7  of           96  running on atl1-1-02-006-18-1.pace.gatech.edu
 Node            8  of           96  running on atl1-1-02-006-18-1.pace.gatech.edu
 Node            9  of           96  running on atl1-1-02-006-18-1.pace.gatech.edu
 Node           10  of           96  running on atl1-1-02-006-18-1.pace.gatech.edu
 Node           11  of           96  running on atl1-1-02-006-18-1.pace.gatech.edu
 Node           12  of           96  running on atl1-1-02-006-18-1.pace.gatech.edu
 Node           13  of           96  running on atl1-1-02-006-18-1.pace.gatech.edu
 Node           14  of           96  running on atl1-1-02-006-18-1.pace.gatech.edu
 Node           15  of           96  running on atl1-1-02-006-18-1.pace.gatech.edu
 Node           16  of           96  running on atl1-1-02-006-18-1.pace.gatech.edu
 Node           17  of           96  running on atl1-1-02-006-18-1.pace.gatech.edu
 Node           18  of           96  running on atl1-1-02-006-18-1.pace.gatech.edu
 Node           19  of           96  running on atl1-1-02-006-18-1.pace.gatech.edu
 Node           20  of           96  running on atl1-1-02-006-18-1.pace.gatech.edu
 Node           21  of           96  running on atl1-1-02-006-18-1.pace.gatech.edu
 Node           22  of           96  running on atl1-1-02-006-18-1.pace.gatech.edu
 Node           23  of           96  running on atl1-1-02-006-18-1.pace.gatech.edu
 Node           24  of           96  running on atl1-1-02-006-18-2.pace.gatech.edu
 Node           25  of           96  running on atl1-1-02-006-18-2.pace.gatech.edu
 Node           26  of           96  running on atl1-1-02-006-18-2.pace.gatech.edu
 Node           27  of           96  running on atl1-1-02-006-18-2.pace.gatech.edu
 Node           28  of           96  running on atl1-1-02-006-18-2.pace.gatech.edu
 Node           29  of           96  running on atl1-1-02-006-18-2.pace.gatech.edu
 Node           30  of           96  running on atl1-1-02-006-18-2.pace.gatech.edu
 Node           31  of           96  running on atl1-1-02-006-18-2.pace.gatech.edu
 Node           32  of           96  running on atl1-1-02-006-18-2.pace.gatech.edu
 Node           33  of           96  running on atl1-1-02-006-18-2.pace.gatech.edu
 Node           34  of           96  running on atl1-1-02-006-18-2.pace.gatech.edu
 Node           35  of           96  running on atl1-1-02-006-18-2.pace.gatech.edu
 Node           36  of           96  running on atl1-1-02-006-18-2.pace.gatech.edu
 Node           37  of           96  running on atl1-1-02-006-18-2.pace.gatech.edu
 Node           38  of           96  running on atl1-1-02-006-18-2.pace.gatech.edu
 Node           39  of           96  running on atl1-1-02-006-18-2.pace.gatech.edu
 Node           40  of           96  running on atl1-1-02-006-18-2.pace.gatech.edu
 Node           41  of           96  running on atl1-1-02-006-18-2.pace.gatech.edu
 Node           42  of           96  running on atl1-1-02-006-18-2.pace.gatech.edu
 Node           43  of           96  running on atl1-1-02-006-18-2.pace.gatech.edu
 Node           44  of           96  running on atl1-1-02-006-18-2.pace.gatech.edu
 Node           45  of           96  running on atl1-1-02-006-18-2.pace.gatech.edu
 Node           46  of           96  running on atl1-1-02-006-18-2.pace.gatech.edu
 Node           47  of           96  running on atl1-1-02-006-18-2.pace.gatech.edu
 Node           48  of           96  running on atl1-1-02-006-19-1.pace.gatech.edu
 Node           49  of           96  running on atl1-1-02-006-19-1.pace.gatech.edu
 Node           50  of           96  running on atl1-1-02-006-19-1.pace.gatech.edu
 Node           51  of           96  running on atl1-1-02-006-19-1.pace.gatech.edu
 Node           52  of           96  running on atl1-1-02-006-19-1.pace.gatech.edu
 Node           53  of           96  running on atl1-1-02-006-19-1.pace.gatech.edu
 Node           54  of           96  running on atl1-1-02-006-19-1.pace.gatech.edu
 Node           55  of           96  running on atl1-1-02-006-19-1.pace.gatech.edu
 Node           56  of           96  running on atl1-1-02-006-19-1.pace.gatech.edu
 Node           57  of           96  running on atl1-1-02-006-19-1.pace.gatech.edu
 Node           58  of           96  running on atl1-1-02-006-19-1.pace.gatech.edu
 Node           59  of           96  running on atl1-1-02-006-19-1.pace.gatech.edu
 Node           60  of           96  running on atl1-1-02-006-19-1.pace.gatech.edu
 Node           61  of           96  running on atl1-1-02-006-19-1.pace.gatech.edu
 Node           62  of           96  running on atl1-1-02-006-19-1.pace.gatech.edu
 Node           63  of           96  running on atl1-1-02-006-19-1.pace.gatech.edu
 Node           64  of           96  running on atl1-1-02-006-19-1.pace.gatech.edu
 Node           65  of           96  running on atl1-1-02-006-19-1.pace.gatech.edu
 Node           66  of           96  running on atl1-1-02-006-19-1.pace.gatech.edu
 Node           67  of           96  running on atl1-1-02-006-19-1.pace.gatech.edu
 Node           68  of           96  running on atl1-1-02-006-19-1.pace.gatech.edu
 Node           69  of           96  running on atl1-1-02-006-19-1.pace.gatech.edu
 Node           70  of           96  running on atl1-1-02-006-19-1.pace.gatech.edu
 Node           71  of           96  running on atl1-1-02-006-19-1.pace.gatech.edu
 Node           72  of           96  running on atl1-1-02-006-20-2.pace.gatech.edu
 Node           73  of           96  running on atl1-1-02-006-20-2.pace.gatech.edu
 Node           74  of           96  running on atl1-1-02-006-20-2.pace.gatech.edu
 Node           75  of           96  running on atl1-1-02-006-20-2.pace.gatech.edu
 Node           76  of           96  running on atl1-1-02-006-20-2.pace.gatech.edu
 Node           77  of           96  running on atl1-1-02-006-20-2.pace.gatech.edu
 Node           78  of           96  running on atl1-1-02-006-20-2.pace.gatech.edu
 Node           79  of           96  running on atl1-1-02-006-20-2.pace.gatech.edu
 Node           80  of           96  running on atl1-1-02-006-20-2.pace.gatech.edu
 Node           81  of           96  running on atl1-1-02-006-20-2.pace.gatech.edu
 Node           82  of           96  running on atl1-1-02-006-20-2.pace.gatech.edu
 Node           83  of           96  running on atl1-1-02-006-20-2.pace.gatech.edu
 Node           84  of           96  running on atl1-1-02-006-20-2.pace.gatech.edu
 Node           85  of           96  running on atl1-1-02-006-20-2.pace.gatech.edu
 Node           86  of           96  running on atl1-1-02-006-20-2.pace.gatech.edu
 Node           87  of           96  running on atl1-1-02-006-20-2.pace.gatech.edu
 Node           88  of           96  running on atl1-1-02-006-20-2.pace.gatech.edu
 Node           89  of           96  running on atl1-1-02-006-20-2.pace.gatech.edu
 Node           90  of           96  running on atl1-1-02-006-20-2.pace.gatech.edu
 Node           91  of           96  running on atl1-1-02-006-20-2.pace.gatech.edu
 Node           92  of           96  running on atl1-1-02-006-20-2.pace.gatech.edu
 Node           93  of           96  running on atl1-1-02-006-20-2.pace.gatech.edu
 Node           94  of           96  running on atl1-1-02-006-20-2.pace.gatech.edu
 Node           95  of           96  running on atl1-1-02-006-20-2.pace.gatech.edu
 Number of nodes for physical Ewald sum =           96
 Number of nodes for Fourier Ewald sum =           96

 alpha_Ewd =   0.44000000000000000     
 eps_Ewd =    1.0000000000000000E-003
 PBspln_Ewd =            8
 nCellTypes =            3
 viscRat =    1.0000000000000000        1.0000000000000000        1.0000000000000000     
 refRad =    1.0000000000000000        1.0000000000000000        1.0000000000000000     
 Deflate =  F
 pGradTar =    0.0000000000000000     
 pGradTar =    0.0000000000000000     
 pGradTar =    0.0000000000000000     
 Nt =        10000
 Ts =    8.0000000000000004E-004
 cell_out =           50
 wall_out =       -10000
 pgrad_out =          -10
 flow_out =          -10
 flow_out =           -1
 restart_out =          100
 restart file = D/restart.LATEST.dat
 epsDist =    1.0000000000000000E-010
 ForceCoef =    10.000000000000000     
 viscRatThresh =    10.000000000000000     
 rigidsep =  F
 fmags =    0.0000000000000000        0.0000000000000000        0.0000000000000000        0.0000000000000000     

           1   2.0000000000000000        0.0000000000000000        1.0000000000000000     
           2   2.0000000000000000        0.0000000000000000        1.0000000000000000     
           3   2.0000000000000000        0.0000000000000000        1.0000000000000000     
 Read restart file D/restart.LATEST.dat
 error 0
           1   2.0000000000000000        0.0000000000000000        1.0000000000000000     
           2   2.0000000000000000        0.0000000000000000        1.0000000000000000     
           1   2.0000000000000000        0.0000000000000000        1.0000000000000000     
           2   2.0000000000000000        0.0000000000000000        1.0000000000000000     
           3   2.0000000000000000        0.0000000000000000        1.0000000000000000     
           1   2.0000000000000000        0.0000000000000000        1.0000000000000000     
           2   2.0000000000000000        0.0000000000000000        1.0000000000000000     
           3   2.0000000000000000        0.0000000000000000        1.0000000000000000     
           1   2.0000000000000000        0.0000000000000000        1.0000000000000000     
           2   2.0000000000000000        0.0000000000000000        1.0000000000000000     
           3   2.0000000000000000        0.0000000000000000        1.0000000000000000     
 1
           1   2.0000000000000000        0.0000000000000000        1.0000000000000000     
           2   2.0000000000000000        0.0000000000000000        1.0000000000000000     
           3   2.0000000000000000        0.0000000000000000        1.0000000000000000     
           3   2.0000000000000000        0.0000000000000000        1.0000000000000000     
 1
           1   2.0000000000000000        0.0000000000000000        1.0000000000000000     
           2   2.0000000000000000        0.0000000000000000        1.0000000000000000     
           3   2.0000000000000000        0.0000000000000000        1.0000000000000000     
 1
 1
           1   2.0000000000000000        0.0000000000000000        1.0000000000000000     
           2   2.0000000000000000        0.0000000000000000        1.0000000000000000     
           3   2.0000000000000000        0.0000000000000000        1.0000000000000000     
 1
           1   2.0000000000000000        0.0000000000000000        1.0000000000000000     
           2   2.0000000000000000        0.0000000000000000        1.0000000000000000     
           3   2.0000000000000000        0.0000000000000000        1.0000000000000000     
           1   2.0000000000000000        0.0000000000000000        1.0000000000000000     
           2   2.0000000000000000        0.0000000000000000        1.0000000000000000     
           3   2.0000000000000000        0.0000000000000000        1.0000000000000000     
 1
           1   2.0000000000000000        0.0000000000000000        1.0000000000000000     
           2   2.0000000000000000        0.0000000000000000        1.0000000000000000     
           3   2.0000000000000000        0.0000000000000000        1.0000000000000000     
 1
           1   2.0000000000000000        0.0000000000000000        1.0000000000000000     
           2   2.0000000000000000        0.0000000000000000        1.0000000000000000     
           3   2.0000000000000000        0.0000000000000000        1.0000000000000000     
 1
           1   2.0000000000000000        0.0000000000000000        1.0000000000000000     
           2   2.0000000000000000        0.0000000000000000        1.0000000000000000     
           3   2.0000000000000000        0.0000000000000000        1.0000000000000000     
 1
 1
           1   2.0000000000000000        0.0000000000000000        1.0000000000000000     
           2   2.0000000000000000        0.0000000000000000        1.0000000000000000     
           3   2.0000000000000000        0.0000000000000000        1.0000000000000000     
 1
           1   2.0000000000000000        0.0000000000000000        1.0000000000000000     
           2   2.0000000000000000        0.0000000000000000        1.0000000000000000     
           3   2.0000000000000000        0.0000000000000000        1.0000000000000000     
 1
           1   2.0000000000000000        0.0000000000000000        1.0000000000000000     
           2   2.0000000000000000        0.0000000000000000        1.0000000000000000     
           3   2.0000000000000000        0.0000000000000000        1.0000000000000000     
 1
 1
 1
           1   2.0000000000000000        0.0000000000000000        1.0000000000000000     
           2   2.0000000000000000        0.0000000000000000        1.0000000000000000     
           3   2.0000000000000000        0.0000000000000000        1.0000000000000000     
 1
           1   2.0000000000000000        0.0000000000000000        1.0000000000000000     
           2   2.0000000000000000        0.0000000000000000        1.0000000000000000     
           3   2.0000000000000000        0.0000000000000000        1.0000000000000000     
 1
           1   2.0000000000000000        0.0000000000000000        1.0000000000000000     
           2   2.0000000000000000        0.0000000000000000        1.0000000000000000     
           3   2.0000000000000000        0.0000000000000000        1.0000000000000000     
 1
           1   2.0000000000000000        0.0000000000000000        1.0000000000000000     
           2   2.0000000000000000        0.0000000000000000        1.0000000000000000     
At line 810 of file ModIO.F90 (unit = 25)
Fortran runtime error: Cannot open file 'D/restart.LATEST.dat': No such file or directory

Error termination. Backtrace:
           3   2.0000000000000000        0.0000000000000000        1.0000000000000000     
 1
           1   2.0000000000000000        0.0000000000000000        1.0000000000000000     
           2   2.0000000000000000        0.0000000000000000        1.0000000000000000     
           3   2.0000000000000000        0.0000000000000000        1.0000000000000000     
 1
           1   2.0000000000000000        0.0000000000000000        1.0000000000000000     
           2   2.0000000000000000        0.0000000000000000        1.0000000000000000     
           3   2.0000000000000000        0.0000000000000000        1.0000000000000000     
 1
           1   2.0000000000000000        0.0000000000000000        1.0000000000000000     
           2   2.0000000000000000        0.0000000000000000        1.0000000000000000     
           3   2.0000000000000000        0.0000000000000000        1.0000000000000000     
 1
           1   2.0000000000000000        0.0000000000000000        1.0000000000000000     
           2   2.0000000000000000        0.0000000000000000        1.0000000000000000     
           3   2.0000000000000000        0.0000000000000000        1.0000000000000000     
 1
           1   2.0000000000000000        0.0000000000000000        1.0000000000000000     
           2   2.0000000000000000        0.0000000000000000        1.0000000000000000     
           3   2.0000000000000000        0.0000000000000000        1.0000000000000000     
 1
           1   2.0000000000000000        0.0000000000000000        1.0000000000000000     
           2   2.0000000000000000        0.0000000000000000        1.0000000000000000     
           3   2.0000000000000000        0.0000000000000000        1.0000000000000000     
 1
           1   2.0000000000000000        0.0000000000000000        1.0000000000000000     
           2   2.0000000000000000        0.0000000000000000        1.0000000000000000     
           3   2.0000000000000000        0.0000000000000000        1.0000000000000000     
 1
           1   2.0000000000000000        0.0000000000000000        1.0000000000000000     
           2   2.0000000000000000        0.0000000000000000        1.0000000000000000     
           3   2.0000000000000000        0.0000000000000000        1.0000000000000000     
 1
           1   2.0000000000000000        0.0000000000000000        1.0000000000000000     
           2   2.0000000000000000        0.0000000000000000        1.0000000000000000     
           3   2.0000000000000000        0.0000000000000000        1.0000000000000000     
 1
           1   2.0000000000000000        0.0000000000000000        1.0000000000000000     
           2   2.0000000000000000        0.0000000000000000        1.0000000000000000     
           3   2.0000000000000000        0.0000000000000000        1.0000000000000000     
 1
           1   2.0000000000000000        0.0000000000000000        1.0000000000000000     
           2   2.0000000000000000        0.0000000000000000        1.0000000000000000     
           3   2.0000000000000000        0.0000000000000000        1.0000000000000000     
           1   2.0000000000000000        0.0000000000000000        1.0000000000000000     
           2   2.0000000000000000        0.0000000000000000        1.0000000000000000     
           3   2.0000000000000000        0.0000000000000000        1.0000000000000000     
 1
           1   2.0000000000000000        0.0000000000000000        1.0000000000000000     
           2   2.0000000000000000        0.0000000000000000        1.0000000000000000     
           3   2.0000000000000000        0.0000000000000000        1.0000000000000000     
 1
           1   2.0000000000000000        0.0000000000000000        1.0000000000000000     
           2   2.0000000000000000        0.0000000000000000        1.0000000000000000     
           3   2.0000000000000000        0.0000000000000000        1.0000000000000000     
 1
           1   2.0000000000000000        0.0000000000000000        1.0000000000000000     
           2   2.0000000000000000        0.0000000000000000        1.0000000000000000     
           3   2.0000000000000000        0.0000000000000000        1.0000000000000000     
 1
           1   2.0000000000000000        0.0000000000000000        1.0000000000000000     
           2   2.0000000000000000        0.0000000000000000        1.0000000000000000     
           3   2.0000000000000000        0.0000000000000000        1.0000000000000000     
 1
           1   2.0000000000000000        0.0000000000000000        1.0000000000000000     
           2   2.0000000000000000        0.0000000000000000        1.0000000000000000     
           3   2.0000000000000000        0.0000000000000000        1.0000000000000000     
 1
           1   2.0000000000000000        0.0000000000000000        1.0000000000000000     
           2   2.0000000000000000        0.0000000000000000        1.0000000000000000     
           3   2.0000000000000000        0.0000000000000000        1.0000000000000000     
 1
           1   2.0000000000000000        0.0000000000000000        1.0000000000000000     
           2   2.0000000000000000        0.0000000000000000        1.0000000000000000     
           3   2.0000000000000000        0.0000000000000000        1.0000000000000000     
 1
           1   2.0000000000000000        0.0000000000000000        1.0000000000000000     
           2   2.0000000000000000        0.0000000000000000        1.0000000000000000     
           3   2.0000000000000000        0.0000000000000000        1.0000000000000000     
 1
           1   2.0000000000000000        0.0000000000000000        1.0000000000000000     
           2   2.0000000000000000        0.0000000000000000        1.0000000000000000     
           3   2.0000000000000000        0.0000000000000000        1.0000000000000000     
 1
           1   2.0000000000000000        0.0000000000000000        1.0000000000000000     
           2   2.0000000000000000        0.0000000000000000        1.0000000000000000     
           3   2.0000000000000000        0.0000000000000000        1.0000000000000000     
 1
           1   2.0000000000000000        0.0000000000000000        1.0000000000000000     
           2   2.0000000000000000        0.0000000000000000        1.0000000000000000     
           3   2.0000000000000000        0.0000000000000000        1.0000000000000000     
 1
           1   2.0000000000000000        0.0000000000000000        1.0000000000000000     
           2   2.0000000000000000        0.0000000000000000        1.0000000000000000     
           3   2.0000000000000000        0.0000000000000000        1.0000000000000000     
 1
           1   2.0000000000000000        0.0000000000000000        1.0000000000000000     
           2   2.0000000000000000        0.0000000000000000        1.0000000000000000     
           3   2.0000000000000000        0.0000000000000000        1.0000000000000000     
 1
           1   2.0000000000000000        0.0000000000000000        1.0000000000000000     
           2   2.0000000000000000        0.0000000000000000        1.0000000000000000     
           3   2.0000000000000000        0.0000000000000000        1.0000000000000000     
 1
           1   2.0000000000000000        0.0000000000000000        1.0000000000000000     
           2   2.0000000000000000        0.0000000000000000        1.0000000000000000     
           3   2.0000000000000000        0.0000000000000000        1.0000000000000000     
 1
           1   2.0000000000000000        0.0000000000000000        1.0000000000000000     
           2   2.0000000000000000        0.0000000000000000        1.0000000000000000     
           3   2.0000000000000000        0.0000000000000000        1.0000000000000000     
 1
           1   2.0000000000000000        0.0000000000000000        1.0000000000000000     
           2   2.0000000000000000        0.0000000000000000        1.0000000000000000     
           3   2.0000000000000000        0.0000000000000000        1.0000000000000000     
 1
           1   2.0000000000000000        0.0000000000000000        1.0000000000000000     
           2   2.0000000000000000        0.0000000000000000        1.0000000000000000     
           3   2.0000000000000000        0.0000000000000000        1.0000000000000000     
 1
           1   2.0000000000000000        0.0000000000000000        1.0000000000000000     
           2   2.0000000000000000        0.0000000000000000        1.0000000000000000     
           3   2.0000000000000000        0.0000000000000000        1.0000000000000000     
 1
           1   2.0000000000000000        0.0000000000000000        1.0000000000000000     
           2   2.0000000000000000        0.0000000000000000        1.0000000000000000     
           3   2.0000000000000000        0.0000000000000000        1.0000000000000000     
           1   2.0000000000000000        0.0000000000000000        1.0000000000000000     
           2   2.0000000000000000        0.0000000000000000        1.0000000000000000     
           3   2.0000000000000000        0.0000000000000000        1.0000000000000000     
 1
           1   2.0000000000000000        0.0000000000000000        1.0000000000000000     
           2   2.0000000000000000        0.0000000000000000        1.0000000000000000     
           3   2.0000000000000000        0.0000000000000000        1.0000000000000000     
 1
           1   2.0000000000000000        0.0000000000000000        1.0000000000000000     
           2   2.0000000000000000        0.0000000000000000        1.0000000000000000     
           3   2.0000000000000000        0.0000000000000000        1.0000000000000000     
 1
           1   2.0000000000000000        0.0000000000000000        1.0000000000000000     
           2   2.0000000000000000        0.0000000000000000        1.0000000000000000     
           3   2.0000000000000000        0.0000000000000000        1.0000000000000000     
 1
           1   2.0000000000000000        0.0000000000000000        1.0000000000000000     
           2   2.0000000000000000        0.0000000000000000        1.0000000000000000     
           3   2.0000000000000000        0.0000000000000000        1.0000000000000000     
 1
           1   2.0000000000000000        0.0000000000000000        1.0000000000000000     
           2   2.0000000000000000        0.0000000000000000        1.0000000000000000     
           3   2.0000000000000000        0.0000000000000000        1.0000000000000000     
 1
           1   2.0000000000000000        0.0000000000000000        1.0000000000000000     
           2   2.0000000000000000        0.0000000000000000        1.0000000000000000     
           3   2.0000000000000000        0.0000000000000000        1.0000000000000000     
 1
           1   2.0000000000000000        0.0000000000000000        1.0000000000000000     
           2   2.0000000000000000        0.0000000000000000        1.0000000000000000     
           3   2.0000000000000000        0.0000000000000000        1.0000000000000000     
 1
           1   2.0000000000000000        0.0000000000000000        1.0000000000000000     
           2   2.0000000000000000        0.0000000000000000        1.0000000000000000     
           3   2.0000000000000000        0.0000000000000000        1.0000000000000000     
 1
           1   2.0000000000000000        0.0000000000000000        1.0000000000000000     
           2   2.0000000000000000        0.0000000000000000        1.0000000000000000     
           3   2.0000000000000000        0.0000000000000000        1.0000000000000000     
 1
           1   2.0000000000000000        0.0000000000000000        1.0000000000000000     
           2   2.0000000000000000        0.0000000000000000        1.0000000000000000     
           3   2.0000000000000000        0.0000000000000000        1.0000000000000000     
 1
           1   2.0000000000000000        0.0000000000000000        1.0000000000000000     
           2   2.0000000000000000        0.0000000000000000        1.0000000000000000     
           3   2.0000000000000000        0.0000000000000000        1.0000000000000000     
 1
           1   2.0000000000000000        0.0000000000000000        1.0000000000000000     
           2   2.0000000000000000        0.0000000000000000        1.0000000000000000     
           3   2.0000000000000000        0.0000000000000000        1.0000000000000000     
 1
           1   2.0000000000000000        0.0000000000000000        1.0000000000000000     
           2   2.0000000000000000        0.0000000000000000        1.0000000000000000     
           3   2.0000000000000000        0.0000000000000000        1.0000000000000000     
 1
 1
           1   2.0000000000000000        0.0000000000000000        1.0000000000000000     
           2   2.0000000000000000        0.0000000000000000        1.0000000000000000     
           3   2.0000000000000000        0.0000000000000000        1.0000000000000000     
 1
           1   2.0000000000000000        0.0000000000000000        1.0000000000000000     
           2   2.0000000000000000        0.0000000000000000        1.0000000000000000     
           3   2.0000000000000000        0.0000000000000000        1.0000000000000000     
 1
           1   2.0000000000000000        0.0000000000000000        1.0000000000000000     
           2   2.0000000000000000        0.0000000000000000        1.0000000000000000     
           3   2.0000000000000000        0.0000000000000000        1.0000000000000000     
 1
           1   2.0000000000000000        0.0000000000000000        1.0000000000000000     
           2   2.0000000000000000        0.0000000000000000        1.0000000000000000     
           3   2.0000000000000000        0.0000000000000000        1.0000000000000000     
 1
           1   2.0000000000000000        0.0000000000000000        1.0000000000000000     
           2   2.0000000000000000        0.0000000000000000        1.0000000000000000     
           3   2.0000000000000000        0.0000000000000000        1.0000000000000000     
 1
           1   2.0000000000000000        0.0000000000000000        1.0000000000000000     
           2   2.0000000000000000        0.0000000000000000        1.0000000000000000     
           3   2.0000000000000000        0.0000000000000000        1.0000000000000000     
 1
           1   2.0000000000000000        0.0000000000000000        1.0000000000000000     
           2   2.0000000000000000        0.0000000000000000        1.0000000000000000     
           3   2.0000000000000000        0.0000000000000000        1.0000000000000000     
 1
           1   2.0000000000000000        0.0000000000000000        1.0000000000000000     
           2   2.0000000000000000        0.0000000000000000        1.0000000000000000     
           3   2.0000000000000000        0.0000000000000000        1.0000000000000000     
 1
           1   2.0000000000000000        0.0000000000000000        1.0000000000000000     
           2   2.0000000000000000        0.0000000000000000        1.0000000000000000     
           3   2.0000000000000000        0.0000000000000000        1.0000000000000000     
 1
           1   2.0000000000000000        0.0000000000000000        1.0000000000000000     
           2   2.0000000000000000        0.0000000000000000        1.0000000000000000     
           3   2.0000000000000000        0.0000000000000000        1.0000000000000000     
 1
           1   2.0000000000000000        0.0000000000000000        1.0000000000000000     
           2   2.0000000000000000        0.0000000000000000        1.0000000000000000     
           3   2.0000000000000000        0.0000000000000000        1.0000000000000000     
 1
           1   2.0000000000000000        0.0000000000000000        1.0000000000000000     
           2   2.0000000000000000        0.0000000000000000        1.0000000000000000     
           3   2.0000000000000000        0.0000000000000000        1.0000000000000000     
 1
           1   2.0000000000000000        0.0000000000000000        1.0000000000000000     
           2   2.0000000000000000        0.0000000000000000        1.0000000000000000     
           3   2.0000000000000000        0.0000000000000000        1.0000000000000000     
 1
           1   2.0000000000000000        0.0000000000000000        1.0000000000000000     
           2   2.0000000000000000        0.0000000000000000        1.0000000000000000     
           3   2.0000000000000000        0.0000000000000000        1.0000000000000000     
 1
           1   2.0000000000000000        0.0000000000000000        1.0000000000000000     
           2   2.0000000000000000        0.0000000000000000        1.0000000000000000     
           3   2.0000000000000000        0.0000000000000000        1.0000000000000000     
 1
           1   2.0000000000000000        0.0000000000000000        1.0000000000000000     
           2   2.0000000000000000        0.0000000000000000        1.0000000000000000     
           3   2.0000000000000000        0.0000000000000000        1.0000000000000000     
 1
           1   2.0000000000000000        0.0000000000000000        1.0000000000000000     
           2   2.0000000000000000        0.0000000000000000        1.0000000000000000     
           3   2.0000000000000000        0.0000000000000000        1.0000000000000000     
 1
           1   2.0000000000000000        0.0000000000000000        1.0000000000000000     
           2   2.0000000000000000        0.0000000000000000        1.0000000000000000     
           3   2.0000000000000000        0.0000000000000000        1.0000000000000000     
 1
           1   2.0000000000000000        0.0000000000000000        1.0000000000000000     
           2   2.0000000000000000        0.0000000000000000        1.0000000000000000     
           3   2.0000000000000000        0.0000000000000000        1.0000000000000000     
 1
           1   2.0000000000000000        0.0000000000000000        1.0000000000000000     
           2   2.0000000000000000        0.0000000000000000        1.0000000000000000     
           3   2.0000000000000000        0.0000000000000000        1.0000000000000000     
 1
           1   2.0000000000000000        0.0000000000000000        1.0000000000000000     
           2   2.0000000000000000        0.0000000000000000        1.0000000000000000     
           3   2.0000000000000000        0.0000000000000000        1.0000000000000000     
 1
           1   2.0000000000000000        0.0000000000000000        1.0000000000000000     
           1   2.0000000000000000        0.0000000000000000        1.0000000000000000     
           1   2.0000000000000000        0.0000000000000000        1.0000000000000000     
           1   2.0000000000000000        0.0000000000000000        1.0000000000000000     
           2   2.0000000000000000        0.0000000000000000        1.0000000000000000     
           3   2.0000000000000000        0.0000000000000000        1.0000000000000000     
           2   2.0000000000000000        0.0000000000000000        1.0000000000000000     
           2   2.0000000000000000        0.0000000000000000        1.0000000000000000     
 1
           3   2.0000000000000000        0.0000000000000000        1.0000000000000000     
           3   2.0000000000000000        0.0000000000000000        1.0000000000000000     
 1
 1
 1
           2   2.0000000000000000        0.0000000000000000        1.0000000000000000     
           1   2.0000000000000000        0.0000000000000000        1.0000000000000000     
           2   2.0000000000000000        0.0000000000000000        1.0000000000000000     
           3   2.0000000000000000        0.0000000000000000        1.0000000000000000     
           3   2.0000000000000000        0.0000000000000000        1.0000000000000000     
 1
 1
           1   2.0000000000000000        0.0000000000000000        1.0000000000000000     
           2   2.0000000000000000        0.0000000000000000        1.0000000000000000     
           3   2.0000000000000000        0.0000000000000000        1.0000000000000000     
 1
#0  0x2aaaad589e3c in already_open
	at /usr/local/pace-apps/spack/root/releases/v0.18/stage/fliu67/spack-stage-gcc-10.3.0-o57x6h2gubo7bzh7evmy4mvibdqrlghr/spack-src/libgfortran/io/open.c:720
#1  0x41038d in ???
#2  0x40a4f7 in ???
#3  0x40a2a9 in ???
#4  0x2aaaadf72554 in ???
#5  0x40a425 in ???
#6  0xffffffffffffffff in ???
srun: error: atl1-1-02-006-18-1: task 0: Exited with exit code 2
slurmstepd: error:  mpi/pmix_v3: _errhandler: atl1-1-02-006-18-1 [0]: pmixp_client_v2.c:212: Error handler invoked: status = -25, source = [slurm.pmix.4942453.1:0]
srun: Job step aborted: Waiting up to 32 seconds for job step to finish.
slurmstepd: error: *** STEP 4942453.1 ON atl1-1-02-006-18-1 CANCELLED AT 2024-02-11T15:01:59 ***
srun: error: atl1-1-02-006-18-1: tasks 1-23: Killed
srun: error: atl1-1-02-006-19-1: tasks 48-71: Killed
srun: error: atl1-1-02-006-20-2: tasks 72-95: Killed
srun: error: atl1-1-02-006-18-2: tasks 24-47: Killed
---------------------------------------
Begin Slurm Epilog: Feb-11-2024 15:02:00
Job ID:        4942453
Array Job ID:  _4294967294
User ID:       smanasreh6
Account:       gts-sbryngelson3
Job name:      run.sh
Resources:     cpu=96,mem=192G,node=4
Rsrc Used:     cput=00:43:12,vmem=35416K,walltime=00:00:27,mem=0,energy_used=0
Partition:     cpu-small
QOS:           embers
Nodes:         atl1-1-02-006-18-[1-2],atl1-1-02-006-19-1,atl1-1-02-006-20-2
---------------------------------------
