---------------------------------------
Begin Slurm Prolog: Jan-18-2024 19:27:23
Job ID:    4609606
User ID:   smanasreh6
Account:   gts-sbryngelson3
Job name:  run2.sh
Partition: cpu-small
QOS:       embers
---------------------------------------
rm -f *.o *.mod *.a core*
make: `.depend' is up to date.
mpif90 -fallow-argument-mismatch -freal-4-real-8  -O3  -I/storage/home/hcoda1/4/smanasreh6/RBC3D/common -I/storage/home/hcoda1/4/smanasreh6/RBC3D/packages/mkl/interfaces/lapack95/obj -I/storage/home/hcoda1/4/smanasreh6/RBC3D/packages/LAPACK95/lapack95_modules -I/storage/home/hcoda1/4/smanasreh6/RBC3D/packages/mypetsc/include -I/usr/local/pace-apps/spack/packages/linux-rhel7-x86_64/gcc-10.3.0/netcdf-fortran-4.5.4-yx5osuxluenmuvr3xnahmosfr3abeu2p/include -c ModDataTypes.F90
mpif90 -fallow-argument-mismatch -freal-4-real-8  -O3  -I/storage/home/hcoda1/4/smanasreh6/RBC3D/common -I/storage/home/hcoda1/4/smanasreh6/RBC3D/packages/mkl/interfaces/lapack95/obj -I/storage/home/hcoda1/4/smanasreh6/RBC3D/packages/LAPACK95/lapack95_modules -I/storage/home/hcoda1/4/smanasreh6/RBC3D/packages/mypetsc/include -I/usr/local/pace-apps/spack/packages/linux-rhel7-x86_64/gcc-10.3.0/netcdf-fortran-4.5.4-yx5osuxluenmuvr3xnahmosfr3abeu2p/include -c ModFFT.F90
mpif90 -fallow-argument-mismatch -freal-4-real-8  -O3  -I/storage/home/hcoda1/4/smanasreh6/RBC3D/common -I/storage/home/hcoda1/4/smanasreh6/RBC3D/packages/mkl/interfaces/lapack95/obj -I/storage/home/hcoda1/4/smanasreh6/RBC3D/packages/LAPACK95/lapack95_modules -I/storage/home/hcoda1/4/smanasreh6/RBC3D/packages/mypetsc/include -I/usr/local/pace-apps/spack/packages/linux-rhel7-x86_64/gcc-10.3.0/netcdf-fortran-4.5.4-yx5osuxluenmuvr3xnahmosfr3abeu2p/include -c ModDataStruct.F90
mpif90 -fallow-argument-mismatch -freal-4-real-8  -O3  -I/storage/home/hcoda1/4/smanasreh6/RBC3D/common -I/storage/home/hcoda1/4/smanasreh6/RBC3D/packages/mkl/interfaces/lapack95/obj -I/storage/home/hcoda1/4/smanasreh6/RBC3D/packages/LAPACK95/lapack95_modules -I/storage/home/hcoda1/4/smanasreh6/RBC3D/packages/mypetsc/include -I/usr/local/pace-apps/spack/packages/linux-rhel7-x86_64/gcc-10.3.0/netcdf-fortran-4.5.4-yx5osuxluenmuvr3xnahmosfr3abeu2p/include -c ModConf.F90
ModConf.F90:581:24:

  567 |     call MPI_AllGatherV(ia, sendcount, MPI_INTEGER, &
      |                        2
......
  581 |     call MPI_AllGatherV(aSend, sendcount, MPI_WP, &
      |                        1
Warning: Type mismatch between actual argument at (1) and actual argument at (2) (REAL(8)/INTEGER(4)).
ModConf.F90:405:21:

  386 |       call MPI_Bcast(rc_Ewd, 1, MPI_WP, 0, MPI_Comm_Ewald, ierr)
      |                     2
......
  405 |       call MPI_Bcast(Nb_Ewd, 3, MPI_Integer, 0, MPI_Comm_Ewald, ierr)
      |                     1
Warning: Type mismatch between actual argument at (1) and actual argument at (2) (INTEGER(4)/REAL(8)).
ModConf.F90:290:19:

  290 |     call MPI_Bcast(viscRat, nCellTypes, MPI_WP, 0, MPI_COMM_WORLD, ierr)
      |                   1
......
  386 |       call MPI_Bcast(rc_Ewd, 1, MPI_WP, 0, MPI_Comm_Ewald, ierr)
      |                     2
Warning: Rank mismatch between actual argument at (1) and actual argument at (2) (scalar and rank-1)
ModConf.F90:291:19:

  291 |     call MPI_Bcast(refRad, nCellTypes, MPI_WP, 0, MPI_COMM_WORLD, ierr)
      |                   1
......
  386 |       call MPI_Bcast(rc_Ewd, 1, MPI_WP, 0, MPI_Comm_Ewald, ierr)
      |                     2
Warning: Rank mismatch between actual argument at (1) and actual argument at (2) (scalar and rank-1)
ModConf.F90:296:19:

  296 |     call MPI_Bcast(pgradTar, 3, MPI_WP, 0, MPI_Comm_World, ierr)
      |                   1
......
  386 |       call MPI_Bcast(rc_Ewd, 1, MPI_WP, 0, MPI_Comm_Ewald, ierr)
      |                     2
Warning: Rank mismatch between actual argument at (1) and actual argument at (2) (scalar and rank-1)
ModConf.F90:314:19:

  314 |     call MPI_Bcast(fmags, 4, MPI_WP, 0, MPI_Comm_World, ierr)
      |                   1
......
  386 |       call MPI_Bcast(rc_Ewd, 1, MPI_WP, 0, MPI_Comm_Ewald, ierr)
      |                     2
Warning: Rank mismatch between actual argument at (1) and actual argument at (2) (scalar and rank-1)
ModConf.F90:136:18:

  135 |         call MPI_Recv(lenname, 1, MPI_Integer, i, 1, MPI_Comm_World, stat, ierr)
      |                      2
  136 |     call MPI_Recv(machinename, lenname, MPI_Character, i, 1, MPI_Comm_World, stat, ierr)
      |                  1
Warning: Type mismatch between actual argument at (1) and actual argument at (2) (CHARACTER(127)/INTEGER(4)).
ModConf.F90:141:20:

  140 |       call MPI_Send(lenname, 1, MPI_Integer, 0, 1, MPI_Comm_World, stat, ierr)
      |                    2
  141 |       call MPI_Send(machinename, lenname, MPI_Character, 0, 1, MPI_Comm_World, stat, ierr)
      |                    1
Warning: Type mismatch between actual argument at (1) and actual argument at (2) (CHARACTER(127)/INTEGER(4)).
mpif90 -fallow-argument-mismatch -freal-4-real-8  -O3  -I/storage/home/hcoda1/4/smanasreh6/RBC3D/common -I/storage/home/hcoda1/4/smanasreh6/RBC3D/packages/mkl/interfaces/lapack95/obj -I/storage/home/hcoda1/4/smanasreh6/RBC3D/packages/LAPACK95/lapack95_modules -I/storage/home/hcoda1/4/smanasreh6/RBC3D/packages/mypetsc/include -I/usr/local/pace-apps/spack/packages/linux-rhel7-x86_64/gcc-10.3.0/netcdf-fortran-4.5.4-yx5osuxluenmuvr3xnahmosfr3abeu2p/include -c ModQuadRule.F90
mpif90 -fallow-argument-mismatch -freal-4-real-8  -O3  -I/storage/home/hcoda1/4/smanasreh6/RBC3D/common -I/storage/home/hcoda1/4/smanasreh6/RBC3D/packages/mkl/interfaces/lapack95/obj -I/storage/home/hcoda1/4/smanasreh6/RBC3D/packages/LAPACK95/lapack95_modules -I/storage/home/hcoda1/4/smanasreh6/RBC3D/packages/mypetsc/include -I/usr/local/pace-apps/spack/packages/linux-rhel7-x86_64/gcc-10.3.0/netcdf-fortran-4.5.4-yx5osuxluenmuvr3xnahmosfr3abeu2p/include -c ModBasicMath.F90
mpif90 -fallow-argument-mismatch -freal-4-real-8  -O3  -I/storage/home/hcoda1/4/smanasreh6/RBC3D/common -I/storage/home/hcoda1/4/smanasreh6/RBC3D/packages/mkl/interfaces/lapack95/obj -I/storage/home/hcoda1/4/smanasreh6/RBC3D/packages/LAPACK95/lapack95_modules -I/storage/home/hcoda1/4/smanasreh6/RBC3D/packages/mypetsc/include -I/usr/local/pace-apps/spack/packages/linux-rhel7-x86_64/gcc-10.3.0/netcdf-fortran-4.5.4-yx5osuxluenmuvr3xnahmosfr3abeu2p/include -c ModPolarPatch.F90
mpif90 -fallow-argument-mismatch -freal-4-real-8  -O3  -I/storage/home/hcoda1/4/smanasreh6/RBC3D/common -I/storage/home/hcoda1/4/smanasreh6/RBC3D/packages/mkl/interfaces/lapack95/obj -I/storage/home/hcoda1/4/smanasreh6/RBC3D/packages/LAPACK95/lapack95_modules -I/storage/home/hcoda1/4/smanasreh6/RBC3D/packages/mypetsc/include -I/usr/local/pace-apps/spack/packages/linux-rhel7-x86_64/gcc-10.3.0/netcdf-fortran-4.5.4-yx5osuxluenmuvr3xnahmosfr3abeu2p/include -c ModSpline.F90
mpif90 -fallow-argument-mismatch -freal-4-real-8  -O3  -I/storage/home/hcoda1/4/smanasreh6/RBC3D/common -I/storage/home/hcoda1/4/smanasreh6/RBC3D/packages/mkl/interfaces/lapack95/obj -I/storage/home/hcoda1/4/smanasreh6/RBC3D/packages/LAPACK95/lapack95_modules -I/storage/home/hcoda1/4/smanasreh6/RBC3D/packages/mypetsc/include -I/usr/local/pace-apps/spack/packages/linux-rhel7-x86_64/gcc-10.3.0/netcdf-fortran-4.5.4-yx5osuxluenmuvr3xnahmosfr3abeu2p/include -c ModEwaldFunc.F90
mpif90 -fallow-argument-mismatch -freal-4-real-8  -O3  -I/storage/home/hcoda1/4/smanasreh6/RBC3D/common -I/storage/home/hcoda1/4/smanasreh6/RBC3D/packages/mkl/interfaces/lapack95/obj -I/storage/home/hcoda1/4/smanasreh6/RBC3D/packages/LAPACK95/lapack95_modules -I/storage/home/hcoda1/4/smanasreh6/RBC3D/packages/mypetsc/include -I/usr/local/pace-apps/spack/packages/linux-rhel7-x86_64/gcc-10.3.0/netcdf-fortran-4.5.4-yx5osuxluenmuvr3xnahmosfr3abeu2p/include -c ModRbcSingInt.F90
mpif90 -fallow-argument-mismatch -freal-4-real-8  -O3  -I/storage/home/hcoda1/4/smanasreh6/RBC3D/common -I/storage/home/hcoda1/4/smanasreh6/RBC3D/packages/mkl/interfaces/lapack95/obj -I/storage/home/hcoda1/4/smanasreh6/RBC3D/packages/LAPACK95/lapack95_modules -I/storage/home/hcoda1/4/smanasreh6/RBC3D/packages/mypetsc/include -I/usr/local/pace-apps/spack/packages/linux-rhel7-x86_64/gcc-10.3.0/netcdf-fortran-4.5.4-yx5osuxluenmuvr3xnahmosfr3abeu2p/include -c ModHashTable.F90
mpif90 -fallow-argument-mismatch -freal-4-real-8  -O3  -I/storage/home/hcoda1/4/smanasreh6/RBC3D/common -I/storage/home/hcoda1/4/smanasreh6/RBC3D/packages/mkl/interfaces/lapack95/obj -I/storage/home/hcoda1/4/smanasreh6/RBC3D/packages/LAPACK95/lapack95_modules -I/storage/home/hcoda1/4/smanasreh6/RBC3D/packages/mypetsc/include -I/usr/local/pace-apps/spack/packages/linux-rhel7-x86_64/gcc-10.3.0/netcdf-fortran-4.5.4-yx5osuxluenmuvr3xnahmosfr3abeu2p/include -c ModTargetList.F90
mpif90 -fallow-argument-mismatch -freal-4-real-8  -O3  -I/storage/home/hcoda1/4/smanasreh6/RBC3D/common -I/storage/home/hcoda1/4/smanasreh6/RBC3D/packages/mkl/interfaces/lapack95/obj -I/storage/home/hcoda1/4/smanasreh6/RBC3D/packages/LAPACK95/lapack95_modules -I/storage/home/hcoda1/4/smanasreh6/RBC3D/packages/mypetsc/include -I/usr/local/pace-apps/spack/packages/linux-rhel7-x86_64/gcc-10.3.0/netcdf-fortran-4.5.4-yx5osuxluenmuvr3xnahmosfr3abeu2p/include -c ModSourceList.F90
mpif90 -fallow-argument-mismatch -freal-4-real-8  -O3  -I/storage/home/hcoda1/4/smanasreh6/RBC3D/common -I/storage/home/hcoda1/4/smanasreh6/RBC3D/packages/mkl/interfaces/lapack95/obj -I/storage/home/hcoda1/4/smanasreh6/RBC3D/packages/LAPACK95/lapack95_modules -I/storage/home/hcoda1/4/smanasreh6/RBC3D/packages/mypetsc/include -I/usr/local/pace-apps/spack/packages/linux-rhel7-x86_64/gcc-10.3.0/netcdf-fortran-4.5.4-yx5osuxluenmuvr3xnahmosfr3abeu2p/include -c ModData.F90
mpif90 -fallow-argument-mismatch -freal-4-real-8  -O3  -I/storage/home/hcoda1/4/smanasreh6/RBC3D/common -I/storage/home/hcoda1/4/smanasreh6/RBC3D/packages/mkl/interfaces/lapack95/obj -I/storage/home/hcoda1/4/smanasreh6/RBC3D/packages/LAPACK95/lapack95_modules -I/storage/home/hcoda1/4/smanasreh6/RBC3D/packages/mypetsc/include -I/usr/local/pace-apps/spack/packages/linux-rhel7-x86_64/gcc-10.3.0/netcdf-fortran-4.5.4-yx5osuxluenmuvr3xnahmosfr3abeu2p/include -c ModIntOnWalls.F90
mpif90 -fallow-argument-mismatch -freal-4-real-8  -O3  -I/storage/home/hcoda1/4/smanasreh6/RBC3D/common -I/storage/home/hcoda1/4/smanasreh6/RBC3D/packages/mkl/interfaces/lapack95/obj -I/storage/home/hcoda1/4/smanasreh6/RBC3D/packages/LAPACK95/lapack95_modules -I/storage/home/hcoda1/4/smanasreh6/RBC3D/packages/mypetsc/include -I/usr/local/pace-apps/spack/packages/linux-rhel7-x86_64/gcc-10.3.0/netcdf-fortran-4.5.4-yx5osuxluenmuvr3xnahmosfr3abeu2p/include -c ModRepulsion.F90
ModRepulsion.F90:461:29:

  459 |           call MPI_AllReduce(distMin, distMin_Glb, 1, MPI_WP, MPI_MIN, MPI_COMM_WORLD, ierr)
      |                             2
  460 |           if (distMin.ne.distMin_Glb) dx = HUGE(dx)
  461 |           call MPI_AllReduce(dx, dx, 3, MPI_WP, MPI_MIN, MPI_COMM_WORLD, ierr)
      |                             1
Warning: Rank mismatch between actual argument at (1) and actual argument at (2) (scalar and rank-1)
ModRepulsion.F90:341:23:

  341 |     call MPI_AllReduce(cntDx, cntDx_Glb, 1, MPI_INTEGER, MPI_SUM, MPI_COMM_WORLD, ierr)
      |                       1
......
  459 |           call MPI_AllReduce(distMin, distMin_Glb, 1, MPI_WP, MPI_MIN, MPI_COMM_WORLD, ierr)
      |                             2
Warning: Type mismatch between actual argument at (1) and actual argument at (2) (INTEGER(4)/REAL(8)).
mpif90 -fallow-argument-mismatch -freal-4-real-8  -O3  -I/storage/home/hcoda1/4/smanasreh6/RBC3D/common -I/storage/home/hcoda1/4/smanasreh6/RBC3D/packages/mkl/interfaces/lapack95/obj -I/storage/home/hcoda1/4/smanasreh6/RBC3D/packages/LAPACK95/lapack95_modules -I/storage/home/hcoda1/4/smanasreh6/RBC3D/packages/mypetsc/include -I/usr/local/pace-apps/spack/packages/linux-rhel7-x86_64/gcc-10.3.0/netcdf-fortran-4.5.4-yx5osuxluenmuvr3xnahmosfr3abeu2p/include -c ModIntOnRbcs.F90
mpif90 -fallow-argument-mismatch -freal-4-real-8  -O3  -I/storage/home/hcoda1/4/smanasreh6/RBC3D/common -I/storage/home/hcoda1/4/smanasreh6/RBC3D/packages/mkl/interfaces/lapack95/obj -I/storage/home/hcoda1/4/smanasreh6/RBC3D/packages/LAPACK95/lapack95_modules -I/storage/home/hcoda1/4/smanasreh6/RBC3D/packages/mypetsc/include -I/usr/local/pace-apps/spack/packages/linux-rhel7-x86_64/gcc-10.3.0/netcdf-fortran-4.5.4-yx5osuxluenmuvr3xnahmosfr3abeu2p/include -c ModPFFTW.F90
mpif90 -fallow-argument-mismatch -freal-4-real-8  -O3  -I/storage/home/hcoda1/4/smanasreh6/RBC3D/common -I/storage/home/hcoda1/4/smanasreh6/RBC3D/packages/mkl/interfaces/lapack95/obj -I/storage/home/hcoda1/4/smanasreh6/RBC3D/packages/LAPACK95/lapack95_modules -I/storage/home/hcoda1/4/smanasreh6/RBC3D/packages/mypetsc/include -I/usr/local/pace-apps/spack/packages/linux-rhel7-x86_64/gcc-10.3.0/netcdf-fortran-4.5.4-yx5osuxluenmuvr3xnahmosfr3abeu2p/include -c ModPME.F90
mpif90 -fallow-argument-mismatch -freal-4-real-8  -O3  -I/storage/home/hcoda1/4/smanasreh6/RBC3D/common -I/storage/home/hcoda1/4/smanasreh6/RBC3D/packages/mkl/interfaces/lapack95/obj -I/storage/home/hcoda1/4/smanasreh6/RBC3D/packages/LAPACK95/lapack95_modules -I/storage/home/hcoda1/4/smanasreh6/RBC3D/packages/mypetsc/include -I/usr/local/pace-apps/spack/packages/linux-rhel7-x86_64/gcc-10.3.0/netcdf-fortran-4.5.4-yx5osuxluenmuvr3xnahmosfr3abeu2p/include -c ModPostProcess.F90
mpif90 -fallow-argument-mismatch -freal-4-real-8  -O3  -I/storage/home/hcoda1/4/smanasreh6/RBC3D/common -I/storage/home/hcoda1/4/smanasreh6/RBC3D/packages/mkl/interfaces/lapack95/obj -I/storage/home/hcoda1/4/smanasreh6/RBC3D/packages/LAPACK95/lapack95_modules -I/storage/home/hcoda1/4/smanasreh6/RBC3D/packages/mypetsc/include -I/usr/local/pace-apps/spack/packages/linux-rhel7-x86_64/gcc-10.3.0/netcdf-fortran-4.5.4-yx5osuxluenmuvr3xnahmosfr3abeu2p/include -c ModSphpk.F90
mpif90 -fallow-argument-mismatch -freal-4-real-8  -O3  -I/storage/home/hcoda1/4/smanasreh6/RBC3D/common -I/storage/home/hcoda1/4/smanasreh6/RBC3D/packages/mkl/interfaces/lapack95/obj -I/storage/home/hcoda1/4/smanasreh6/RBC3D/packages/LAPACK95/lapack95_modules -I/storage/home/hcoda1/4/smanasreh6/RBC3D/packages/mypetsc/include -I/usr/local/pace-apps/spack/packages/linux-rhel7-x86_64/gcc-10.3.0/netcdf-fortran-4.5.4-yx5osuxluenmuvr3xnahmosfr3abeu2p/include -c ModWall.F90
mpif90 -fallow-argument-mismatch -freal-4-real-8  -O3  -I/storage/home/hcoda1/4/smanasreh6/RBC3D/common -I/storage/home/hcoda1/4/smanasreh6/RBC3D/packages/mkl/interfaces/lapack95/obj -I/storage/home/hcoda1/4/smanasreh6/RBC3D/packages/LAPACK95/lapack95_modules -I/storage/home/hcoda1/4/smanasreh6/RBC3D/packages/mypetsc/include -I/usr/local/pace-apps/spack/packages/linux-rhel7-x86_64/gcc-10.3.0/netcdf-fortran-4.5.4-yx5osuxluenmuvr3xnahmosfr3abeu2p/include -c ModPolyRoots.F90
mpif90 -fallow-argument-mismatch -freal-4-real-8  -O3  -I/storage/home/hcoda1/4/smanasreh6/RBC3D/common -I/storage/home/hcoda1/4/smanasreh6/RBC3D/packages/mkl/interfaces/lapack95/obj -I/storage/home/hcoda1/4/smanasreh6/RBC3D/packages/LAPACK95/lapack95_modules -I/storage/home/hcoda1/4/smanasreh6/RBC3D/packages/mypetsc/include -I/usr/local/pace-apps/spack/packages/linux-rhel7-x86_64/gcc-10.3.0/netcdf-fortran-4.5.4-yx5osuxluenmuvr3xnahmosfr3abeu2p/include -c ModRbc.F90
mpif90 -fallow-argument-mismatch -freal-4-real-8  -O3  -I/storage/home/hcoda1/4/smanasreh6/RBC3D/common -I/storage/home/hcoda1/4/smanasreh6/RBC3D/packages/mkl/interfaces/lapack95/obj -I/storage/home/hcoda1/4/smanasreh6/RBC3D/packages/LAPACK95/lapack95_modules -I/storage/home/hcoda1/4/smanasreh6/RBC3D/packages/mypetsc/include -I/usr/local/pace-apps/spack/packages/linux-rhel7-x86_64/gcc-10.3.0/netcdf-fortran-4.5.4-yx5osuxluenmuvr3xnahmosfr3abeu2p/include -c ModIO.F90
ModIO.F90:48:25:

   48 |     write(fn, FMT=fn_FMT), 'D/', 'pgrad', Nt0, '.dat'
      |                         1
Warning: Legacy Extension: Comma before i/o item list at (1)
ModIO.F90:53:25:

   53 |     write(fn, FMT=fn_FMT), 'D/', 'flow', Nt0, '.dat'
      |                         1
Warning: Legacy Extension: Comma before i/o item list at (1)
ModIO.F90:58:25:

   58 |     write(fn, FMT=fn_FMT), 'D/', 'ftot', Nt0, '.dat'
      |                         1
Warning: Legacy Extension: Comma before i/o item list at (1)
ModIO.F90:1045:19:

 1042 |     call MPI_Bcast(Lb, 3, MPI_WP, 0, MPI_Comm_World, ierr)
      |                   2
......
 1045 |     call MPI_Bcast(Nt0, 1, MPI_INTEGER, 0, MPI_Comm_World, ierr)
      |                   1
Warning: Type mismatch between actual argument at (1) and actual argument at (2) (INTEGER(4)/REAL(8)).
ModIO.F90:1046:19:

 1042 |     call MPI_Bcast(Lb, 3, MPI_WP, 0, MPI_Comm_World, ierr)
      |                   2
......
 1046 |     call MPI_Bcast(time0, 1, MPI_WP, 0, MPI_Comm_World, ierr)
      |                   1
Warning: Rank mismatch between actual argument at (1) and actual argument at (2) (rank-1 and scalar)
ModIO.F90:965:19:

  965 |     call MPI_Bcast(time0, 1, MPI_WP, 0, MPI_Comm_World, ierr)
      |                   1
......
 1042 |     call MPI_Bcast(Lb, 3, MPI_WP, 0, MPI_Comm_World, ierr)
      |                   2
Warning: Rank mismatch between actual argument at (1) and actual argument at (2) (rank-1 and scalar)
ModIO.F90:834:19:

  834 |     call MPI_Bcast(time0, 1, MPI_WP, 0, MPI_Comm_World, ierr)
      |                   1
......
 1042 |     call MPI_Bcast(Lb, 3, MPI_WP, 0, MPI_Comm_World, ierr)
      |                   2
Warning: Rank mismatch between actual argument at (1) and actual argument at (2) (rank-1 and scalar)
ModIO.F90:864:21:

  864 |       call MPI_Bcast(starting_area, 1, MPI_WP, 0, MPI_Comm_World, ierr)
      |                     1
......
 1042 |     call MPI_Bcast(Lb, 3, MPI_WP, 0, MPI_Comm_World, ierr)
      |                   2  
Warning: Rank mismatch between actual argument at (1) and actual argument at (2) (rank-1 and scalar)
mpif90 -fallow-argument-mismatch -freal-4-real-8  -O3  -I/storage/home/hcoda1/4/smanasreh6/RBC3D/common -I/storage/home/hcoda1/4/smanasreh6/RBC3D/packages/mkl/interfaces/lapack95/obj -I/storage/home/hcoda1/4/smanasreh6/RBC3D/packages/LAPACK95/lapack95_modules -I/storage/home/hcoda1/4/smanasreh6/RBC3D/packages/mypetsc/include -I/usr/local/pace-apps/spack/packages/linux-rhel7-x86_64/gcc-10.3.0/netcdf-fortran-4.5.4-yx5osuxluenmuvr3xnahmosfr3abeu2p/include -c ModVelSolver.F90
mpif90 -fallow-argument-mismatch -freal-4-real-8  -O3  -I/storage/home/hcoda1/4/smanasreh6/RBC3D/common -I/storage/home/hcoda1/4/smanasreh6/RBC3D/packages/mkl/interfaces/lapack95/obj -I/storage/home/hcoda1/4/smanasreh6/RBC3D/packages/LAPACK95/lapack95_modules -I/storage/home/hcoda1/4/smanasreh6/RBC3D/packages/mypetsc/include -I/usr/local/pace-apps/spack/packages/linux-rhel7-x86_64/gcc-10.3.0/netcdf-fortran-4.5.4-yx5osuxluenmuvr3xnahmosfr3abeu2p/include -c ModNoSlip.F90
mpif90 -fallow-argument-mismatch -freal-4-real-8  -O3  -I/storage/home/hcoda1/4/smanasreh6/RBC3D/common -I/storage/home/hcoda1/4/smanasreh6/RBC3D/packages/mkl/interfaces/lapack95/obj -I/storage/home/hcoda1/4/smanasreh6/RBC3D/packages/LAPACK95/lapack95_modules -I/storage/home/hcoda1/4/smanasreh6/RBC3D/packages/mypetsc/include -I/usr/local/pace-apps/spack/packages/linux-rhel7-x86_64/gcc-10.3.0/netcdf-fortran-4.5.4-yx5osuxluenmuvr3xnahmosfr3abeu2p/include -c ModTimeInt.F90
ar ru libcommon.a ModFFT.o ModConf.o ModRbcSingInt.o ModRepulsion.o ModTargetList.o ModBasicMath.o ModIntOnRbcs.o ModPolarPatch.o ModIO.o ModVelSolver.o ModDataTypes.o ModIntOnWalls.o ModRbc.o ModNoSlip.o ModDataStruct.o ModEwaldFunc.o ModSphpk.o ModPolyRoots.o ModPME.o ModPostProcess.o ModHashTable.o ModData.o ModSourceList.o ModTimeInt.o ModSpline.o ModQuadRule.o ModWall.o ModPFFTW.o
ar: creating libcommon.a
ranlib libcommon.a
rm -f tube initcond field *.o *.mod *.a core
make: `.depend' is up to date.
mpif90 -fallow-argument-mismatch -freal-4-real-8  -O3  -I/storage/home/hcoda1/4/smanasreh6/RBC3D/common -I/storage/home/hcoda1/4/smanasreh6/RBC3D/packages/mkl/interfaces/lapack95/obj -I/storage/home/hcoda1/4/smanasreh6/RBC3D/packages/LAPACK95/lapack95_modules -I/storage/home/hcoda1/4/smanasreh6/RBC3D/packages/mypetsc/include -I/usr/local/pace-apps/spack/packages/linux-rhel7-x86_64/gcc-10.3.0/netcdf-fortran-4.5.4-yx5osuxluenmuvr3xnahmosfr3abeu2p/include -c tube.F90
make lib
make[1]: Entering directory `/storage/home/hcoda1/4/smanasreh6/RBC3D/case_wbcs'
make -C /storage/home/hcoda1/4/smanasreh6/RBC3D/common
make[2]: Entering directory `/storage/home/hcoda1/4/smanasreh6/RBC3D/common'
make[2]: Nothing to be done for `all'.
make[2]: Leaving directory `/storage/home/hcoda1/4/smanasreh6/RBC3D/common'
make[1]: Leaving directory `/storage/home/hcoda1/4/smanasreh6/RBC3D/case_wbcs'
mpif90 -fallow-argument-mismatch -freal-4-real-8  -O3  -Wl,--copy-dt-needed-entries -o tube tube.o /storage/home/hcoda1/4/smanasreh6/RBC3D/common/libcommon.a -L/storage/home/hcoda1/4/smanasreh6/RBC3D/packages/spherepack3.2/lib -lspherepack -L/usr/local/pace-apps/spack/packages/linux-rhel7-x86_64/gcc-10.3.0/fftw-3.3.10-dgx5szpp2x4fznqfuaoucmwieqxbgpg6/lib -lfftw3 -L/storage/home/hcoda1/4/smanasreh6/RBC3D/packages/LAPACK95 -llapack95 -L/storage/home/hcoda1/4/smanasreh6/RBC3D/packages/mypetsc/lib -lpetscksp -lpetscdm -lpetscmat -lpetscvec -lpetsc  -L/usr/local/pace-apps/spack/packages/linux-rhel7-x86_64/gcc-10.3.0/netcdf-fortran-4.5.4-yx5osuxluenmuvr3xnahmosfr3abeu2p/lib -lnetcdff -L/storage/home/hcoda1/4/smanasreh6/RBC3D/packages/mkl/lib/em64t -Wl,-rpath,/storage/home/hcoda1/4/smanasreh6/RBC3D/packages/mkl/lib/em64t -lmkl_lapack -lmkl -lguide -lpthread 
mpif90 -fallow-argument-mismatch -freal-4-real-8  -O3  -I/storage/home/hcoda1/4/smanasreh6/RBC3D/common -I/storage/home/hcoda1/4/smanasreh6/RBC3D/packages/mkl/interfaces/lapack95/obj -I/storage/home/hcoda1/4/smanasreh6/RBC3D/packages/LAPACK95/lapack95_modules -I/storage/home/hcoda1/4/smanasreh6/RBC3D/packages/mypetsc/include -I/usr/local/pace-apps/spack/packages/linux-rhel7-x86_64/gcc-10.3.0/netcdf-fortran-4.5.4-yx5osuxluenmuvr3xnahmosfr3abeu2p/include -c initcond.F90
make lib
make[1]: Entering directory `/storage/home/hcoda1/4/smanasreh6/RBC3D/case_wbcs'
make -C /storage/home/hcoda1/4/smanasreh6/RBC3D/common
make[2]: Entering directory `/storage/home/hcoda1/4/smanasreh6/RBC3D/common'
make[2]: Nothing to be done for `all'.
make[2]: Leaving directory `/storage/home/hcoda1/4/smanasreh6/RBC3D/common'
make[1]: Leaving directory `/storage/home/hcoda1/4/smanasreh6/RBC3D/case_wbcs'
mpif90 -fallow-argument-mismatch -freal-4-real-8  -O3  -Wl,--copy-dt-needed-entries -o initcond initcond.o /storage/home/hcoda1/4/smanasreh6/RBC3D/common/libcommon.a -L/storage/home/hcoda1/4/smanasreh6/RBC3D/packages/spherepack3.2/lib -lspherepack -L/usr/local/pace-apps/spack/packages/linux-rhel7-x86_64/gcc-10.3.0/fftw-3.3.10-dgx5szpp2x4fznqfuaoucmwieqxbgpg6/lib -lfftw3 -L/storage/home/hcoda1/4/smanasreh6/RBC3D/packages/LAPACK95 -llapack95 -L/storage/home/hcoda1/4/smanasreh6/RBC3D/packages/mypetsc/lib -lpetscksp -lpetscdm -lpetscmat -lpetscvec -lpetsc  -L/usr/local/pace-apps/spack/packages/linux-rhel7-x86_64/gcc-10.3.0/netcdf-fortran-4.5.4-yx5osuxluenmuvr3xnahmosfr3abeu2p/lib -lnetcdff -L/storage/home/hcoda1/4/smanasreh6/RBC3D/packages/mkl/lib/em64t -Wl,-rpath,/storage/home/hcoda1/4/smanasreh6/RBC3D/packages/mkl/lib/em64t -lmkl_lapack -lmkl -lguide -lpthread 
mpif90 -fallow-argument-mismatch -freal-4-real-8  -O3  -I/storage/home/hcoda1/4/smanasreh6/RBC3D/common -I/storage/home/hcoda1/4/smanasreh6/RBC3D/packages/mkl/interfaces/lapack95/obj -I/storage/home/hcoda1/4/smanasreh6/RBC3D/packages/LAPACK95/lapack95_modules -I/storage/home/hcoda1/4/smanasreh6/RBC3D/packages/mypetsc/include -I/usr/local/pace-apps/spack/packages/linux-rhel7-x86_64/gcc-10.3.0/netcdf-fortran-4.5.4-yx5osuxluenmuvr3xnahmosfr3abeu2p/include -c field.F90
make lib
make[1]: Entering directory `/storage/home/hcoda1/4/smanasreh6/RBC3D/case_wbcs'
make -C /storage/home/hcoda1/4/smanasreh6/RBC3D/common
make[2]: Entering directory `/storage/home/hcoda1/4/smanasreh6/RBC3D/common'
make[2]: Nothing to be done for `all'.
make[2]: Leaving directory `/storage/home/hcoda1/4/smanasreh6/RBC3D/common'
make[1]: Leaving directory `/storage/home/hcoda1/4/smanasreh6/RBC3D/case_wbcs'
mpif90 -fallow-argument-mismatch -freal-4-real-8  -O3  -Wl,--copy-dt-needed-entries -o field field.o /storage/home/hcoda1/4/smanasreh6/RBC3D/common/libcommon.a -L/storage/home/hcoda1/4/smanasreh6/RBC3D/packages/spherepack3.2/lib -lspherepack -L/usr/local/pace-apps/spack/packages/linux-rhel7-x86_64/gcc-10.3.0/fftw-3.3.10-dgx5szpp2x4fznqfuaoucmwieqxbgpg6/lib -lfftw3 -L/storage/home/hcoda1/4/smanasreh6/RBC3D/packages/LAPACK95 -llapack95 -L/storage/home/hcoda1/4/smanasreh6/RBC3D/packages/mypetsc/lib -lpetscksp -lpetscdm -lpetscmat -lpetscvec -lpetsc  -L/usr/local/pace-apps/spack/packages/linux-rhel7-x86_64/gcc-10.3.0/netcdf-fortran-4.5.4-yx5osuxluenmuvr3xnahmosfr3abeu2p/lib -lnetcdff -L/storage/home/hcoda1/4/smanasreh6/RBC3D/packages/mkl/lib/em64t -Wl,-rpath,/storage/home/hcoda1/4/smanasreh6/RBC3D/packages/mkl/lib/em64t -lmkl_lapack -lmkl -lguide -lpthread 
 Node            0  of            4  running on atl1-1-02-006-28-2.pace.gatech.edu
 Node            1  of            4  running on atl1-1-02-006-29-1.pace.gatech.edu
 Node            2  of            4  running on atl1-1-02-006-29-2.pace.gatech.edu
 Node            3  of            4  running on atl1-1-02-006-30-1.pace.gatech.edu
 Number of nodes for physical Ewald sum =            4
           1   2.0000000000000000        0.0000000000000000        1.0000000000000000     
           2   2.0000000000000000        0.0000000000000000        1.0000000000000000     
           3   2.0000000000000000        0.0000000000000000        1.0000000000000000     
           1   2.0000000000000000        0.0000000000000000        1.0000000000000000     
           2   2.0000000000000000        0.0000000000000000        1.0000000000000000     
           3   2.0000000000000000        0.0000000000000000        1.0000000000000000     
 1
           1   2.0000000000000000        0.0000000000000000        1.0000000000000000     
           2   2.0000000000000000        0.0000000000000000        1.0000000000000000     
           3   2.0000000000000000        0.0000000000000000        1.0000000000000000     
 1
 Number of nodes for Fourier Ewald sum =            4

 alpha_Ewd =   0.44000000000000000     
 eps_Ewd =    1.0000000000000000E-003
 PBspln_Ewd =            8
 nCellTypes =            3
 viscRat =    1.0000000000000000        1.0000000000000000        1.0000000000000000     
 refRad =    1.0000000000000000        1.0000000000000000        1.0000000000000000     
 Deflate =  F
 pGradTar =    0.0000000000000000     
 pGradTar =    0.0000000000000000     
 pGradTar =    0.0000000000000000     
 Nt =        10000
 Ts =    8.0000000000000004E-004
 cell_out =           50
 wall_out =       -10000
 pgrad_out =          -10
 flow_out =          -10
 flow_out =           -1
 restart_out =          100
 restart file = D/restart.LATEST.dat
 epsDist =    1.0000000000000000E-010
 ForceCoef =    10.000000000000000     
 viscRatThresh =    10.000000000000000     
 rigidsep =  F
 fmags =    0.0000000000000000        0.0000000000000000        0.0000000000000000        0.0000000000000000     

           1   2.0000000000000000        0.0000000000000000        1.0000000000000000     
           2   2.0000000000000000        0.0000000000000000        1.0000000000000000     
           3   2.0000000000000000        0.0000000000000000        1.0000000000000000     
 Read restart file D/restart.LATEST.dat
 error 0
 error 1
 error 2
 z
 a
 b
 0
 Lb =    8.3014128185164164        8.3014128185164164        17.730496453900713     
 Nt0 =          500
 time0 =   0.40000000000000324     
 vBkg =    0.0000000000000000        0.0000000000000000        8.0000000000000000     
 1
 2
 nrbc =           38
 3
 irbc :            1  nlat0 =           12 type =            1 starting_area =    16.844790346298538     
 nlat =          36
 irbc :            2  nlat0 =           12 type =            1 starting_area =    16.844790346298570     
 nlat =          36
 irbc :            3  nlat0 =           12 type =            1 starting_area =    16.844790346298602     
 nlat =          36
 irbc :            4  nlat0 =           12 type =            1 starting_area =    16.844790346298513     
 nlat =          36
 irbc :            5  nlat0 =           12 type =            1 starting_area =    16.844790346298559     
 nlat =          36
 irbc :            6  nlat0 =           12 type =            1 starting_area =    16.844790346298559     
 nlat =          36
 irbc :            7  nlat0 =           12 type =            1 starting_area =    16.844790346298630     
 nlat =          36
 irbc :            8  nlat0 =           12 type =            1 starting_area =    16.844790346298542     
 nlat =          36
 irbc :            9  nlat0 =           12 type =            1 starting_area =    16.844790346298566     
 nlat =          36
 irbc :           10  nlat0 =           12 type =            1 starting_area =    16.844790346298566     
 nlat =          36
 irbc :           11  nlat0 =           12 type =            1 starting_area =    16.844790346298588     
 nlat =          36
 irbc :           12  nlat0 =           12 type =            1 starting_area =    16.844790346298538     
 nlat =          36
 irbc :           13  nlat0 =           12 type =            1 starting_area =    16.844790346298542     
 nlat =          36
 2
 2
 3
 3
 1
 2
 3
 irbc :           14  nlat0 =           12 type =            1 starting_area =    16.844790346298559     
 nlat =          36
 irbc :           15  nlat0 =           12 type =            1 starting_area =    16.844790346298595     
 nlat =          36
 irbc :           16  nlat0 =           12 type =            1 starting_area =    16.844790346298605     
 nlat =          36
 irbc :           17  nlat0 =           12 type =            1 starting_area =    16.844790346298602     
 nlat =          36
 irbc :           18  nlat0 =           12 type =            1 starting_area =    16.844790346298645     
 nlat =          36
 irbc :           19  nlat0 =           12 type =            2 starting_area =    24.630086404143931     
 nlat =          36
 irbc :           20  nlat0 =           12 type =            1 starting_area =    16.844790346298669     
 nlat =          36
 irbc :           21  nlat0 =           12 type =            1 starting_area =    16.844790346298669     
 nlat =          36
 irbc :           22  nlat0 =           12 type =            1 starting_area =    16.844790346298652     
 nlat =          36
 irbc :           23  nlat0 =           12 type =            1 starting_area =    16.844790346298634     
 nlat =          36
 irbc :           24  nlat0 =           12 type =            1 starting_area =    16.844790346298620     
 nlat =          36
 irbc :           25  nlat0 =           12 type =            1 starting_area =    16.844790346298630     
 nlat =          36
 irbc :           26  nlat0 =           12 type =            1 starting_area =    16.844790346298613     
 nlat =          36
 irbc :           27  nlat0 =           12 type =            1 starting_area =    16.844790346298687     
 nlat =          36
 irbc :           28  nlat0 =           12 type =            1 starting_area =    16.844790346298680     
 nlat =          36
 irbc :           29  nlat0 =           12 type =            1 starting_area =    16.844790346298694     
 nlat =          36
 irbc :           30  nlat0 =           12 type =            1 starting_area =    16.844790346298637     
 nlat =          36
 irbc :           31  nlat0 =           12 type =            1 starting_area =    16.844790346298694     
 nlat =          36
 irbc :           32  nlat0 =           12 type =            1 starting_area =    16.844790346298634     
 nlat =          36
 irbc :           33  nlat0 =           12 type =            1 starting_area =    16.844790346298620     
 nlat =          36
 irbc :           34  nlat0 =           12 type =            1 starting_area =    16.844790346298659     
 nlat =          36
 irbc :           35  nlat0 =           12 type =            1 starting_area =    16.844790346298666     
 nlat =          36
 irbc :           36  nlat0 =           12 type =            1 starting_area =    16.844790346298705     
 nlat =          36
 irbc :           37  nlat0 =           12 type =            1 starting_area =    16.844790346298637     
 nlat =          36
 irbc :           38  nlat0 =           12 type =            1 starting_area =    16.844790346298616     
 nlat =          36
 4
 nwall =            1
 iwall :            1  nvert =         1315  nele =         2370
 4
 4
 4

   0.0000000000000000        0.0000000000000000        8.0000000000000000     
Derived Ewald sum parameters:
rc =         1.19861
Nc =     6    6   14
   0.0000000000000000        0.0000000000000000        8.0000000000000000     
   0.0000000000000000        0.0000000000000000        8.0000000000000000     
   0.0000000000000000        0.0000000000000000        8.0000000000000000     
Nb =    38   38   80
NbC =    20   38   80

 ***Initializing the quadrature rule in PSIOW***
 ***Initializing the quadrature rule in PSIOW***
 ***Initializing the quadrature rule in PSIOW***
 ***Initializing the quadrature rule in PSIOW***
 Just calculated dof, it is        16416
 Set up GMRES solver
 Just calculated dof, it is        16416
 Set up GMRES solver
 SETTING HIGH MAX ITER/ERR
 SETTING HIGH MAX ITER/ERR
 Just calculated dof, it is        16416
 Set up GMRES solver
 Just calculated dof, it is        16416
 Set up GMRES solver
 SETTING HIGH MAX ITER/ERR
 SETTING HIGH MAX ITER/ERR
cells: vmax =     1.45E+01
cells: vxmax vxmin =     2.44E+00   -1.77E+00
cells: vymax vymin =     2.15E+00   -1.63E+00
cells: vzmax vzmin =     1.45E+01    9.17E+00
Wall iteration:
niter =    60 residual =     4.89E-02
Residual velocity: vmax =     1.23E-02 vzmax =     3.80E-03
lt =       501  T =         0.40080 time cost =        30.20

cells: vmax =     1.45E+01
cells: vxmax vxmin =     2.44E+00   -1.76E+00
cells: vymax vymin =     2.14E+00   -1.62E+00
cells: vzmax vzmin =     1.45E+01    9.17E+00
Wall iteration:
niter =    60 residual =     4.81E-02
Residual velocity: vmax =     1.22E-02 vzmax =     3.80E-03
lt =       502  T =         0.40160 time cost =        29.91

cells: vmax =     1.45E+01
cells: vxmax vxmin =     2.43E+00   -1.75E+00
cells: vymax vymin =     2.14E+00   -1.61E+00
cells: vzmax vzmin =     1.45E+01    9.18E+00
Wall iteration:
niter =    60 residual =     4.73E-02
Residual velocity: vmax =     1.19E-02 vzmax =     3.76E-03
lt =       503  T =         0.40240 time cost =        29.88

cells: vmax =     1.45E+01
cells: vxmax vxmin =     2.43E+00   -1.75E+00
cells: vymax vymin =     2.13E+00   -1.60E+00
cells: vzmax vzmin =     1.45E+01    9.19E+00
Wall iteration:
niter =    60 residual =     4.65E-02
Residual velocity: vmax =     1.18E-02 vzmax =     3.74E-03
lt =       504  T =         0.40320 time cost =        29.84

cells: vmax =     1.45E+01
cells: vxmax vxmin =     2.42E+00   -1.74E+00
cells: vymax vymin =     2.13E+00   -1.60E+00
cells: vzmax vzmin =     1.45E+01    9.19E+00
Wall iteration:
niter =    60 residual =     4.56E-02
Residual velocity: vmax =     1.15E-02 vzmax =     3.69E-03
lt =       505  T =         0.40400 time cost =        29.77

cells: vmax =     1.45E+01
cells: vxmax vxmin =     2.42E+00   -1.73E+00
cells: vymax vymin =     2.12E+00   -1.59E+00
cells: vzmax vzmin =     1.45E+01    9.20E+00
Wall iteration:
niter =    60 residual =     4.48E-02
Residual velocity: vmax =     1.14E-02 vzmax =     3.71E-03
lt =       506  T =         0.40480 time cost =        29.74

cells: vmax =     1.45E+01
cells: vxmax vxmin =     2.41E+00   -1.73E+00
cells: vymax vymin =     2.12E+00   -1.58E+00
cells: vzmax vzmin =     1.45E+01    9.21E+00
Wall iteration:
niter =    60 residual =     4.39E-02
Residual velocity: vmax =     1.11E-02 vzmax =     3.63E-03
lt =       507  T =         0.40560 time cost =        29.73

cells: vmax =     1.45E+01
cells: vxmax vxmin =     2.41E+00   -1.72E+00
cells: vymax vymin =     2.11E+00   -1.57E+00
cells: vzmax vzmin =     1.45E+01    9.21E+00
Wall iteration:
niter =    60 residual =     4.31E-02
Residual velocity: vmax =     1.10E-02 vzmax =     3.68E-03
lt =       508  T =         0.40640 time cost =        29.68

cells: vmax =     1.45E+01
cells: vxmax vxmin =     2.40E+00   -1.71E+00
cells: vymax vymin =     2.11E+00   -1.56E+00
cells: vzmax vzmin =     1.45E+01    9.22E+00
Wall iteration:
niter =    60 residual =     4.22E-02
Residual velocity: vmax =     1.11E-02 vzmax =     3.59E-03
lt =       509  T =         0.40720 time cost =        29.75

cells: vmax =     1.45E+01
cells: vxmax vxmin =     2.40E+00   -1.71E+00
cells: vymax vymin =     2.11E+00   -1.55E+00
cells: vzmax vzmin =     1.45E+01    9.22E+00
Wall iteration:
niter =    60 residual =     4.14E-02
Residual velocity: vmax =     1.10E-02 vzmax =     3.65E-03
lt =       510  T =         0.40800 time cost =        29.63

cells: vmax =     1.45E+01
cells: vxmax vxmin =     2.39E+00   -1.70E+00
cells: vymax vymin =     2.10E+00   -1.55E+00
cells: vzmax vzmin =     1.45E+01    9.23E+00
Wall iteration:
niter =    60 residual =     4.06E-02
Residual velocity: vmax =     1.10E-02 vzmax =     3.54E-03
lt =       511  T =         0.40880 time cost =        29.60

cells: vmax =     1.45E+01
cells: vxmax vxmin =     2.39E+00   -1.70E+00
cells: vymax vymin =     2.10E+00   -1.54E+00
cells: vzmax vzmin =     1.45E+01    9.24E+00
Wall iteration:
niter =    60 residual =     3.97E-02
Residual velocity: vmax =     1.09E-02 vzmax =     3.59E-03
lt =       512  T =         0.40960 time cost =        29.58

cells: vmax =     1.45E+01
cells: vxmax vxmin =     2.38E+00   -1.69E+00
cells: vymax vymin =     2.09E+00   -1.54E+00
cells: vzmax vzmin =     1.45E+01    9.24E+00
Wall iteration:
niter =    60 residual =     3.90E-02
Residual velocity: vmax =     1.09E-02 vzmax =     3.47E-03
lt =       513  T =         0.41040 time cost =        29.51

cells: vmax =     1.45E+01
cells: vxmax vxmin =     2.38E+00   -1.69E+00
cells: vymax vymin =     2.09E+00   -1.54E+00
cells: vzmax vzmin =     1.45E+01    9.25E+00
Wall iteration:
niter =    60 residual =     3.82E-02
Residual velocity: vmax =     1.07E-02 vzmax =     3.51E-03
lt =       514  T =         0.41120 time cost =        29.36

cells: vmax =     1.45E+01
cells: vxmax vxmin =     2.37E+00   -1.69E+00
cells: vymax vymin =     2.09E+00   -1.54E+00
cells: vzmax vzmin =     1.45E+01    9.25E+00
Wall iteration:
niter =    60 residual =     3.76E-02
Residual velocity: vmax =     1.08E-02 vzmax =     3.39E-03
lt =       515  T =         0.41200 time cost =        29.29

cells: vmax =     1.45E+01
cells: vxmax vxmin =     2.37E+00   -1.68E+00
cells: vymax vymin =     2.08E+00   -1.54E+00
cells: vzmax vzmin =     1.45E+01    9.25E+00
Wall iteration:
niter =    60 residual =     3.70E-02
Residual velocity: vmax =     1.06E-02 vzmax =     3.41E-03
lt =       516  T =         0.41280 time cost =        29.28

cells: vmax =     1.45E+01
cells: vxmax vxmin =     2.36E+00   -1.68E+00
cells: vymax vymin =     2.08E+00   -1.54E+00
cells: vzmax vzmin =     1.45E+01    9.26E+00
Wall iteration:
niter =    60 residual =     3.65E-02
Residual velocity: vmax =     1.06E-02 vzmax =     3.31E-03
lt =       517  T =         0.41360 time cost =        29.26

cells: vmax =     1.45E+01
cells: vxmax vxmin =     2.36E+00   -1.67E+00
cells: vymax vymin =     2.08E+00   -1.54E+00
cells: vzmax vzmin =     1.45E+01    9.26E+00
Wall iteration:
niter =    60 residual =     3.61E-02
Residual velocity: vmax =     1.04E-02 vzmax =     3.32E-03
lt =       518  T =         0.41440 time cost =        29.24

cells: vmax =     1.45E+01
cells: vxmax vxmin =     2.36E+00   -1.67E+00
cells: vymax vymin =     2.07E+00   -1.54E+00
cells: vzmax vzmin =     1.45E+01    9.27E+00
Wall iteration:
niter =    60 residual =     3.58E-02
Residual velocity: vmax =     1.05E-02 vzmax =     3.22E-03
lt =       519  T =         0.41520 time cost =        29.21

cells: vmax =     1.45E+01
cells: vxmax vxmin =     2.35E+00   -1.67E+00
cells: vymax vymin =     2.07E+00   -1.54E+00
cells: vzmax vzmin =     1.45E+01    9.27E+00
Wall iteration:
niter =    60 residual =     3.56E-02
Residual velocity: vmax =     1.02E-02 vzmax =     3.23E-03
lt =       520  T =         0.41600 time cost =        29.21

cells: vmax =     1.45E+01
cells: vxmax vxmin =     2.35E+00   -1.67E+00
cells: vymax vymin =     2.07E+00   -1.54E+00
cells: vzmax vzmin =     1.45E+01    9.28E+00
Wall iteration:
niter =    60 residual =     3.54E-02
Residual velocity: vmax =     1.03E-02 vzmax =     3.12E-03
lt =       521  T =         0.41680 time cost =        29.18

cells: vmax =     1.45E+01
cells: vxmax vxmin =     2.34E+00   -1.66E+00
cells: vymax vymin =     2.06E+00   -1.54E+00
cells: vzmax vzmin =     1.45E+01    9.28E+00
Wall iteration:
niter =    60 residual =     3.53E-02
Residual velocity: vmax =     9.90E-03 vzmax =     3.11E-03
lt =       522  T =         0.41760 time cost =        29.14

cells: vmax =     1.45E+01
cells: vxmax vxmin =     2.34E+00   -1.66E+00
cells: vymax vymin =     2.06E+00   -1.54E+00
cells: vzmax vzmin =     1.45E+01    9.28E+00
Wall iteration:
niter =    60 residual =     3.53E-02
Residual velocity: vmax =     9.99E-03 vzmax =     3.00E-03
lt =       523  T =         0.41840 time cost =        29.12

cells: vmax =     1.45E+01
cells: vxmax vxmin =     2.33E+00   -1.66E+00
cells: vymax vymin =     2.06E+00   -1.54E+00
cells: vzmax vzmin =     1.45E+01    9.29E+00
Wall iteration:
niter =    60 residual =     3.54E-02
Residual velocity: vmax =     9.58E-03 vzmax =     2.96E-03
lt =       524  T =         0.41920 time cost =        29.10

cells: vmax =     1.45E+01
cells: vxmax vxmin =     2.33E+00   -1.67E+00
cells: vymax vymin =     2.05E+00   -1.54E+00
cells: vzmax vzmin =     1.45E+01    9.29E+00
Wall iteration:
niter =    60 residual =     3.55E-02
Residual velocity: vmax =     9.68E-03 vzmax =     2.86E-03
lt =       525  T =         0.42000 time cost =        29.09

cells: vmax =     1.45E+01
cells: vxmax vxmin =     2.32E+00   -1.67E+00
cells: vymax vymin =     2.05E+00   -1.54E+00
cells: vzmax vzmin =     1.45E+01    9.29E+00
Wall iteration:
niter =    60 residual =     3.58E-02
Residual velocity: vmax =     9.22E-03 vzmax =     2.84E-03
lt =       526  T =         0.42080 time cost =        29.10

cells: vmax =     1.45E+01
cells: vxmax vxmin =     2.32E+00   -1.67E+00
cells: vymax vymin =     2.05E+00   -1.54E+00
cells: vzmax vzmin =     1.45E+01    9.30E+00
Wall iteration:
niter =    60 residual =     3.60E-02
Residual velocity: vmax =     9.34E-03 vzmax =     2.94E-03
lt =       527  T =         0.42160 time cost =        29.05

cells: vmax =     1.45E+01
cells: vxmax vxmin =     2.31E+00   -1.68E+00
cells: vymax vymin =     2.05E+00   -1.54E+00
cells: vzmax vzmin =     1.45E+01    9.30E+00
Wall iteration:
niter =    60 residual =     3.63E-02
Residual velocity: vmax =     8.85E-03 vzmax =     3.37E-03
lt =       528  T =         0.42240 time cost =        29.05

cells: vmax =     1.45E+01
cells: vxmax vxmin =     2.31E+00   -1.68E+00
cells: vymax vymin =     2.04E+00   -1.53E+00
cells: vzmax vzmin =     1.45E+01    9.30E+00
Wall iteration:
niter =    60 residual =     3.66E-02
Residual velocity: vmax =     8.99E-03 vzmax =     3.42E-03
lt =       529  T =         0.42320 time cost =        29.02

cells: vmax =     1.45E+01
cells: vxmax vxmin =     2.30E+00   -1.69E+00
cells: vymax vymin =     2.04E+00   -1.53E+00
cells: vzmax vzmin =     1.45E+01    9.31E+00
Wall iteration:
niter =    60 residual =     3.70E-02
Residual velocity: vmax =     8.79E-03 vzmax =     3.81E-03
lt =       530  T =         0.42400 time cost =        28.96

cells: vmax =     1.45E+01
cells: vxmax vxmin =     2.30E+00   -1.69E+00
cells: vymax vymin =     2.04E+00   -1.53E+00
cells: vzmax vzmin =     1.45E+01    9.31E+00
Wall iteration:
niter =    60 residual =     3.73E-02
Residual velocity: vmax =     9.02E-03 vzmax =     3.84E-03
lt =       531  T =         0.42480 time cost =        28.96

cells: vmax =     1.45E+01
cells: vxmax vxmin =     2.29E+00   -1.70E+00
cells: vymax vymin =     2.04E+00   -1.53E+00
cells: vzmax vzmin =     1.45E+01    9.31E+00
Wall iteration:
niter =    60 residual =     3.77E-02
Residual velocity: vmax =     9.60E-03 vzmax =     4.21E-03
lt =       532  T =         0.42560 time cost =        28.91

cells: vmax =     1.45E+01
cells: vxmax vxmin =     2.29E+00   -1.70E+00
cells: vymax vymin =     2.03E+00   -1.53E+00
cells: vzmax vzmin =     1.45E+01    9.31E+00
Wall iteration:
niter =    60 residual =     3.81E-02
Residual velocity: vmax =     9.79E-03 vzmax =     4.20E-03
lt =       533  T =         0.42640 time cost =        28.89

cells: vmax =     1.45E+01
cells: vxmax vxmin =     2.28E+00   -1.70E+00
cells: vymax vymin =     2.03E+00   -1.53E+00
cells: vzmax vzmin =     1.45E+01    9.32E+00
Wall iteration:
niter =    60 residual =     3.85E-02
Residual velocity: vmax =     1.03E-02 vzmax =     4.54E-03
lt =       534  T =         0.42720 time cost =        28.84

cells: vmax =     1.45E+01
cells: vxmax vxmin =     2.28E+00   -1.71E+00
cells: vymax vymin =     2.03E+00   -1.53E+00
cells: vzmax vzmin =     1.45E+01    9.32E+00
Wall iteration:
niter =    60 residual =     3.88E-02
Residual velocity: vmax =     1.05E-02 vzmax =     4.53E-03
lt =       535  T =         0.42800 time cost =        28.86

cells: vmax =     1.45E+01
cells: vxmax vxmin =     2.28E+00   -1.71E+00
cells: vymax vymin =     2.03E+00   -1.53E+00
cells: vzmax vzmin =     1.45E+01    9.32E+00
Wall iteration:
niter =    60 residual =     3.92E-02
Residual velocity: vmax =     1.09E-02 vzmax =     4.84E-03
lt =       536  T =         0.42880 time cost =        28.83

cells: vmax =     1.45E+01
cells: vxmax vxmin =     2.27E+00   -1.72E+00
cells: vymax vymin =     2.03E+00   -1.53E+00
cells: vzmax vzmin =     1.45E+01    9.33E+00
Wall iteration:
niter =    60 residual =     3.95E-02
Residual velocity: vmax =     1.11E-02 vzmax =     4.82E-03
lt =       537  T =         0.42960 time cost =        28.79

cells: vmax =     1.45E+01
cells: vxmax vxmin =     2.27E+00   -1.72E+00
cells: vymax vymin =     2.03E+00   -1.53E+00
cells: vzmax vzmin =     1.45E+01    9.33E+00
Wall iteration:
niter =    60 residual =     3.97E-02
Residual velocity: vmax =     1.14E-02 vzmax =     5.06E-03
lt =       538  T =         0.43040 time cost =        28.81

cells: vmax =     1.45E+01
cells: vxmax vxmin =     2.27E+00   -1.73E+00
cells: vymax vymin =     2.03E+00   -1.53E+00
cells: vzmax vzmin =     1.45E+01    9.33E+00
Wall iteration:
niter =    60 residual =     3.99E-02
Residual velocity: vmax =     1.15E-02 vzmax =     5.04E-03
lt =       539  T =         0.43120 time cost =        28.79

cells: vmax =     1.45E+01
cells: vxmax vxmin =     2.26E+00   -1.73E+00
cells: vymax vymin =     2.02E+00   -1.53E+00
cells: vzmax vzmin =     1.45E+01    9.34E+00
Wall iteration:
niter =    60 residual =     3.99E-02
Residual velocity: vmax =     1.17E-02 vzmax =     5.28E-03
lt =       540  T =         0.43200 time cost =        28.76

cells: vmax =     1.45E+01
cells: vxmax vxmin =     2.26E+00   -1.74E+00
cells: vymax vymin =     2.02E+00   -1.53E+00
cells: vzmax vzmin =     1.45E+01    9.34E+00
Wall iteration:
niter =    60 residual =     4.00E-02
Residual velocity: vmax =     1.19E-02 vzmax =     5.21E-03
lt =       541  T =         0.43280 time cost =        28.73

cells: vmax =     1.45E+01
cells: vxmax vxmin =     2.26E+00   -1.75E+00
cells: vymax vymin =     2.02E+00   -1.53E+00
cells: vzmax vzmin =     1.45E+01    9.34E+00
Wall iteration:
niter =    60 residual =     4.02E-02
Residual velocity: vmax =     1.21E-02 vzmax =     5.43E-03
lt =       542  T =         0.43360 time cost =        28.70

cells: vmax =     1.45E+01
cells: vxmax vxmin =     2.25E+00   -1.76E+00
cells: vymax vymin =     2.02E+00   -1.52E+00
cells: vzmax vzmin =     1.45E+01    9.35E+00
Wall iteration:
niter =    60 residual =     4.02E-02
Residual velocity: vmax =     1.20E-02 vzmax =     5.32E-03
lt =       543  T =         0.43440 time cost =        28.67

cells: vmax =     1.45E+01
cells: vxmax vxmin =     2.25E+00   -1.76E+00
cells: vymax vymin =     2.02E+00   -1.52E+00
cells: vzmax vzmin =     1.45E+01    9.35E+00
Wall iteration:
niter =    60 residual =     4.05E-02
Residual velocity: vmax =     1.22E-02 vzmax =     5.48E-03
lt =       544  T =         0.43520 time cost =        28.66

cells: vmax =     1.45E+01
cells: vxmax vxmin =     2.25E+00   -1.77E+00
cells: vymax vymin =     2.02E+00   -1.52E+00
cells: vzmax vzmin =     1.45E+01    9.35E+00
Wall iteration:
niter =    60 residual =     4.08E-02
Residual velocity: vmax =     1.21E-02 vzmax =     5.39E-03
lt =       545  T =         0.43600 time cost =        28.62

cells: vmax =     1.45E+01
cells: vxmax vxmin =     2.24E+00   -1.78E+00
cells: vymax vymin =     2.02E+00   -1.52E+00
cells: vzmax vzmin =     1.45E+01    9.36E+00
Wall iteration:
niter =    60 residual =     4.08E-02
Residual velocity: vmax =     1.22E-02 vzmax =     5.48E-03
lt =       546  T =         0.43680 time cost =        28.61

cells: vmax =     1.45E+01
cells: vxmax vxmin =     2.24E+00   -1.79E+00
cells: vymax vymin =     2.02E+00   -1.52E+00
cells: vzmax vzmin =     1.45E+01    9.36E+00
Wall iteration:
niter =    60 residual =     4.09E-02
Residual velocity: vmax =     1.23E-02 vzmax =     5.46E-03
lt =       547  T =         0.43760 time cost =        28.58

cells: vmax =     1.45E+01
cells: vxmax vxmin =     2.24E+00   -1.79E+00
cells: vymax vymin =     2.02E+00   -1.52E+00
cells: vzmax vzmin =     1.45E+01    9.37E+00
Wall iteration:
niter =    60 residual =     4.11E-02
Residual velocity: vmax =     1.28E-02 vzmax =     5.55E-03
lt =       548  T =         0.43840 time cost =        28.54

cells: vmax =     1.45E+01
cells: vxmax vxmin =     2.24E+00   -1.80E+00
cells: vymax vymin =     2.02E+00   -1.53E+00
cells: vzmax vzmin =     1.45E+01    9.37E+00
Wall iteration:
niter =    60 residual =     4.13E-02
Residual velocity: vmax =     1.28E-02 vzmax =     5.49E-03
lt =       549  T =         0.43920 time cost =        28.51

cells: vmax =     1.45E+01
cells: vxmax vxmin =     2.23E+00   -1.80E+00
cells: vymax vymin =     2.02E+00   -1.53E+00
cells: vzmax vzmin =     1.45E+01    9.37E+00
Wall iteration:
niter =    60 residual =     4.15E-02
Residual velocity: vmax =     1.30E-02 vzmax =     5.59E-03
lt =       550  T =         0.44000 time cost =        28.50

cells: vmax =     1.45E+01
cells: vxmax vxmin =     2.23E+00   -1.81E+00
cells: vymax vymin =     2.02E+00   -1.53E+00
cells: vzmax vzmin =     1.45E+01    9.38E+00
Wall iteration:
niter =    60 residual =     4.16E-02
Residual velocity: vmax =     1.30E-02 vzmax =     5.52E-03
lt =       551  T =         0.44080 time cost =        28.51

cells: vmax =     1.45E+01
cells: vxmax vxmin =     2.23E+00   -1.81E+00
cells: vymax vymin =     2.02E+00   -1.54E+00
cells: vzmax vzmin =     1.45E+01    9.38E+00
Wall iteration:
niter =    60 residual =     4.18E-02
Residual velocity: vmax =     1.32E-02 vzmax =     5.60E-03
lt =       552  T =         0.44160 time cost =        28.48

cells: vmax =     1.45E+01
cells: vxmax vxmin =     2.23E+00   -1.82E+00
cells: vymax vymin =     2.02E+00   -1.54E+00
cells: vzmax vzmin =     1.45E+01    9.39E+00
Wall iteration:
niter =    60 residual =     4.19E-02
Residual velocity: vmax =     1.31E-02 vzmax =     5.53E-03
lt =       553  T =         0.44240 time cost =        28.46

cells: vmax =     1.45E+01
cells: vxmax vxmin =     2.23E+00   -1.82E+00
cells: vymax vymin =     2.02E+00   -1.54E+00
cells: vzmax vzmin =     1.45E+01    9.39E+00
Wall iteration:
niter =    60 residual =     4.21E-02
Residual velocity: vmax =     1.34E-02 vzmax =     5.61E-03
lt =       554  T =         0.44320 time cost =        28.42

cells: vmax =     1.45E+01
cells: vxmax vxmin =     2.23E+00   -1.82E+00
cells: vymax vymin =     2.02E+00   -1.54E+00
cells: vzmax vzmin =     1.45E+01    9.39E+00
Wall iteration:
niter =    60 residual =     4.22E-02
Residual velocity: vmax =     1.34E-02 vzmax =     5.51E-03
lt =       555  T =         0.44400 time cost =        28.41

cells: vmax =     1.45E+01
cells: vxmax vxmin =     2.23E+00   -1.83E+00
cells: vymax vymin =     2.02E+00   -1.55E+00
cells: vzmax vzmin =     1.45E+01    9.39E+00
Wall iteration:
niter =    60 residual =     4.24E-02
Residual velocity: vmax =     1.36E-02 vzmax =     5.60E-03
lt =       556  T =         0.44480 time cost =        28.40

cells: vmax =     1.45E+01
cells: vxmax vxmin =     2.23E+00   -1.83E+00
cells: vymax vymin =     2.02E+00   -1.55E+00
cells: vzmax vzmin =     1.45E+01    9.39E+00
Wall iteration:
niter =    60 residual =     4.25E-02
Residual velocity: vmax =     1.36E-02 vzmax =     5.50E-03
lt =       557  T =         0.44560 time cost =        28.37

cells: vmax =     1.45E+01
cells: vxmax vxmin =     2.22E+00   -1.83E+00
cells: vymax vymin =     2.02E+00   -1.55E+00
cells: vzmax vzmin =     1.45E+01    9.39E+00
Wall iteration:
niter =    60 residual =     4.26E-02
Residual velocity: vmax =     1.37E-02 vzmax =     5.58E-03
lt =       558  T =         0.44640 time cost =        28.31

cells: vmax =     1.45E+01
cells: vxmax vxmin =     2.22E+00   -1.83E+00
cells: vymax vymin =     2.02E+00   -1.54E+00
cells: vzmax vzmin =     1.45E+01    9.39E+00
Wall iteration:
niter =    60 residual =     4.27E-02
Residual velocity: vmax =     1.37E-02 vzmax =     5.47E-03
lt =       559  T =         0.44720 time cost =        28.29

cells: vmax =     1.45E+01
cells: vxmax vxmin =     2.22E+00   -1.83E+00
cells: vymax vymin =     2.02E+00   -1.54E+00
cells: vzmax vzmin =     1.45E+01    9.39E+00
Wall iteration:
niter =    60 residual =     4.29E-02
Residual velocity: vmax =     1.37E-02 vzmax =     5.55E-03
lt =       560  T =         0.44800 time cost =        28.27

cells: vmax =     1.45E+01
cells: vxmax vxmin =     2.22E+00   -1.83E+00
cells: vymax vymin =     2.03E+00   -1.54E+00
cells: vzmax vzmin =     1.45E+01    9.39E+00
Wall iteration:
niter =    60 residual =     4.30E-02
Residual velocity: vmax =     1.38E-02 vzmax =     5.45E-03
lt =       561  T =         0.44880 time cost =        28.26

cells: vmax =     1.45E+01
cells: vxmax vxmin =     2.22E+00   -1.83E+00
cells: vymax vymin =     2.03E+00   -1.54E+00
cells: vzmax vzmin =     1.45E+01    9.39E+00
Wall iteration:
niter =    60 residual =     4.31E-02
Residual velocity: vmax =     1.37E-02 vzmax =     5.51E-03
lt =       562  T =         0.44960 time cost =        28.24

cells: vmax =     1.45E+01
cells: vxmax vxmin =     2.22E+00   -1.83E+00
cells: vymax vymin =     2.03E+00   -1.54E+00
cells: vzmax vzmin =     1.45E+01    9.40E+00
Wall iteration:
niter =    60 residual =     4.32E-02
Residual velocity: vmax =     1.39E-02 vzmax =     5.43E-03
lt =       563  T =         0.45040 time cost =        28.24

cells: vmax =     1.45E+01
cells: vxmax vxmin =     2.22E+00   -1.82E+00
cells: vymax vymin =     2.03E+00   -1.53E+00
cells: vzmax vzmin =     1.45E+01    9.40E+00
Wall iteration:
niter =    60 residual =     4.33E-02
Residual velocity: vmax =     1.37E-02 vzmax =     5.46E-03
lt =       564  T =         0.45120 time cost =        28.23

cells: vmax =     1.45E+01
cells: vxmax vxmin =     2.22E+00   -1.82E+00
cells: vymax vymin =     2.03E+00   -1.53E+00
cells: vzmax vzmin =     1.45E+01    9.40E+00
Wall iteration:
niter =    60 residual =     4.34E-02
Residual velocity: vmax =     1.38E-02 vzmax =     5.42E-03
lt =       565  T =         0.45200 time cost =        28.22

cells: vmax =     1.45E+01
cells: vxmax vxmin =     2.22E+00   -1.82E+00
cells: vymax vymin =     2.03E+00   -1.53E+00
cells: vzmax vzmin =     1.45E+01    9.40E+00
Wall iteration:
niter =    60 residual =     4.36E-02
Residual velocity: vmax =     1.38E-02 vzmax =     5.41E-03
lt =       566  T =         0.45280 time cost =        28.20

cells: vmax =     1.45E+01
cells: vxmax vxmin =     2.22E+00   -1.82E+00
cells: vymax vymin =     2.03E+00   -1.52E+00
cells: vzmax vzmin =     1.45E+01    9.40E+00
Wall iteration:
niter =    60 residual =     4.37E-02
Residual velocity: vmax =     1.37E-02 vzmax =     5.41E-03
lt =       567  T =         0.45360 time cost =        28.19

cells: vmax =     1.45E+01
cells: vxmax vxmin =     2.22E+00   -1.82E+00
cells: vymax vymin =     2.04E+00   -1.52E+00
cells: vzmax vzmin =     1.45E+01    9.41E+00
Wall iteration:
niter =    60 residual =     4.39E-02
Residual velocity: vmax =     1.41E-02 vzmax =     5.36E-03
lt =       568  T =         0.45440 time cost =        28.16

cells: vmax =     1.45E+01
cells: vxmax vxmin =     2.22E+00   -1.82E+00
cells: vymax vymin =     2.04E+00   -1.51E+00
cells: vzmax vzmin =     1.45E+01    9.41E+00
Wall iteration:
niter =    60 residual =     4.40E-02
Residual velocity: vmax =     1.38E-02 vzmax =     5.41E-03
lt =       569  T =         0.45520 time cost =        28.15

cells: vmax =     1.45E+01
cells: vxmax vxmin =     2.22E+00   -1.82E+00
cells: vymax vymin =     2.04E+00   -1.51E+00
cells: vzmax vzmin =     1.45E+01    9.41E+00
Wall iteration:
niter =    60 residual =     4.42E-02
Residual velocity: vmax =     1.44E-02 vzmax =     5.31E-03
lt =       570  T =         0.45600 time cost =        28.13

cells: vmax =     1.45E+01
cells: vxmax vxmin =     2.22E+00   -1.81E+00
cells: vymax vymin =     2.04E+00   -1.51E+00
cells: vzmax vzmin =     1.45E+01    9.42E+00
Wall iteration:
niter =    60 residual =     4.44E-02
Residual velocity: vmax =     1.39E-02 vzmax =     5.40E-03
lt =       571  T =         0.45680 time cost =        28.11

cells: vmax =     1.45E+01
cells: vxmax vxmin =     2.22E+00   -1.81E+00
cells: vymax vymin =     2.04E+00   -1.51E+00
cells: vzmax vzmin =     1.45E+01    9.42E+00
Wall iteration:
niter =    60 residual =     4.46E-02
Residual velocity: vmax =     1.47E-02 vzmax =     5.27E-03
lt =       572  T =         0.45760 time cost =        28.18

cells: vmax =     1.45E+01
cells: vxmax vxmin =     2.22E+00   -1.81E+00
cells: vymax vymin =     2.04E+00   -1.50E+00
cells: vzmax vzmin =     1.45E+01    9.42E+00
Wall iteration:
niter =    60 residual =     4.48E-02
Residual velocity: vmax =     1.40E-02 vzmax =     5.40E-03
lt =       573  T =         0.45840 time cost =        28.12

cells: vmax =     1.45E+01
cells: vxmax vxmin =     2.22E+00   -1.80E+00
cells: vymax vymin =     2.05E+00   -1.50E+00
cells: vzmax vzmin =     1.45E+01    9.43E+00
Wall iteration:
niter =    60 residual =     4.51E-02
Residual velocity: vmax =     1.49E-02 vzmax =     5.24E-03
lt =       574  T =         0.45920 time cost =        28.17

cells: vmax =     1.45E+01
cells: vxmax vxmin =     2.22E+00   -1.80E+00
cells: vymax vymin =     2.05E+00   -1.49E+00
cells: vzmax vzmin =     1.45E+01    9.43E+00
Wall iteration:
niter =    60 residual =     4.53E-02
Residual velocity: vmax =     1.41E-02 vzmax =     5.40E-03
lt =       575  T =         0.46000 time cost =        28.19

cells: vmax =     1.45E+01
cells: vxmax vxmin =     2.22E+00   -1.79E+00
cells: vymax vymin =     2.05E+00   -1.49E+00
cells: vzmax vzmin =     1.45E+01    9.44E+00
Wall iteration:
niter =    60 residual =     4.56E-02
Residual velocity: vmax =     1.50E-02 vzmax =     5.22E-03
lt =       576  T =         0.46080 time cost =        28.22

cells: vmax =     1.45E+01
cells: vxmax vxmin =     2.22E+00   -1.78E+00
cells: vymax vymin =     2.05E+00   -1.48E+00
cells: vzmax vzmin =     1.45E+01    9.44E+00
Wall iteration:
niter =    60 residual =     4.59E-02
Residual velocity: vmax =     1.42E-02 vzmax =     5.40E-03
lt =       577  T =         0.46160 time cost =        28.25

cells: vmax =     1.45E+01
cells: vxmax vxmin =     2.23E+00   -1.78E+00
cells: vymax vymin =     2.05E+00   -1.48E+00
cells: vzmax vzmin =     1.45E+01    9.44E+00
Wall iteration:
niter =    60 residual =     4.63E-02
Residual velocity: vmax =     1.52E-02 vzmax =     5.22E-03
lt =       578  T =         0.46240 time cost =        28.28

cells: vmax =     1.45E+01
cells: vxmax vxmin =     2.23E+00   -1.77E+00
cells: vymax vymin =     2.05E+00   -1.48E+00
cells: vzmax vzmin =     1.45E+01    9.45E+00
Wall iteration:
niter =    60 residual =     4.66E-02
Residual velocity: vmax =     1.43E-02 vzmax =     5.41E-03
lt =       579  T =         0.46320 time cost =        28.31

cells: vmax =     1.45E+01
cells: vxmax vxmin =     2.23E+00   -1.77E+00
cells: vymax vymin =     2.06E+00   -1.48E+00
cells: vzmax vzmin =     1.45E+01    9.45E+00
Wall iteration:
niter =    60 residual =     4.70E-02
Residual velocity: vmax =     1.53E-02 vzmax =     5.22E-03
lt =       580  T =         0.46400 time cost =        28.35

cells: vmax =     1.45E+01
cells: vxmax vxmin =     2.23E+00   -1.76E+00
cells: vymax vymin =     2.06E+00   -1.48E+00
cells: vzmax vzmin =     1.45E+01    9.46E+00
Wall iteration:
niter =    60 residual =     4.74E-02
Residual velocity: vmax =     1.43E-02 vzmax =     5.43E-03
lt =       581  T =         0.46480 time cost =        28.37

cells: vmax =     1.45E+01
cells: vxmax vxmin =     2.23E+00   -1.75E+00
cells: vymax vymin =     2.06E+00   -1.48E+00
cells: vzmax vzmin =     1.45E+01    9.46E+00
Wall iteration:
niter =    60 residual =     4.78E-02
Residual velocity: vmax =     1.53E-02 vzmax =     5.23E-03
lt =       582  T =         0.46560 time cost =        28.39

cells: vmax =     1.45E+01
cells: vxmax vxmin =     2.23E+00   -1.74E+00
cells: vymax vymin =     2.06E+00   -1.47E+00
cells: vzmax vzmin =     1.45E+01    9.47E+00
Wall iteration:
niter =    60 residual =     4.82E-02
Residual velocity: vmax =     1.44E-02 vzmax =     5.45E-03
lt =       583  T =         0.46640 time cost =        28.42

cells: vmax =     1.45E+01
cells: vxmax vxmin =     2.23E+00   -1.74E+00
cells: vymax vymin =     2.06E+00   -1.47E+00
cells: vzmax vzmin =     1.45E+01    9.48E+00
Wall iteration:
niter =    60 residual =     4.87E-02
Residual velocity: vmax =     1.54E-02 vzmax =     5.25E-03
lt =       584  T =         0.46720 time cost =        28.51

cells: vmax =     1.45E+01
cells: vxmax vxmin =     2.23E+00   -1.73E+00
cells: vymax vymin =     2.07E+00   -1.47E+00
cells: vzmax vzmin =     1.45E+01    9.48E+00
Wall iteration:
niter =    60 residual =     4.92E-02
Residual velocity: vmax =     1.45E-02 vzmax =     5.48E-03
lt =       585  T =         0.46800 time cost =        28.46

cells: vmax =     1.45E+01
cells: vxmax vxmin =     2.23E+00   -1.72E+00
cells: vymax vymin =     2.07E+00   -1.47E+00
cells: vzmax vzmin =     1.45E+01    9.49E+00
Wall iteration:
niter =    60 residual =     4.98E-02
Residual velocity: vmax =     1.55E-02 vzmax =     5.28E-03
lt =       586  T =         0.46880 time cost =        28.48

cells: vmax =     1.45E+01
cells: vxmax vxmin =     2.23E+00   -1.71E+00
cells: vymax vymin =     2.07E+00   -1.47E+00
cells: vzmax vzmin =     1.45E+01    9.50E+00
Wall iteration:
niter =    60 residual =     5.03E-02
Residual velocity: vmax =     1.46E-02 vzmax =     5.51E-03
lt =       587  T =         0.46960 time cost =        28.50

cells: vmax =     1.45E+01
cells: vxmax vxmin =     2.23E+00   -1.71E+00
cells: vymax vymin =     2.07E+00   -1.46E+00
cells: vzmax vzmin =     1.45E+01    9.50E+00
Wall iteration:
niter =    60 residual =     5.09E-02
Residual velocity: vmax =     1.56E-02 vzmax =     5.31E-03
lt =       588  T =         0.47040 time cost =        28.53

cells: vmax =     1.45E+01
cells: vxmax vxmin =     2.23E+00   -1.70E+00
cells: vymax vymin =     2.07E+00   -1.46E+00
cells: vzmax vzmin =     1.45E+01    9.51E+00
Wall iteration:
niter =    60 residual =     5.15E-02
Residual velocity: vmax =     1.48E-02 vzmax =     5.55E-03
lt =       589  T =         0.47120 time cost =        28.57

cells: vmax =     1.45E+01
cells: vxmax vxmin =     2.23E+00   -1.69E+00
cells: vymax vymin =     2.07E+00   -1.46E+00
cells: vzmax vzmin =     1.45E+01    9.52E+00
Wall iteration:
niter =    60 residual =     5.21E-02
Residual velocity: vmax =     1.57E-02 vzmax =     5.35E-03
lt =       590  T =         0.47200 time cost =        28.65

cells: vmax =     1.45E+01
cells: vxmax vxmin =     2.23E+00   -1.69E+00
cells: vymax vymin =     2.08E+00   -1.46E+00
cells: vzmax vzmin =     1.45E+01    9.52E+00
Wall iteration:
niter =    60 residual =     5.27E-02
Residual velocity: vmax =     1.49E-02 vzmax =     5.60E-03
lt =       591  T =         0.47280 time cost =        28.63

cells: vmax =     1.45E+01
cells: vxmax vxmin =     2.23E+00   -1.68E+00
cells: vymax vymin =     2.08E+00   -1.46E+00
cells: vzmax vzmin =     1.45E+01    9.53E+00
Wall iteration:
niter =    60 residual =     5.33E-02
Residual velocity: vmax =     1.56E-02 vzmax =     5.39E-03
lt =       592  T =         0.47360 time cost =        28.72

cells: vmax =     1.45E+01
cells: vxmax vxmin =     2.23E+00   -1.67E+00
cells: vymax vymin =     2.08E+00   -1.45E+00
cells: vzmax vzmin =     1.45E+01    9.54E+00
Wall iteration:
niter =    60 residual =     5.40E-02
Residual velocity: vmax =     1.49E-02 vzmax =     5.60E-03
lt =       593  T =         0.47440 time cost =        28.68

cells: vmax =     1.45E+01
cells: vxmax vxmin =     2.23E+00   -1.67E+00
cells: vymax vymin =     2.08E+00   -1.45E+00
cells: vzmax vzmin =     1.45E+01    9.55E+00
Wall iteration:
niter =    60 residual =     5.45E-02
Residual velocity: vmax =     1.52E-02 vzmax =     5.41E-03
lt =       594  T =         0.47520 time cost =        28.73

cells: vmax =     1.45E+01
cells: vxmax vxmin =     2.23E+00   -1.66E+00
cells: vymax vymin =     2.08E+00   -1.45E+00
cells: vzmax vzmin =     1.45E+01    9.56E+00
Wall iteration:
niter =    60 residual =     5.51E-02
Residual velocity: vmax =     1.52E-02 vzmax =     5.57E-03
lt =       595  T =         0.47600 time cost =        28.84

cells: vmax =     1.45E+01
cells: vxmax vxmin =     2.23E+00   -1.65E+00
cells: vymax vymin =     2.08E+00   -1.45E+00
cells: vzmax vzmin =     1.45E+01    9.56E+00
Wall iteration:
niter =    60 residual =     5.57E-02
Residual velocity: vmax =     1.50E-02 vzmax =     5.44E-03
lt =       596  T =         0.47680 time cost =        28.88

cells: vmax =     1.45E+01
cells: vxmax vxmin =     2.23E+00   -1.65E+00
cells: vymax vymin =     2.08E+00   -1.45E+00
cells: vzmax vzmin =     1.45E+01    9.57E+00
Wall iteration:
niter =    60 residual =     5.63E-02
Residual velocity: vmax =     1.55E-02 vzmax =     5.60E-03
lt =       597  T =         0.47760 time cost =        28.91

cells: vmax =     1.45E+01
cells: vxmax vxmin =     2.23E+00   -1.64E+00
cells: vymax vymin =     2.08E+00   -1.45E+00
cells: vzmax vzmin =     1.45E+01    9.58E+00
Wall iteration:
niter =    60 residual =     5.66E-02
Residual velocity: vmax =     1.47E-02 vzmax =     5.28E-03
lt =       598  T =         0.47840 time cost =        28.91

cells: vmax =     1.45E+01
cells: vxmax vxmin =     2.23E+00   -1.64E+00
cells: vymax vymin =     2.08E+00   -1.44E+00
cells: vzmax vzmin =     1.45E+01    9.59E+00
Wall iteration:
niter =    60 residual =     5.71E-02
Residual velocity: vmax =     1.57E-02 vzmax =     5.47E-03
lt =       599  T =         0.47920 time cost =        28.94

cells: vmax =     1.45E+01
cells: vxmax vxmin =     2.23E+00   -1.63E+00
cells: vymax vymin =     2.08E+00   -1.44E+00
cells: vzmax vzmin =     1.45E+01    9.60E+00
area expansion of cell   1:    4.53147%
area expansion of cell   2:    3.81046%
area expansion of cell   3:    5.67510%
area expansion of cell   4:    6.06016%
area expansion of cell   5:    4.10181%
area expansion of cell   6:    3.41973%
area expansion of cell   7:    3.62109%
area expansion of cell   8:    2.56453%
area expansion of cell   9:    3.34206%
area expansion of cell  10:    3.60762%
area expansion of cell  11:    2.67829%
area expansion of cell  12:    2.99237%
area expansion of cell  13:    3.91509%
area expansion of cell  14:    3.91873%
area expansion of cell  15:    3.02307%
area expansion of cell  16:    3.92204%
area expansion of cell  17:    3.52071%
area expansion of cell  18:    3.14518%
area expansion of cell  19:    3.81358%
area expansion of cell  20:    3.02534%
area expansion of cell  21:    3.20804%
area expansion of cell  22:    3.68120%
area expansion of cell  23:    4.05125%
area expansion of cell  24:    3.65691%
area expansion of cell  25:    4.24848%
area expansion of cell  26:    3.24994%
area expansion of cell  27:    4.02029%
area expansion of cell  28:    3.97233%
area expansion of cell  29:    3.94629%
area expansion of cell  30:    3.73386%
area expansion of cell  31:    3.29746%
area expansion of cell  32:    4.09618%
area expansion of cell  33:    4.64772%
area expansion of cell  34:    5.14649%
area expansion of cell  35:    4.05343%
area expansion of cell  36:    3.77423%
area expansion of cell  37:    4.91031%
area expansion of cell  38:    6.61451%
Wall iteration:
niter =    60 residual =     5.77E-02
Residual velocity: vmax =     1.48E-02 vzmax =     5.35E-03
lt =       600  T =         0.48000 time cost =        28.94

cells: vmax =     1.45E+01
cells: vxmax vxmin =     2.23E+00   -1.63E+00
cells: vymax vymin =     2.09E+00   -1.44E+00
cells: vzmax vzmin =     1.45E+01    9.61E+00
Wall iteration:
niter =    60 residual =     5.84E-02
Residual velocity: vmax =     1.59E-02 vzmax =     5.55E-03
lt =       601  T =         0.48080 time cost =        28.97

cells: vmax =     1.45E+01
cells: vxmax vxmin =     2.22E+00   -1.62E+00
cells: vymax vymin =     2.09E+00   -1.44E+00
cells: vzmax vzmin =     1.45E+01    9.62E+00
Wall iteration:
niter =    60 residual =     5.95E-02
Residual velocity: vmax =     1.53E-02 vzmax =     5.67E-03
lt =       602  T =         0.48160 time cost =        28.92

cells: vmax =     1.45E+01
cells: vxmax vxmin =     2.22E+00   -1.62E+00
cells: vymax vymin =     2.09E+00   -1.44E+00
cells: vzmax vzmin =     1.45E+01    9.62E+00
Wall iteration:
niter =    60 residual =     6.04E-02
Residual velocity: vmax =     1.61E-02 vzmax =     5.56E-03
lt =       603  T =         0.48240 time cost =        28.96

cells: vmax =     1.45E+01
cells: vxmax vxmin =     2.22E+00   -1.62E+00
cells: vymax vymin =     2.09E+00   -1.44E+00
cells: vzmax vzmin =     1.45E+01    9.63E+00
Wall iteration:
niter =    60 residual =     6.14E-02
Residual velocity: vmax =     1.54E-02 vzmax =     5.75E-03
lt =       604  T =         0.48320 time cost =        28.99

cells: vmax =     1.45E+01
cells: vxmax vxmin =     2.22E+00   -1.61E+00
cells: vymax vymin =     2.09E+00   -1.43E+00
cells: vzmax vzmin =     1.45E+01    9.64E+00
Wall iteration:
niter =    60 residual =     6.23E-02
Residual velocity: vmax =     1.64E-02 vzmax =     5.65E-03
lt =       605  T =         0.48400 time cost =        29.01

cells: vmax =     1.45E+01
cells: vxmax vxmin =     2.22E+00   -1.61E+00
cells: vymax vymin =     2.09E+00   -1.43E+00
cells: vzmax vzmin =     1.45E+01    9.65E+00
Wall iteration:
niter =    60 residual =     6.34E-02
Residual velocity: vmax =     1.57E-02 vzmax =     5.88E-03
lt =       606  T =         0.48480 time cost =        29.05

cells: vmax =     1.45E+01
cells: vxmax vxmin =     2.21E+00   -1.61E+00
cells: vymax vymin =     2.09E+00   -1.43E+00
cells: vzmax vzmin =     1.45E+01    9.65E+00
Wall iteration:
niter =    60 residual =     6.44E-02
Residual velocity: vmax =     1.66E-02 vzmax =     5.81E-03
lt =       607  T =         0.48560 time cost =        29.07

cells: vmax =     1.45E+01
cells: vxmax vxmin =     2.21E+00   -1.60E+00
cells: vymax vymin =     2.09E+00   -1.43E+00
cells: vzmax vzmin =     1.45E+01    9.65E+00
Wall iteration:
niter =    60 residual =     6.55E-02
Residual velocity: vmax =     1.61E-02 vzmax =     6.00E-03
lt =       608  T =         0.48640 time cost =        29.11

cells: vmax =     1.45E+01
cells: vxmax vxmin =     2.21E+00   -1.60E+00
cells: vymax vymin =     2.09E+00   -1.43E+00
cells: vzmax vzmin =     1.45E+01    9.65E+00
Wall iteration:
niter =    60 residual =     6.66E-02
Residual velocity: vmax =     1.69E-02 vzmax =     6.02E-03
lt =       609  T =         0.48720 time cost =        29.24

cells: vmax =     1.45E+01
cells: vxmax vxmin =     2.21E+00   -1.60E+00
cells: vymax vymin =     2.09E+00   -1.43E+00
cells: vzmax vzmin =     1.45E+01    9.65E+00
Wall iteration:
niter =    60 residual =     6.77E-02
Residual velocity: vmax =     1.65E-02 vzmax =     6.14E-03
lt =       610  T =         0.48800 time cost =        29.15

cells: vmax =     1.45E+01
cells: vxmax vxmin =     2.20E+00   -1.60E+00
cells: vymax vymin =     2.09E+00   -1.42E+00
cells: vzmax vzmin =     1.45E+01    9.65E+00
Wall iteration:
niter =    60 residual =     6.87E-02
Residual velocity: vmax =     1.72E-02 vzmax =     6.18E-03
lt =       611  T =         0.48880 time cost =        29.21

cells: vmax =     1.45E+01
cells: vxmax vxmin =     2.20E+00   -1.60E+00
cells: vymax vymin =     2.09E+00   -1.42E+00
cells: vzmax vzmin =     1.45E+01    9.66E+00
Wall iteration:
niter =    60 residual =     6.98E-02
Residual velocity: vmax =     1.69E-02 vzmax =     6.30E-03
lt =       612  T =         0.48960 time cost =        29.24

cells: vmax =     1.45E+01
cells: vxmax vxmin =     2.20E+00   -1.60E+00
cells: vymax vymin =     2.08E+00   -1.42E+00
cells: vzmax vzmin =     1.45E+01    9.66E+00
Wall iteration:
niter =    60 residual =     7.09E-02
Residual velocity: vmax =     1.76E-02 vzmax =     6.32E-03
lt =       613  T =         0.49040 time cost =        29.28

cells: vmax =     1.45E+01
cells: vxmax vxmin =     2.19E+00   -1.60E+00
cells: vymax vymin =     2.08E+00   -1.42E+00
cells: vzmax vzmin =     1.45E+01    9.66E+00
Wall iteration:
niter =    60 residual =     7.19E-02
Residual velocity: vmax =     1.72E-02 vzmax =     6.45E-03
lt =       614  T =         0.49120 time cost =        29.31

cells: vmax =     1.45E+01
cells: vxmax vxmin =     2.19E+00   -1.59E+00
cells: vymax vymin =     2.08E+00   -1.42E+00
cells: vzmax vzmin =     1.45E+01    9.66E+00
Wall iteration:
niter =    60 residual =     7.29E-02
Residual velocity: vmax =     1.79E-02 vzmax =     6.46E-03
lt =       615  T =         0.49200 time cost =        29.32

cells: vmax =     1.45E+01
cells: vxmax vxmin =     2.18E+00   -1.59E+00
cells: vymax vymin =     2.08E+00   -1.42E+00
cells: vzmax vzmin =     1.45E+01    9.66E+00
Wall iteration:
niter =    60 residual =     7.40E-02
Residual velocity: vmax =     1.76E-02 vzmax =     6.58E-03
lt =       616  T =         0.49280 time cost =        29.34

cells: vmax =     1.45E+01
cells: vxmax vxmin =     2.18E+00   -1.59E+00
cells: vymax vymin =     2.08E+00   -1.42E+00
cells: vzmax vzmin =     1.45E+01    9.67E+00
Wall iteration:
niter =    60 residual =     7.49E-02
Residual velocity: vmax =     1.82E-02 vzmax =     6.58E-03
lt =       617  T =         0.49360 time cost =        29.36

cells: vmax =     1.45E+01
cells: vxmax vxmin =     2.17E+00   -1.59E+00
cells: vymax vymin =     2.08E+00   -1.41E+00
cells: vzmax vzmin =     1.45E+01    9.67E+00
Wall iteration:
niter =    60 residual =     7.59E-02
Residual velocity: vmax =     1.79E-02 vzmax =     6.70E-03
lt =       618  T =         0.49440 time cost =        29.39

cells: vmax =     1.45E+01
cells: vxmax vxmin =     2.17E+00   -1.59E+00
cells: vymax vymin =     2.08E+00   -1.41E+00
cells: vzmax vzmin =     1.45E+01    9.67E+00
Wall iteration:
niter =    60 residual =     7.68E-02
Residual velocity: vmax =     1.85E-02 vzmax =     6.70E-03
lt =       619  T =         0.49520 time cost =        29.41

cells: vmax =     1.45E+01
cells: vxmax vxmin =     2.16E+00   -1.59E+00
cells: vymax vymin =     2.08E+00   -1.41E+00
cells: vzmax vzmin =     1.45E+01    9.67E+00
Wall iteration:
niter =    60 residual =     7.76E-02
Residual velocity: vmax =     1.82E-02 vzmax =     6.82E-03
lt =       620  T =         0.49600 time cost =        29.45

cells: vmax =     1.45E+01
cells: vxmax vxmin =     2.16E+00   -1.60E+00
cells: vymax vymin =     2.08E+00   -1.41E+00
cells: vzmax vzmin =     1.45E+01    9.67E+00
Wall iteration:
niter =    60 residual =     7.85E-02
Residual velocity: vmax =     1.87E-02 vzmax =     6.81E-03
lt =       621  T =         0.49680 time cost =        29.45

cells: vmax =     1.45E+01
cells: vxmax vxmin =     2.16E+00   -1.60E+00
cells: vymax vymin =     2.08E+00   -1.41E+00
cells: vzmax vzmin =     1.45E+01    9.67E+00
Wall iteration:
niter =    60 residual =     7.92E-02
Residual velocity: vmax =     1.85E-02 vzmax =     6.92E-03
lt =       622  T =         0.49760 time cost =        29.49

cells: vmax =     1.45E+01
cells: vxmax vxmin =     2.15E+00   -1.60E+00
cells: vymax vymin =     2.08E+00   -1.41E+00
cells: vzmax vzmin =     1.45E+01    9.68E+00
Wall iteration:
niter =    60 residual =     8.00E-02
Residual velocity: vmax =     1.88E-02 vzmax =     6.89E-03
lt =       623  T =         0.49840 time cost =        29.47

cells: vmax =     1.45E+01
cells: vxmax vxmin =     2.15E+00   -1.61E+00
cells: vymax vymin =     2.08E+00   -1.41E+00
cells: vzmax vzmin =     1.45E+01    9.68E+00
Wall iteration:
niter =    60 residual =     8.06E-02
Residual velocity: vmax =     1.86E-02 vzmax =     7.01E-03
lt =       624  T =         0.49920 time cost =        29.49

srun: Job step aborted: Waiting up to 32 seconds for job step to finish.
slurmstepd: error: *** JOB 4609606 ON atl1-1-02-006-28-2 CANCELLED AT 2024-01-18T20:27:29 DUE TO TIME LIMIT ***
slurmstepd: error: *** STEP 4609606.0 ON atl1-1-02-006-28-2 CANCELLED AT 2024-01-18T20:27:29 DUE TO TIME LIMIT ***
[1]PETSC ERROR: ------------------------------------------------------------------------
[3]PETSC ERROR: ------------------------------------------------------------------------
[1]PETSC ERROR: Caught signal number 15 Terminate: Somet process (or the batch system) has told this process to end
[1]PETSC ERROR: Try option -start_in_debugger or -on_error_attach_debugger
[1]PETSC ERROR: or see http://www.mcs.anl.gov/petsc/petsc-as/documentation/troubleshooting.html#Signal[1]PETSC ERROR: or try http://valgrind.org on linux or man libgmalloc on Apple to find memory corruption errors
[1]PETSC ERROR: configure using --with-debugging=yes, recompile, link, and run 
[1]PETSC ERROR: to get more information on the crash.
[1]PETSC ERROR: --------------------- Error Message ------------------------------------
[1]PETSC ERROR: Signal received!
[1]PETSC ERROR: ------------------------------------------------------------------------
[1]PETSC ERROR: Petsc Release Version 3.0.0, Patch 3, Fri Jan 30 17:55:56 CST 2009
[1]PETSC ERROR: See docs/changes/index.html for recent updates.
[1]PETSC ERROR: See docs/faq.html for hints about trouble shooting.
[1]PETSC ERROR: See docs/index.html for manual pages.
[1]PETSC ERROR: ------------------------------------------------------------------------
[1]PETSC ERROR: /storage/home/hcoda1/4/smanasreh6/RBC3D/case_wbcs/./tube on a linux-gnu named atl1-1-02-006-29-1.pace.gatech.edu by smanasreh6 Thu Jan 18 19:27:46 2024
[1]PETSC ERROR: Libraries linked from /storage/home/hcoda1/4/smanasreh6/RBC3D/packages/mypetsc/lib
[1]PETSC ERROR: Configure run at Mon Oct  9 17:19:44 2023
[1]PETSC ERROR: Configure options --with-cc=mpicc --with-fc=mpif90 --with-debugging=0 COPTFLAGS="-O3 -march=native -mtune=native" CXXOPTFLAGS="-O3 -march=native -mtune=native" FOPTFLAGS="-O3 -march=native -mtune=native" --with-blas-lib=/storage/home/hcoda1/4/smanasreh6/RBC3D/packages/BLAS-3.11.0/blas_LINUX.a --with-lapack-lib=/storage/home/hcoda1/4/smanasreh6/RBC3D/packages/lapack-3.11/liblapack.a --with-valgrind-dir=/usr/local/pace-apps/manual/packages/valgrind/3.19.0/gcc-4.8.5 --prefix=/storage/home/hcoda1/4/smanasreh6/RBC3D/packages/mypetsc --with-shared=0 --with-mpiexec=srun --with-x11=0 --with-x=0 --with-windows-graphics=0
[1]PETSC ERROR: ------------------------------------------------------------------------
[1]PETSC ERROR: User provided function() line 0 in unknown directory unknown file
[3]PETSC ERROR: Caught signal number 15 Terminate: Somet process (or the batch system) has told this process to end
[3]PETSC ERROR: Try option -start_in_debugger or -on_error_attach_debugger
[3]PETSC ERROR: or see http://www.mcs.anl.gov/petsc/petsc-as/documentation/troubleshooting.html#Signal[3]PETSC ERROR: or try http://valgrind.org on linux or man libgmalloc on Apple to find memory corruption errors
[3]PETSC ERROR: configure using --with-debugging=yes, recompile, link, and run 
[3]PETSC ERROR: to get more information on the crash.
[3]PETSC ERROR: --------------------- Error Message ------------------------------------
[3]PETSC ERROR: Signal received!
[3]PETSC ERROR: ------------------------------------------------------------------------
[3]PETSC ERROR: Petsc Release Version 3.0.0, Patch 3, Fri Jan 30 17:55:56 CST 2009
[3]PETSC ERROR: See docs/changes/index.html for recent updates.
[3]PETSC ERROR: See docs/faq.html for hints about trouble shooting.
[3]PETSC ERROR: See docs/index.html for manual pages.
[3]PETSC ERROR: ------------------------------------------------------------------------
[3]PETSC ERROR: /storage/home/hcoda1/4/smanasreh6/RBC3D/case_wbcs/./tube on a linux-gnu named atl1-1-02-006-30-1.pace.gatech.edu by smanasreh6 Thu Jan 18 19:27:46 2024
[3]PETSC ERROR: Libraries linked from /storage/home/hcoda1/4/smanasreh6/RBC3D/packages/mypetsc/lib
[3]PETSC ERROR: Configure run at Mon Oct  9 17:19:44 2023
[3]PETSC ERROR: Configure options --with-cc=mpicc --with-fc=mpif90 --with-debugging=0 COPTFLAGS="-O3 -march=native -mtune=native" CXXOPTFLAGS="-O3 -march=native -mtune=native" FOPTFLAGS="-O3 -march=native -mtune=native" --with-blas-lib=/storage/home/hcoda1/4/smanasreh6/RBC3D/packages/BLAS-3.11.0/blas_LINUX.a --with-lapack-lib=/storage/home/hcoda1/4/smanasreh6/RBC3D/packages/lapack-3.11/liblapack.a --with-valgrind-dir=/usr/local/pace-apps/manual/packages/valgrind/3.19.0/gcc-4.8.5 --prefix=/storage/home/hcoda1/4/smanasreh6/RBC3D/packages/mypetsc --with-shared=0 --with-mpiexec=srun --with-x11=0 --with-x=0 --with-windows-graphics=0
[3]PETSC ERROR: ------------------------------------------------------------------------
[3]PETSC ERROR: User provided function() line 0 in unknown directory unknown file
[2]PETSC ERROR: ------------------------------------------------------------------------
[2]PETSC ERROR: Caught signal number 15 Terminate: Somet process (or the batch system) has told this process to end
[2]PETSC ERROR: Try option -start_in_debugger or -on_error_attach_debugger
[2]PETSC ERROR: or see http://www.mcs.anl.gov/petsc/petsc-as/documentation/troubleshooting.html#Signal[2]PETSC ERROR: or try http://valgrind.org on linux or man libgmalloc on Apple to find memory corruption errors
[2]PETSC ERROR: configure using --with-debugging=yes, recompile, link, and run 
[2]PETSC ERROR: to get more information on the crash.
[2]PETSC ERROR: --------------------- Error Message ------------------------------------
[2]PETSC ERROR: Signal received!
[0]PETSC ERROR: ------------------------------------------------------------------------
[2]PETSC ERROR: ------------------------------------------------------------------------
[2]PETSC ERROR: Petsc Release Version 3.0.0, Patch 3, Fri Jan 30 17:55:56 CST 2009
[2]PETSC ERROR: See docs/changes/index.html for recent updates.
[2]PETSC ERROR: See docs/faq.html for hints about trouble shooting.
[2]PETSC ERROR: See docs/index.html for manual pages.
[2]PETSC ERROR: ------------------------------------------------------------------------
[2]PETSC ERROR: /storage/home/hcoda1/4/smanasreh6/RBC3D/case_wbcs/./tube on a linux-gnu named atl1-1-02-006-29-2.pace.gatech.edu by smanasreh6 Thu Jan 18 19:27:46 2024
[2]PETSC ERROR: Libraries linked from /storage/home/hcoda1/4/smanasreh6/RBC3D/packages/mypetsc/lib
[2]PETSC ERROR: Configure run at Mon Oct  9 17:19:44 2023
[0]PETSC ERROR: Caught signal number 15 Terminate: Somet process (or the batch system) has told this process to end
[0]PETSC ERROR: Try option -start_in_debugger or -on_error_attach_debugger
[2]PETSC ERROR: Configure options --with-cc=mpicc --with-fc=mpif90 --with-debugging=0 COPTFLAGS="-O3 -march=native -mtune=native" CXXOPTFLAGS="-O3 -march=native -mtune=native" FOPTFLAGS="-O3 -march=native -mtune=native" --with-blas-lib=/storage/home/hcoda1/4/smanasreh6/RBC3D/packages/BLAS-3.11.0/blas_LINUX.a --with-lapack-lib=/storage/home/hcoda1/4/smanasreh6/RBC3D/packages/lapack-3.11/liblapack.a --with-valgrind-dir=/usr/local/pace-apps/manual/packages/valgrind/3.19.0/gcc-4.8.5 --prefix=/storage/home/hcoda1/4/smanasreh6/RBC3D/packages/mypetsc --with-shared=0 --with-mpiexec=srun --with-x11=0 --with-x=0 --with-windows-graphics=0
[2]PETSC ERROR: ------------------------------------------------------------------------
[2]PETSC ERROR: User provided function() line 0 in unknown directory unknown file
[0]PETSC ERROR: or see http://www.mcs.anl.gov/petsc/petsc-as/documentation/troubleshooting.html#Signal[0]PETSC ERROR: or try http://valgrind.org on linux or man libgmalloc on Apple to find memory corruption errors
[0]PETSC ERROR: configure using --with-debugging=yes, recompile, link, and run 
[0]PETSC ERROR: to get more information on the crash.
[0]PETSC ERROR: --------------------- Error Message ------------------------------------
[0]PETSC ERROR: Signal received!
[0]PETSC ERROR: ------------------------------------------------------------------------
[0]PETSC ERROR: Petsc Release Version 3.0.0, Patch 3, Fri Jan 30 17:55:56 CST 2009
[0]PETSC ERROR: See docs/changes/index.html for recent updates.
[0]PETSC ERROR: See docs/faq.html for hints about trouble shooting.
[0]PETSC ERROR: See docs/index.html for manual pages.
[0]PETSC ERROR: ------------------------------------------------------------------------
[0]PETSC ERROR: /storage/home/hcoda1/4/smanasreh6/RBC3D/case_wbcs/./tube on a linux-gnu named atl1-1-02-006-28-2.pace.gatech.edu by smanasreh6 Thu Jan 18 19:27:46 2024
[0]PETSC ERROR: Libraries linked from /storage/home/hcoda1/4/smanasreh6/RBC3D/packages/mypetsc/lib
[0]PETSC ERROR: Configure run at Mon Oct  9 17:19:44 2023
[0]PETSC ERROR: Configure options --with-cc=mpicc --with-fc=mpif90 --with-debugging=0 COPTFLAGS="-O3 -march=native -mtune=native" CXXOPTFLAGS="-O3 -march=native -mtune=native" FOPTFLAGS="-O3 -march=native -mtune=native" --with-blas-lib=/storage/home/hcoda1/4/smanasreh6/RBC3D/packages/BLAS-3.11.0/blas_LINUX.a --with-lapack-lib=/storage/home/hcoda1/4/smanasreh6/RBC3D/packages/lapack-3.11/liblapack.a --with-valgrind-dir=/usr/local/pace-apps/manual/packages/valgrind/3.19.0/gcc-4.8.5 --prefix=/storage/home/hcoda1/4/smanasreh6/RBC3D/packages/mypetsc --with-shared=0 --with-mpiexec=srun --with-x11=0 --with-x=0 --with-windows-graphics=0
[0]PETSC ERROR: ------------------------------------------------------------------------
[0]PETSC ERROR: User provided function() line 0 in unknown directory unknown file
[atl1-1-02-006-28-2.pace.gatech.edu:mpi_rank_0][MPIDI_CH3_Abort] application called MPI_Abort(MPI_COMM_WORLD, 59) - process 0: No such file or directory (2)
---------------------------------------
Begin Slurm Epilog: Jan-18-2024 20:27:31
Job ID:        4609606
Array Job ID:  _4294967294
User ID:       smanasreh6
Account:       gts-sbryngelson3
Job name:      run2.sh
Resources:     cpu=96,mem=192G,node=4
Rsrc Used:     cput=4-00:11:12,vmem=81884K,walltime=01:00:07,mem=8560K,energy_used=0
Partition:     cpu-small
QOS:           embers
Nodes:         atl1-1-02-006-28-2,atl1-1-02-006-29-[1-2],atl1-1-02-006-30-1
---------------------------------------
