---------------------------------------
Begin Slurm Prolog: Jan-28-2024 12:30:39
Job ID:    4669848
User ID:   smanasreh6
Account:   gts-sbryngelson3
Job name:  run2.sh
Partition: cpu-small
QOS:       embers
---------------------------------------
rm -f *.o *.mod *.a core*
make: `.depend' is up to date.
mpif90 -fallow-argument-mismatch -freal-4-real-8  -O3  -I/storage/home/hcoda1/4/smanasreh6/RBC3D/common -I/storage/home/hcoda1/4/smanasreh6/RBC3D/packages/mkl/interfaces/lapack95/obj -I/storage/home/hcoda1/4/smanasreh6/RBC3D/packages/LAPACK95/lapack95_modules -I/storage/home/hcoda1/4/smanasreh6/RBC3D/packages/mypetsc/include -I/usr/local/pace-apps/spack/packages/linux-rhel7-x86_64/gcc-10.3.0/netcdf-fortran-4.5.4-yx5osuxluenmuvr3xnahmosfr3abeu2p/include -c ModDataTypes.F90
mpif90 -fallow-argument-mismatch -freal-4-real-8  -O3  -I/storage/home/hcoda1/4/smanasreh6/RBC3D/common -I/storage/home/hcoda1/4/smanasreh6/RBC3D/packages/mkl/interfaces/lapack95/obj -I/storage/home/hcoda1/4/smanasreh6/RBC3D/packages/LAPACK95/lapack95_modules -I/storage/home/hcoda1/4/smanasreh6/RBC3D/packages/mypetsc/include -I/usr/local/pace-apps/spack/packages/linux-rhel7-x86_64/gcc-10.3.0/netcdf-fortran-4.5.4-yx5osuxluenmuvr3xnahmosfr3abeu2p/include -c ModFFT.F90
mpif90 -fallow-argument-mismatch -freal-4-real-8  -O3  -I/storage/home/hcoda1/4/smanasreh6/RBC3D/common -I/storage/home/hcoda1/4/smanasreh6/RBC3D/packages/mkl/interfaces/lapack95/obj -I/storage/home/hcoda1/4/smanasreh6/RBC3D/packages/LAPACK95/lapack95_modules -I/storage/home/hcoda1/4/smanasreh6/RBC3D/packages/mypetsc/include -I/usr/local/pace-apps/spack/packages/linux-rhel7-x86_64/gcc-10.3.0/netcdf-fortran-4.5.4-yx5osuxluenmuvr3xnahmosfr3abeu2p/include -c ModDataStruct.F90
mpif90 -fallow-argument-mismatch -freal-4-real-8  -O3  -I/storage/home/hcoda1/4/smanasreh6/RBC3D/common -I/storage/home/hcoda1/4/smanasreh6/RBC3D/packages/mkl/interfaces/lapack95/obj -I/storage/home/hcoda1/4/smanasreh6/RBC3D/packages/LAPACK95/lapack95_modules -I/storage/home/hcoda1/4/smanasreh6/RBC3D/packages/mypetsc/include -I/usr/local/pace-apps/spack/packages/linux-rhel7-x86_64/gcc-10.3.0/netcdf-fortran-4.5.4-yx5osuxluenmuvr3xnahmosfr3abeu2p/include -c ModConf.F90
ModConf.F90:581:24:

  567 |     call MPI_AllGatherV(ia, sendcount, MPI_INTEGER, &
      |                        2
......
  581 |     call MPI_AllGatherV(aSend, sendcount, MPI_WP, &
      |                        1
Warning: Type mismatch between actual argument at (1) and actual argument at (2) (REAL(8)/INTEGER(4)).
ModConf.F90:405:21:

  386 |       call MPI_Bcast(rc_Ewd, 1, MPI_WP, 0, MPI_Comm_Ewald, ierr)
      |                     2
......
  405 |       call MPI_Bcast(Nb_Ewd, 3, MPI_Integer, 0, MPI_Comm_Ewald, ierr)
      |                     1
Warning: Type mismatch between actual argument at (1) and actual argument at (2) (INTEGER(4)/REAL(8)).
ModConf.F90:290:19:

  290 |     call MPI_Bcast(viscRat, nCellTypes, MPI_WP, 0, MPI_COMM_WORLD, ierr)
      |                   1
......
  386 |       call MPI_Bcast(rc_Ewd, 1, MPI_WP, 0, MPI_Comm_Ewald, ierr)
      |                     2
Warning: Rank mismatch between actual argument at (1) and actual argument at (2) (scalar and rank-1)
ModConf.F90:291:19:

  291 |     call MPI_Bcast(refRad, nCellTypes, MPI_WP, 0, MPI_COMM_WORLD, ierr)
      |                   1
......
  386 |       call MPI_Bcast(rc_Ewd, 1, MPI_WP, 0, MPI_Comm_Ewald, ierr)
      |                     2
Warning: Rank mismatch between actual argument at (1) and actual argument at (2) (scalar and rank-1)
ModConf.F90:296:19:

  296 |     call MPI_Bcast(pgradTar, 3, MPI_WP, 0, MPI_Comm_World, ierr)
      |                   1
......
  386 |       call MPI_Bcast(rc_Ewd, 1, MPI_WP, 0, MPI_Comm_Ewald, ierr)
      |                     2
Warning: Rank mismatch between actual argument at (1) and actual argument at (2) (scalar and rank-1)
ModConf.F90:314:19:

  314 |     call MPI_Bcast(fmags, 4, MPI_WP, 0, MPI_Comm_World, ierr)
      |                   1
......
  386 |       call MPI_Bcast(rc_Ewd, 1, MPI_WP, 0, MPI_Comm_Ewald, ierr)
      |                     2
Warning: Rank mismatch between actual argument at (1) and actual argument at (2) (scalar and rank-1)
ModConf.F90:136:18:

  135 |         call MPI_Recv(lenname, 1, MPI_Integer, i, 1, MPI_Comm_World, stat, ierr)
      |                      2
  136 |     call MPI_Recv(machinename, lenname, MPI_Character, i, 1, MPI_Comm_World, stat, ierr)
      |                  1
Warning: Type mismatch between actual argument at (1) and actual argument at (2) (CHARACTER(127)/INTEGER(4)).
ModConf.F90:141:20:

  140 |       call MPI_Send(lenname, 1, MPI_Integer, 0, 1, MPI_Comm_World, stat, ierr)
      |                    2
  141 |       call MPI_Send(machinename, lenname, MPI_Character, 0, 1, MPI_Comm_World, stat, ierr)
      |                    1
Warning: Type mismatch between actual argument at (1) and actual argument at (2) (CHARACTER(127)/INTEGER(4)).
mpif90 -fallow-argument-mismatch -freal-4-real-8  -O3  -I/storage/home/hcoda1/4/smanasreh6/RBC3D/common -I/storage/home/hcoda1/4/smanasreh6/RBC3D/packages/mkl/interfaces/lapack95/obj -I/storage/home/hcoda1/4/smanasreh6/RBC3D/packages/LAPACK95/lapack95_modules -I/storage/home/hcoda1/4/smanasreh6/RBC3D/packages/mypetsc/include -I/usr/local/pace-apps/spack/packages/linux-rhel7-x86_64/gcc-10.3.0/netcdf-fortran-4.5.4-yx5osuxluenmuvr3xnahmosfr3abeu2p/include -c ModQuadRule.F90
mpif90 -fallow-argument-mismatch -freal-4-real-8  -O3  -I/storage/home/hcoda1/4/smanasreh6/RBC3D/common -I/storage/home/hcoda1/4/smanasreh6/RBC3D/packages/mkl/interfaces/lapack95/obj -I/storage/home/hcoda1/4/smanasreh6/RBC3D/packages/LAPACK95/lapack95_modules -I/storage/home/hcoda1/4/smanasreh6/RBC3D/packages/mypetsc/include -I/usr/local/pace-apps/spack/packages/linux-rhel7-x86_64/gcc-10.3.0/netcdf-fortran-4.5.4-yx5osuxluenmuvr3xnahmosfr3abeu2p/include -c ModBasicMath.F90
mpif90 -fallow-argument-mismatch -freal-4-real-8  -O3  -I/storage/home/hcoda1/4/smanasreh6/RBC3D/common -I/storage/home/hcoda1/4/smanasreh6/RBC3D/packages/mkl/interfaces/lapack95/obj -I/storage/home/hcoda1/4/smanasreh6/RBC3D/packages/LAPACK95/lapack95_modules -I/storage/home/hcoda1/4/smanasreh6/RBC3D/packages/mypetsc/include -I/usr/local/pace-apps/spack/packages/linux-rhel7-x86_64/gcc-10.3.0/netcdf-fortran-4.5.4-yx5osuxluenmuvr3xnahmosfr3abeu2p/include -c ModPolarPatch.F90
mpif90 -fallow-argument-mismatch -freal-4-real-8  -O3  -I/storage/home/hcoda1/4/smanasreh6/RBC3D/common -I/storage/home/hcoda1/4/smanasreh6/RBC3D/packages/mkl/interfaces/lapack95/obj -I/storage/home/hcoda1/4/smanasreh6/RBC3D/packages/LAPACK95/lapack95_modules -I/storage/home/hcoda1/4/smanasreh6/RBC3D/packages/mypetsc/include -I/usr/local/pace-apps/spack/packages/linux-rhel7-x86_64/gcc-10.3.0/netcdf-fortran-4.5.4-yx5osuxluenmuvr3xnahmosfr3abeu2p/include -c ModSpline.F90
mpif90 -fallow-argument-mismatch -freal-4-real-8  -O3  -I/storage/home/hcoda1/4/smanasreh6/RBC3D/common -I/storage/home/hcoda1/4/smanasreh6/RBC3D/packages/mkl/interfaces/lapack95/obj -I/storage/home/hcoda1/4/smanasreh6/RBC3D/packages/LAPACK95/lapack95_modules -I/storage/home/hcoda1/4/smanasreh6/RBC3D/packages/mypetsc/include -I/usr/local/pace-apps/spack/packages/linux-rhel7-x86_64/gcc-10.3.0/netcdf-fortran-4.5.4-yx5osuxluenmuvr3xnahmosfr3abeu2p/include -c ModEwaldFunc.F90
mpif90 -fallow-argument-mismatch -freal-4-real-8  -O3  -I/storage/home/hcoda1/4/smanasreh6/RBC3D/common -I/storage/home/hcoda1/4/smanasreh6/RBC3D/packages/mkl/interfaces/lapack95/obj -I/storage/home/hcoda1/4/smanasreh6/RBC3D/packages/LAPACK95/lapack95_modules -I/storage/home/hcoda1/4/smanasreh6/RBC3D/packages/mypetsc/include -I/usr/local/pace-apps/spack/packages/linux-rhel7-x86_64/gcc-10.3.0/netcdf-fortran-4.5.4-yx5osuxluenmuvr3xnahmosfr3abeu2p/include -c ModRbcSingInt.F90
mpif90 -fallow-argument-mismatch -freal-4-real-8  -O3  -I/storage/home/hcoda1/4/smanasreh6/RBC3D/common -I/storage/home/hcoda1/4/smanasreh6/RBC3D/packages/mkl/interfaces/lapack95/obj -I/storage/home/hcoda1/4/smanasreh6/RBC3D/packages/LAPACK95/lapack95_modules -I/storage/home/hcoda1/4/smanasreh6/RBC3D/packages/mypetsc/include -I/usr/local/pace-apps/spack/packages/linux-rhel7-x86_64/gcc-10.3.0/netcdf-fortran-4.5.4-yx5osuxluenmuvr3xnahmosfr3abeu2p/include -c ModHashTable.F90
mpif90 -fallow-argument-mismatch -freal-4-real-8  -O3  -I/storage/home/hcoda1/4/smanasreh6/RBC3D/common -I/storage/home/hcoda1/4/smanasreh6/RBC3D/packages/mkl/interfaces/lapack95/obj -I/storage/home/hcoda1/4/smanasreh6/RBC3D/packages/LAPACK95/lapack95_modules -I/storage/home/hcoda1/4/smanasreh6/RBC3D/packages/mypetsc/include -I/usr/local/pace-apps/spack/packages/linux-rhel7-x86_64/gcc-10.3.0/netcdf-fortran-4.5.4-yx5osuxluenmuvr3xnahmosfr3abeu2p/include -c ModTargetList.F90
mpif90 -fallow-argument-mismatch -freal-4-real-8  -O3  -I/storage/home/hcoda1/4/smanasreh6/RBC3D/common -I/storage/home/hcoda1/4/smanasreh6/RBC3D/packages/mkl/interfaces/lapack95/obj -I/storage/home/hcoda1/4/smanasreh6/RBC3D/packages/LAPACK95/lapack95_modules -I/storage/home/hcoda1/4/smanasreh6/RBC3D/packages/mypetsc/include -I/usr/local/pace-apps/spack/packages/linux-rhel7-x86_64/gcc-10.3.0/netcdf-fortran-4.5.4-yx5osuxluenmuvr3xnahmosfr3abeu2p/include -c ModSourceList.F90
mpif90 -fallow-argument-mismatch -freal-4-real-8  -O3  -I/storage/home/hcoda1/4/smanasreh6/RBC3D/common -I/storage/home/hcoda1/4/smanasreh6/RBC3D/packages/mkl/interfaces/lapack95/obj -I/storage/home/hcoda1/4/smanasreh6/RBC3D/packages/LAPACK95/lapack95_modules -I/storage/home/hcoda1/4/smanasreh6/RBC3D/packages/mypetsc/include -I/usr/local/pace-apps/spack/packages/linux-rhel7-x86_64/gcc-10.3.0/netcdf-fortran-4.5.4-yx5osuxluenmuvr3xnahmosfr3abeu2p/include -c ModData.F90
mpif90 -fallow-argument-mismatch -freal-4-real-8  -O3  -I/storage/home/hcoda1/4/smanasreh6/RBC3D/common -I/storage/home/hcoda1/4/smanasreh6/RBC3D/packages/mkl/interfaces/lapack95/obj -I/storage/home/hcoda1/4/smanasreh6/RBC3D/packages/LAPACK95/lapack95_modules -I/storage/home/hcoda1/4/smanasreh6/RBC3D/packages/mypetsc/include -I/usr/local/pace-apps/spack/packages/linux-rhel7-x86_64/gcc-10.3.0/netcdf-fortran-4.5.4-yx5osuxluenmuvr3xnahmosfr3abeu2p/include -c ModIntOnWalls.F90
mpif90 -fallow-argument-mismatch -freal-4-real-8  -O3  -I/storage/home/hcoda1/4/smanasreh6/RBC3D/common -I/storage/home/hcoda1/4/smanasreh6/RBC3D/packages/mkl/interfaces/lapack95/obj -I/storage/home/hcoda1/4/smanasreh6/RBC3D/packages/LAPACK95/lapack95_modules -I/storage/home/hcoda1/4/smanasreh6/RBC3D/packages/mypetsc/include -I/usr/local/pace-apps/spack/packages/linux-rhel7-x86_64/gcc-10.3.0/netcdf-fortran-4.5.4-yx5osuxluenmuvr3xnahmosfr3abeu2p/include -c ModRepulsion.F90
ModRepulsion.F90:461:29:

  459 |           call MPI_AllReduce(distMin, distMin_Glb, 1, MPI_WP, MPI_MIN, MPI_COMM_WORLD, ierr)
      |                             2
  460 |           if (distMin.ne.distMin_Glb) dx = HUGE(dx)
  461 |           call MPI_AllReduce(dx, dx, 3, MPI_WP, MPI_MIN, MPI_COMM_WORLD, ierr)
      |                             1
Warning: Rank mismatch between actual argument at (1) and actual argument at (2) (scalar and rank-1)
ModRepulsion.F90:341:23:

  341 |     call MPI_AllReduce(cntDx, cntDx_Glb, 1, MPI_INTEGER, MPI_SUM, MPI_COMM_WORLD, ierr)
      |                       1
......
  459 |           call MPI_AllReduce(distMin, distMin_Glb, 1, MPI_WP, MPI_MIN, MPI_COMM_WORLD, ierr)
      |                             2
Warning: Type mismatch between actual argument at (1) and actual argument at (2) (INTEGER(4)/REAL(8)).
mpif90 -fallow-argument-mismatch -freal-4-real-8  -O3  -I/storage/home/hcoda1/4/smanasreh6/RBC3D/common -I/storage/home/hcoda1/4/smanasreh6/RBC3D/packages/mkl/interfaces/lapack95/obj -I/storage/home/hcoda1/4/smanasreh6/RBC3D/packages/LAPACK95/lapack95_modules -I/storage/home/hcoda1/4/smanasreh6/RBC3D/packages/mypetsc/include -I/usr/local/pace-apps/spack/packages/linux-rhel7-x86_64/gcc-10.3.0/netcdf-fortran-4.5.4-yx5osuxluenmuvr3xnahmosfr3abeu2p/include -c ModIntOnRbcs.F90
mpif90 -fallow-argument-mismatch -freal-4-real-8  -O3  -I/storage/home/hcoda1/4/smanasreh6/RBC3D/common -I/storage/home/hcoda1/4/smanasreh6/RBC3D/packages/mkl/interfaces/lapack95/obj -I/storage/home/hcoda1/4/smanasreh6/RBC3D/packages/LAPACK95/lapack95_modules -I/storage/home/hcoda1/4/smanasreh6/RBC3D/packages/mypetsc/include -I/usr/local/pace-apps/spack/packages/linux-rhel7-x86_64/gcc-10.3.0/netcdf-fortran-4.5.4-yx5osuxluenmuvr3xnahmosfr3abeu2p/include -c ModPFFTW.F90
mpif90 -fallow-argument-mismatch -freal-4-real-8  -O3  -I/storage/home/hcoda1/4/smanasreh6/RBC3D/common -I/storage/home/hcoda1/4/smanasreh6/RBC3D/packages/mkl/interfaces/lapack95/obj -I/storage/home/hcoda1/4/smanasreh6/RBC3D/packages/LAPACK95/lapack95_modules -I/storage/home/hcoda1/4/smanasreh6/RBC3D/packages/mypetsc/include -I/usr/local/pace-apps/spack/packages/linux-rhel7-x86_64/gcc-10.3.0/netcdf-fortran-4.5.4-yx5osuxluenmuvr3xnahmosfr3abeu2p/include -c ModPME.F90
mpif90 -fallow-argument-mismatch -freal-4-real-8  -O3  -I/storage/home/hcoda1/4/smanasreh6/RBC3D/common -I/storage/home/hcoda1/4/smanasreh6/RBC3D/packages/mkl/interfaces/lapack95/obj -I/storage/home/hcoda1/4/smanasreh6/RBC3D/packages/LAPACK95/lapack95_modules -I/storage/home/hcoda1/4/smanasreh6/RBC3D/packages/mypetsc/include -I/usr/local/pace-apps/spack/packages/linux-rhel7-x86_64/gcc-10.3.0/netcdf-fortran-4.5.4-yx5osuxluenmuvr3xnahmosfr3abeu2p/include -c ModPostProcess.F90
mpif90 -fallow-argument-mismatch -freal-4-real-8  -O3  -I/storage/home/hcoda1/4/smanasreh6/RBC3D/common -I/storage/home/hcoda1/4/smanasreh6/RBC3D/packages/mkl/interfaces/lapack95/obj -I/storage/home/hcoda1/4/smanasreh6/RBC3D/packages/LAPACK95/lapack95_modules -I/storage/home/hcoda1/4/smanasreh6/RBC3D/packages/mypetsc/include -I/usr/local/pace-apps/spack/packages/linux-rhel7-x86_64/gcc-10.3.0/netcdf-fortran-4.5.4-yx5osuxluenmuvr3xnahmosfr3abeu2p/include -c ModSphpk.F90
mpif90 -fallow-argument-mismatch -freal-4-real-8  -O3  -I/storage/home/hcoda1/4/smanasreh6/RBC3D/common -I/storage/home/hcoda1/4/smanasreh6/RBC3D/packages/mkl/interfaces/lapack95/obj -I/storage/home/hcoda1/4/smanasreh6/RBC3D/packages/LAPACK95/lapack95_modules -I/storage/home/hcoda1/4/smanasreh6/RBC3D/packages/mypetsc/include -I/usr/local/pace-apps/spack/packages/linux-rhel7-x86_64/gcc-10.3.0/netcdf-fortran-4.5.4-yx5osuxluenmuvr3xnahmosfr3abeu2p/include -c ModWall.F90
mpif90 -fallow-argument-mismatch -freal-4-real-8  -O3  -I/storage/home/hcoda1/4/smanasreh6/RBC3D/common -I/storage/home/hcoda1/4/smanasreh6/RBC3D/packages/mkl/interfaces/lapack95/obj -I/storage/home/hcoda1/4/smanasreh6/RBC3D/packages/LAPACK95/lapack95_modules -I/storage/home/hcoda1/4/smanasreh6/RBC3D/packages/mypetsc/include -I/usr/local/pace-apps/spack/packages/linux-rhel7-x86_64/gcc-10.3.0/netcdf-fortran-4.5.4-yx5osuxluenmuvr3xnahmosfr3abeu2p/include -c ModPolyRoots.F90
mpif90 -fallow-argument-mismatch -freal-4-real-8  -O3  -I/storage/home/hcoda1/4/smanasreh6/RBC3D/common -I/storage/home/hcoda1/4/smanasreh6/RBC3D/packages/mkl/interfaces/lapack95/obj -I/storage/home/hcoda1/4/smanasreh6/RBC3D/packages/LAPACK95/lapack95_modules -I/storage/home/hcoda1/4/smanasreh6/RBC3D/packages/mypetsc/include -I/usr/local/pace-apps/spack/packages/linux-rhel7-x86_64/gcc-10.3.0/netcdf-fortran-4.5.4-yx5osuxluenmuvr3xnahmosfr3abeu2p/include -c ModRbc.F90
mpif90 -fallow-argument-mismatch -freal-4-real-8  -O3  -I/storage/home/hcoda1/4/smanasreh6/RBC3D/common -I/storage/home/hcoda1/4/smanasreh6/RBC3D/packages/mkl/interfaces/lapack95/obj -I/storage/home/hcoda1/4/smanasreh6/RBC3D/packages/LAPACK95/lapack95_modules -I/storage/home/hcoda1/4/smanasreh6/RBC3D/packages/mypetsc/include -I/usr/local/pace-apps/spack/packages/linux-rhel7-x86_64/gcc-10.3.0/netcdf-fortran-4.5.4-yx5osuxluenmuvr3xnahmosfr3abeu2p/include -c ModIO.F90
ModIO.F90:48:25:

   48 |     write(fn, FMT=fn_FMT), 'D/', 'pgrad', Nt0, '.dat'
      |                         1
Warning: Legacy Extension: Comma before i/o item list at (1)
ModIO.F90:53:25:

   53 |     write(fn, FMT=fn_FMT), 'D/', 'flow', Nt0, '.dat'
      |                         1
Warning: Legacy Extension: Comma before i/o item list at (1)
ModIO.F90:58:25:

   58 |     write(fn, FMT=fn_FMT), 'D/', 'ftot', Nt0, '.dat'
      |                         1
Warning: Legacy Extension: Comma before i/o item list at (1)
ModIO.F90:1045:19:

 1042 |     call MPI_Bcast(Lb, 3, MPI_WP, 0, MPI_Comm_World, ierr)
      |                   2
......
 1045 |     call MPI_Bcast(Nt0, 1, MPI_INTEGER, 0, MPI_Comm_World, ierr)
      |                   1
Warning: Type mismatch between actual argument at (1) and actual argument at (2) (INTEGER(4)/REAL(8)).
ModIO.F90:1046:19:

 1042 |     call MPI_Bcast(Lb, 3, MPI_WP, 0, MPI_Comm_World, ierr)
      |                   2
......
 1046 |     call MPI_Bcast(time0, 1, MPI_WP, 0, MPI_Comm_World, ierr)
      |                   1
Warning: Rank mismatch between actual argument at (1) and actual argument at (2) (rank-1 and scalar)
ModIO.F90:965:19:

  965 |     call MPI_Bcast(time0, 1, MPI_WP, 0, MPI_Comm_World, ierr)
      |                   1
......
 1042 |     call MPI_Bcast(Lb, 3, MPI_WP, 0, MPI_Comm_World, ierr)
      |                   2
Warning: Rank mismatch between actual argument at (1) and actual argument at (2) (rank-1 and scalar)
ModIO.F90:834:19:

  834 |     call MPI_Bcast(time0, 1, MPI_WP, 0, MPI_Comm_World, ierr)
      |                   1
......
 1042 |     call MPI_Bcast(Lb, 3, MPI_WP, 0, MPI_Comm_World, ierr)
      |                   2
Warning: Rank mismatch between actual argument at (1) and actual argument at (2) (rank-1 and scalar)
ModIO.F90:864:21:

  864 |       call MPI_Bcast(starting_area, 1, MPI_WP, 0, MPI_Comm_World, ierr)
      |                     1
......
 1042 |     call MPI_Bcast(Lb, 3, MPI_WP, 0, MPI_Comm_World, ierr)
      |                   2  
Warning: Rank mismatch between actual argument at (1) and actual argument at (2) (rank-1 and scalar)
mpif90 -fallow-argument-mismatch -freal-4-real-8  -O3  -I/storage/home/hcoda1/4/smanasreh6/RBC3D/common -I/storage/home/hcoda1/4/smanasreh6/RBC3D/packages/mkl/interfaces/lapack95/obj -I/storage/home/hcoda1/4/smanasreh6/RBC3D/packages/LAPACK95/lapack95_modules -I/storage/home/hcoda1/4/smanasreh6/RBC3D/packages/mypetsc/include -I/usr/local/pace-apps/spack/packages/linux-rhel7-x86_64/gcc-10.3.0/netcdf-fortran-4.5.4-yx5osuxluenmuvr3xnahmosfr3abeu2p/include -c ModVelSolver.F90
mpif90 -fallow-argument-mismatch -freal-4-real-8  -O3  -I/storage/home/hcoda1/4/smanasreh6/RBC3D/common -I/storage/home/hcoda1/4/smanasreh6/RBC3D/packages/mkl/interfaces/lapack95/obj -I/storage/home/hcoda1/4/smanasreh6/RBC3D/packages/LAPACK95/lapack95_modules -I/storage/home/hcoda1/4/smanasreh6/RBC3D/packages/mypetsc/include -I/usr/local/pace-apps/spack/packages/linux-rhel7-x86_64/gcc-10.3.0/netcdf-fortran-4.5.4-yx5osuxluenmuvr3xnahmosfr3abeu2p/include -c ModNoSlip.F90
mpif90 -fallow-argument-mismatch -freal-4-real-8  -O3  -I/storage/home/hcoda1/4/smanasreh6/RBC3D/common -I/storage/home/hcoda1/4/smanasreh6/RBC3D/packages/mkl/interfaces/lapack95/obj -I/storage/home/hcoda1/4/smanasreh6/RBC3D/packages/LAPACK95/lapack95_modules -I/storage/home/hcoda1/4/smanasreh6/RBC3D/packages/mypetsc/include -I/usr/local/pace-apps/spack/packages/linux-rhel7-x86_64/gcc-10.3.0/netcdf-fortran-4.5.4-yx5osuxluenmuvr3xnahmosfr3abeu2p/include -c ModTimeInt.F90
ar ru libcommon.a ModFFT.o ModConf.o ModRbcSingInt.o ModRepulsion.o ModTargetList.o ModBasicMath.o ModIntOnRbcs.o ModPolarPatch.o ModIO.o ModVelSolver.o ModDataTypes.o ModIntOnWalls.o ModRbc.o ModNoSlip.o ModDataStruct.o ModEwaldFunc.o ModSphpk.o ModPolyRoots.o ModPME.o ModPostProcess.o ModHashTable.o ModData.o ModSourceList.o ModTimeInt.o ModSpline.o ModQuadRule.o ModWall.o ModPFFTW.o
ar: creating libcommon.a
ranlib libcommon.a
/storage/home/hcoda1/4/smanasreh6/RBC3D/packages/makedepf90/makedepf90 tube.F90 initcond.F90 field.F90 > .depend
rm -f tube initcond field *.o *.mod *.a core
make: `.depend' is up to date.
mpif90 -fallow-argument-mismatch -freal-4-real-8  -O3  -I/storage/home/hcoda1/4/smanasreh6/RBC3D/common -I/storage/home/hcoda1/4/smanasreh6/RBC3D/packages/mkl/interfaces/lapack95/obj -I/storage/home/hcoda1/4/smanasreh6/RBC3D/packages/LAPACK95/lapack95_modules -I/storage/home/hcoda1/4/smanasreh6/RBC3D/packages/mypetsc/include -I/usr/local/pace-apps/spack/packages/linux-rhel7-x86_64/gcc-10.3.0/netcdf-fortran-4.5.4-yx5osuxluenmuvr3xnahmosfr3abeu2p/include -c tube.F90
make lib
make[1]: Entering directory `/storage/home/hcoda1/4/smanasreh6/RBC3D/examples/case_wbcsog'
make -C /storage/home/hcoda1/4/smanasreh6/RBC3D/common
make[2]: Entering directory `/storage/home/hcoda1/4/smanasreh6/RBC3D/common'
make[2]: Nothing to be done for `all'.
make[2]: Leaving directory `/storage/home/hcoda1/4/smanasreh6/RBC3D/common'
make[1]: Leaving directory `/storage/home/hcoda1/4/smanasreh6/RBC3D/examples/case_wbcsog'
mpif90 -fallow-argument-mismatch -freal-4-real-8  -O3  -Wl,--copy-dt-needed-entries -o tube tube.o /storage/home/hcoda1/4/smanasreh6/RBC3D/common/libcommon.a -L/storage/home/hcoda1/4/smanasreh6/RBC3D/packages/spherepack3.2/lib -lspherepack -L/usr/local/pace-apps/spack/packages/linux-rhel7-x86_64/gcc-10.3.0/fftw-3.3.10-dgx5szpp2x4fznqfuaoucmwieqxbgpg6/lib -lfftw3 -L/storage/home/hcoda1/4/smanasreh6/RBC3D/packages/LAPACK95 -llapack95 -L/storage/home/hcoda1/4/smanasreh6/RBC3D/packages/mypetsc/lib -lpetscksp -lpetscdm -lpetscmat -lpetscvec -lpetsc  -L/usr/local/pace-apps/spack/packages/linux-rhel7-x86_64/gcc-10.3.0/netcdf-fortran-4.5.4-yx5osuxluenmuvr3xnahmosfr3abeu2p/lib -lnetcdff -L/storage/home/hcoda1/4/smanasreh6/RBC3D/packages/mkl/lib/em64t -Wl,-rpath,/storage/home/hcoda1/4/smanasreh6/RBC3D/packages/mkl/lib/em64t -lmkl_lapack -lmkl -lguide -lpthread 
mpif90 -fallow-argument-mismatch -freal-4-real-8  -O3  -I/storage/home/hcoda1/4/smanasreh6/RBC3D/common -I/storage/home/hcoda1/4/smanasreh6/RBC3D/packages/mkl/interfaces/lapack95/obj -I/storage/home/hcoda1/4/smanasreh6/RBC3D/packages/LAPACK95/lapack95_modules -I/storage/home/hcoda1/4/smanasreh6/RBC3D/packages/mypetsc/include -I/usr/local/pace-apps/spack/packages/linux-rhel7-x86_64/gcc-10.3.0/netcdf-fortran-4.5.4-yx5osuxluenmuvr3xnahmosfr3abeu2p/include -c initcond.F90
make lib
make[1]: Entering directory `/storage/home/hcoda1/4/smanasreh6/RBC3D/examples/case_wbcsog'
make -C /storage/home/hcoda1/4/smanasreh6/RBC3D/common
make[2]: Entering directory `/storage/home/hcoda1/4/smanasreh6/RBC3D/common'
make[2]: Nothing to be done for `all'.
make[2]: Leaving directory `/storage/home/hcoda1/4/smanasreh6/RBC3D/common'
make[1]: Leaving directory `/storage/home/hcoda1/4/smanasreh6/RBC3D/examples/case_wbcsog'
mpif90 -fallow-argument-mismatch -freal-4-real-8  -O3  -Wl,--copy-dt-needed-entries -o initcond initcond.o /storage/home/hcoda1/4/smanasreh6/RBC3D/common/libcommon.a -L/storage/home/hcoda1/4/smanasreh6/RBC3D/packages/spherepack3.2/lib -lspherepack -L/usr/local/pace-apps/spack/packages/linux-rhel7-x86_64/gcc-10.3.0/fftw-3.3.10-dgx5szpp2x4fznqfuaoucmwieqxbgpg6/lib -lfftw3 -L/storage/home/hcoda1/4/smanasreh6/RBC3D/packages/LAPACK95 -llapack95 -L/storage/home/hcoda1/4/smanasreh6/RBC3D/packages/mypetsc/lib -lpetscksp -lpetscdm -lpetscmat -lpetscvec -lpetsc  -L/usr/local/pace-apps/spack/packages/linux-rhel7-x86_64/gcc-10.3.0/netcdf-fortran-4.5.4-yx5osuxluenmuvr3xnahmosfr3abeu2p/lib -lnetcdff -L/storage/home/hcoda1/4/smanasreh6/RBC3D/packages/mkl/lib/em64t -Wl,-rpath,/storage/home/hcoda1/4/smanasreh6/RBC3D/packages/mkl/lib/em64t -lmkl_lapack -lmkl -lguide -lpthread 
mpif90 -fallow-argument-mismatch -freal-4-real-8  -O3  -I/storage/home/hcoda1/4/smanasreh6/RBC3D/common -I/storage/home/hcoda1/4/smanasreh6/RBC3D/packages/mkl/interfaces/lapack95/obj -I/storage/home/hcoda1/4/smanasreh6/RBC3D/packages/LAPACK95/lapack95_modules -I/storage/home/hcoda1/4/smanasreh6/RBC3D/packages/mypetsc/include -I/usr/local/pace-apps/spack/packages/linux-rhel7-x86_64/gcc-10.3.0/netcdf-fortran-4.5.4-yx5osuxluenmuvr3xnahmosfr3abeu2p/include -c field.F90
make lib
make[1]: Entering directory `/storage/home/hcoda1/4/smanasreh6/RBC3D/examples/case_wbcsog'
make -C /storage/home/hcoda1/4/smanasreh6/RBC3D/common
make[2]: Entering directory `/storage/home/hcoda1/4/smanasreh6/RBC3D/common'
make[2]: Nothing to be done for `all'.
make[2]: Leaving directory `/storage/home/hcoda1/4/smanasreh6/RBC3D/common'
make[1]: Leaving directory `/storage/home/hcoda1/4/smanasreh6/RBC3D/examples/case_wbcsog'
mpif90 -fallow-argument-mismatch -freal-4-real-8  -O3  -Wl,--copy-dt-needed-entries -o field field.o /storage/home/hcoda1/4/smanasreh6/RBC3D/common/libcommon.a -L/storage/home/hcoda1/4/smanasreh6/RBC3D/packages/spherepack3.2/lib -lspherepack -L/usr/local/pace-apps/spack/packages/linux-rhel7-x86_64/gcc-10.3.0/fftw-3.3.10-dgx5szpp2x4fznqfuaoucmwieqxbgpg6/lib -lfftw3 -L/storage/home/hcoda1/4/smanasreh6/RBC3D/packages/LAPACK95 -llapack95 -L/storage/home/hcoda1/4/smanasreh6/RBC3D/packages/mypetsc/lib -lpetscksp -lpetscdm -lpetscmat -lpetscvec -lpetsc  -L/usr/local/pace-apps/spack/packages/linux-rhel7-x86_64/gcc-10.3.0/netcdf-fortran-4.5.4-yx5osuxluenmuvr3xnahmosfr3abeu2p/lib -lnetcdff -L/storage/home/hcoda1/4/smanasreh6/RBC3D/packages/mkl/lib/em64t -Wl,-rpath,/storage/home/hcoda1/4/smanasreh6/RBC3D/packages/mkl/lib/em64t -lmkl_lapack -lmkl -lguide -lpthread 
 Node            0  of            4  running on atl1-1-02-018-17-1.pace.gatech.edu
 Node            1  of            4  running on atl1-1-02-018-19-1.pace.gatech.edu
 Node            2  of            4  running on atl1-1-02-018-19-2.pace.gatech.edu
           1   2.0000000000000000        0.0000000000000000        1.0000000000000000     
           2   2.0000000000000000        0.0000000000000000        1.0000000000000000     
           3   2.0000000000000000        0.0000000000000000        1.0000000000000000     
 1
           1   2.0000000000000000        0.0000000000000000        1.0000000000000000     
           2   2.0000000000000000        0.0000000000000000        1.0000000000000000     
           3   2.0000000000000000        0.0000000000000000        1.0000000000000000     
 1
           1   2.0000000000000000        0.0000000000000000        1.0000000000000000     
           2   2.0000000000000000        0.0000000000000000        1.0000000000000000     
           3   2.0000000000000000        0.0000000000000000        1.0000000000000000     
 1
 Node            3  of            4  running on atl1-1-02-018-20-1.pace.gatech.edu
 Number of nodes for physical Ewald sum =            4
 Number of nodes for Fourier Ewald sum =            4

 alpha_Ewd =   0.44000000000000000     
 eps_Ewd =    1.0000000000000000E-003
 PBspln_Ewd =            8
 nCellTypes =            3
 viscRat =    1.0000000000000000        1.0000000000000000        1.0000000000000000     
 refRad =    1.0000000000000000        1.0000000000000000        1.0000000000000000     
 Deflate =  F
 pGradTar =    0.0000000000000000     
 pGradTar =    0.0000000000000000     
 pGradTar =    0.0000000000000000     
 Nt =        10000
 Ts =    8.0000000000000004E-004
 cell_out =           50
 wall_out =       -10000
 pgrad_out =          -10
 flow_out =          -10
 flow_out =           -1
 restart_out =          100
 restart file = D/restart.LATEST.dat
 epsDist =    1.0000000000000000E-010
 ForceCoef =    10.000000000000000     
 viscRatThresh =    10.000000000000000     
 rigidsep =  F
 fmags =    0.0000000000000000        0.0000000000000000        0.0000000000000000        0.0000000000000000     

           1   2.0000000000000000        0.0000000000000000        1.0000000000000000     
           2   2.0000000000000000        0.0000000000000000        1.0000000000000000     
           3   2.0000000000000000        0.0000000000000000        1.0000000000000000     
 Read restart file D/restart.LATEST.dat
 error 0
At line 810 of file ModIO.F90 (unit = 25)
Fortran runtime error: Cannot open file 'D/restart.LATEST.dat': No such file or directory

Error termination. Backtrace:
#0  0x2aaaad589e3c in already_open
	at /usr/local/pace-apps/spack/root/releases/v0.18/stage/fliu67/spack-stage-gcc-10.3.0-o57x6h2gubo7bzh7evmy4mvibdqrlghr/spack-src/libgfortran/io/open.c:720
#1  0x41047d in ???
#2  0x40a4f7 in ???
#3  0x40a2a9 in ???
#4  0x2aaaadf72554 in ???
#5  0x40a425 in ???
#6  0xffffffffffffffff in ???
srun: error: atl1-1-02-018-17-1: task 0: Exited with exit code 2
srun: Job step aborted: Waiting up to 32 seconds for job step to finish.
[2]PETSC ERROR: ------------------------------------------------------------------------
[3]PETSC ERROR: ------------------------------------------------------------------------
[2]PETSC ERROR: Caught signal number 15 Terminate: Somet process (or the batch system) has told this process to end
[2]PETSC ERROR: Try option -start_in_debugger or -on_error_attach_debugger
[2]PETSC ERROR: or see http://www.mcs.anl.gov/petsc/petsc-as/documentation/troubleshooting.html#Signal[2]PETSC ERROR: or try http://valgrind.org on linux or man libgmalloc on Apple to find memory corruption errors
[2]PETSC ERROR: configure using --with-debugging=yes, recompile, link, and run 
[2]PETSC ERROR: to get more information on the crash.
[2]PETSC ERROR: --------------------- Error Message ------------------------------------
[2]PETSC ERROR: Signal received!
[2]PETSC ERROR: ------------------------------------------------------------------------
[2]PETSC ERROR: Petsc Release Version 3.0.0, Patch 3, Fri Jan 30 17:55:56 CST 2009
[2]PETSC ERROR: See docs/changes/index.html for recent updates.
[2]PETSC ERROR: See docs/faq.html for hints about trouble shooting.
[2]PETSC ERROR: See docs/index.html for manual pages.
[2]PETSC ERROR: ------------------------------------------------------------------------
[2]PETSC ERROR: /storage/home/hcoda1/4/smanasreh6/RBC3D/examples/case_wbcsog/./tube on a linux-gnu named atl1-1-02-018-19-2.pace.gatech.edu by smanasreh6 Sun Jan 28 12:31:06 2024
[2]PETSC ERROR: Libraries linked from /storage/home/hcoda1/4/smanasreh6/RBC3D/packages/mypetsc/lib
[2]PETSC ERROR: Configure run at Mon Oct  9 17:19:44 2023
[2]PETSC ERROR: Configure options --with-cc=mpicc --with-fc=mpif90 --with-debugging=0 COPTFLAGS="-O3 -march=native -mtune=native" CXXOPTFLAGS="-O3 -march=native -mtune=native" FOPTFLAGS="-O3 -march=native -mtune=native" --with-blas-lib=/storage/home/hcoda1/4/smanasreh6/RBC3D/packages/BLAS-3.11.0/blas_LINUX.a --with-lapack-lib=/storage/home/hcoda1/4/smanasreh6/RBC3D/packages/lapack-3.11/liblapack.a --with-valgrind-dir=/usr/local/pace-apps/manual/packages/valgrind/3.19.0/gcc-4.8.5 --prefix=/storage/home/hcoda1/4/smanasreh6/RBC3D/packages/mypetsc --with-shared=0 --with-mpiexec=srun --with-x11=0 --with-x=0 --with-windows-graphics=0
[2]PETSC ERROR: ------------------------------------------------------------------------
[2]PETSC ERROR: User provided function() line 0 in unknown directory unknown file
[1]PETSC ERROR: ------------------------------------------------------------------------
[3]PETSC ERROR: Caught signal number 15 Terminate: Somet process (or the batch system) has told this process to end
[3]PETSC ERROR: Try option -start_in_debugger or -on_error_attach_debugger
[3]PETSC ERROR: or see http://www.mcs.anl.gov/petsc/petsc-as/documentation/troubleshooting.html#Signal[3]PETSC ERROR: or try http://valgrind.org on linux or man libgmalloc on Apple to find memory corruption errors
[3]PETSC ERROR: configure using --with-debugging=yes, recompile, link, and run 
[3]PETSC ERROR: to get more information on the crash.
[3]PETSC ERROR: --------------------- Error Message ------------------------------------
[3]PETSC ERROR: Signal received!
[3]PETSC ERROR: ------------------------------------------------------------------------
[3]PETSC ERROR: Petsc Release Version 3.0.0, Patch 3, Fri Jan 30 17:55:56 CST 2009
[1]PETSC ERROR: Caught signal number 15 Terminate: Somet process (or the batch system) has told this process to end
[1]PETSC ERROR: Try option -start_in_debugger or -on_error_attach_debugger
[1]PETSC ERROR: or see http://www.mcs.anl.gov/petsc/petsc-as/documentation/troubleshooting.html#Signal[1]PETSC ERROR: or try http://valgrind.org on linux or man libgmalloc on Apple to find memory corruption errors
[1]PETSC ERROR: configure using --with-debugging=yes, recompile, link, and run 
[1]PETSC ERROR: to get more information on the crash.
[1]PETSC ERROR: --------------------- Error Message ------------------------------------
[1]PETSC ERROR: Signal received!
[3]PETSC ERROR: See docs/changes/index.html for recent updates.
[3]PETSC ERROR: See docs/faq.html for hints about trouble shooting.
[3]PETSC ERROR: See docs/index.html for manual pages.
[3]PETSC ERROR: ------------------------------------------------------------------------
[3]PETSC ERROR: /storage/home/hcoda1/4/smanasreh6/RBC3D/examples/case_wbcsog/./tube on a linux-gnu named atl1-1-02-018-20-1.pace.gatech.edu by smanasreh6 Sun Jan 28 12:31:06 2024
[3]PETSC ERROR: Libraries linked from /storage/home/hcoda1/4/smanasreh6/RBC3D/packages/mypetsc/lib
[3]PETSC ERROR: Configure run at Mon Oct  9 17:19:44 2023
[3]PETSC ERROR: Configure options --with-cc=mpicc --with-fc=mpif90 --with-debugging=0 COPTFLAGS="-O3 -march=native -mtune=native" CXXOPTFLAGS="-O3 -march=native -mtune=native" FOPTFLAGS="-O3 -march=native -mtune=native" --with-blas-lib=/storage/home/hcoda1/4/smanasreh6/RBC3D/packages/BLAS-3.11.0/blas_LINUX.a --with-lapack-lib=/storage/home/hcoda1/4/smanasreh6/RBC3D/packages/lapack-3.11/liblapack.a --with-valgrind-dir=/usr/local/pace-apps/manual/packages/valgrind/3.19.0/gcc-4.8.5 --prefix=/storage/home/hcoda1/4/smanasreh6/RBC3D/packages/mypetsc --with-shared=0 --with-mpiexec=srun --with-x11=0 --with-x=0 --with-windows-graphics=0
[3]PETSC ERROR: ------------------------------------------------------------------------
[3]PETSC ERROR: User provided function() line 0 in unknown directory unknown file
[1]PETSC ERROR: ------------------------------------------------------------------------
[1]PETSC ERROR: Petsc Release Version 3.0.0, Patch 3, Fri Jan 30 17:55:56 CST 2009
[1]PETSC ERROR: See docs/changes/index.html for recent updates.
[1]PETSC ERROR: See docs/faq.html for hints about trouble shooting.
[1]PETSC ERROR: See docs/index.html for manual pages.
[1]PETSC ERROR: ------------------------------------------------------------------------
[1]PETSC ERROR: /storage/home/hcoda1/4/smanasreh6/RBC3D/examples/case_wbcsog/./tube on a linux-gnu named atl1-1-02-018-19-1.pace.gatech.edu by smanasreh6 Sun Jan 28 12:31:06 2024
[1]PETSC ERROR: Libraries linked from /storage/home/hcoda1/4/smanasreh6/RBC3D/packages/mypetsc/lib
[1]PETSC ERROR: Configure run at Mon Oct  9 17:19:44 2023
[1]PETSC ERROR: Configure options --with-cc=mpicc --with-fc=mpif90 --with-debugging=0 COPTFLAGS="-O3 -march=native -mtune=native" CXXOPTFLAGS="-O3 -march=native -mtune=native" FOPTFLAGS="-O3 -march=native -mtune=native" --with-blas-lib=/storage/home/hcoda1/4/smanasreh6/RBC3D/packages/BLAS-3.11.0/blas_LINUX.a --with-lapack-lib=/storage/home/hcoda1/4/smanasreh6/RBC3D/packages/lapack-3.11/liblapack.a --with-valgrind-dir=/usr/local/pace-apps/manual/packages/valgrind/3.19.0/gcc-4.8.5 --prefix=/storage/home/hcoda1/4/smanasreh6/RBC3D/packages/mypetsc --with-shared=0 --with-mpiexec=srun --with-x11=0 --with-x=0 --with-windows-graphics=0
[1]PETSC ERROR: ------------------------------------------------------------------------
[1]PETSC ERROR: User provided function() line 0 in unknown directory unknown file
slurmstepd: error: *** JOB 4669848 ON atl1-1-02-018-17-1 CANCELLED AT 2024-01-28T13:10:19 ***
[atl1-1-02-018-19-2.pace.gatech.edu:mpi_rank_2][MPIDI_CH3_Abort] application called MPI_Abort(MPI_COMM_WORLD, 59) - process 2: Success (0)
[atl1-1-02-018-20-1.pace.gatech.edu:mpi_rank_3][MPIDI_CH3_Abort] application called MPI_Abort(MPI_COMM_WORLD, 59) - process 3: Success (0)
[atl1-1-02-018-19-1.pace.gatech.edu:mpi_rank_1][MPIDI_CH3_Abort] application called MPI_Abort(MPI_COMM_WORLD, 59) - process 1: Success (0)
---------------------------------------
Begin Slurm Epilog: Jan-28-2024 13:10:21
Job ID:        4669848
Array Job ID:  _4294967294
User ID:       smanasreh6
Account:       gts-sbryngelson3
Job name:      run2.sh
Resources:     cpu=96,mem=192G,node=4
Rsrc Used:     cput=2-15:28:00,vmem=54332K,walltime=00:39:40,mem=6288K,energy_used=0
Partition:     cpu-small
QOS:           embers
Nodes:         atl1-1-02-018-17-1,atl1-1-02-018-19-[1-2],atl1-1-02-018-20-1
---------------------------------------
